[11:47:42,212][WARNING][main][G] Consistent ID is not set, it is recommended to set consistent ID for production clusters (use IgniteConfiguration.setConsistentId property)
[11:47:42,357][INFO][main][IgniteKernal%ignite-2] 

>>>    __________  ________________  
>>>   /  _/ ___/ |/ /  _/_  __/ __/  
>>>  _/ // (7 7    // /  / / / _/    
>>> /___/\___/_/|_/___/ /_/ /___/   
>>> 
>>> ver. 2.8.1#20200521-sha1:86422096
>>> 2020 Copyright(C) Apache Software Foundation
>>> 
>>> Ignite documentation: http://ignite.apache.org

[11:47:42,368][INFO][main][IgniteKernal%ignite-2] Config URL: file:/D:/work/workspace/demo/demo-ignite/src/main/resources/example-ignite2.xml
[11:47:42,383][INFO][main][IgniteKernal%ignite-2] IgniteConfiguration [igniteInstanceName=ignite-2, pubPoolSize=8, svcPoolSize=8, callbackPoolSize=8, stripedPoolSize=8, sysPoolSize=8, mgmtPoolSize=4, igfsPoolSize=8, dataStreamerPoolSize=8, utilityCachePoolSize=8, utilityCacheKeepAliveTime=60000, p2pPoolSize=2, qryPoolSize=8, sqlQryHistSize=1000, dfltQryTimeout=0, igniteHome=D:\软件\apache-ignite-2.8.1-bin, igniteWorkDir=D:\work\workspace\demo\demo-ignite\ignite, mbeanSrv=com.sun.jmx.mbeanserver.JmxMBeanServer@3d8314f0, nodeId=29464083-413d-4332-97e2-c9aa16c31e6e, marsh=BinaryMarshaller [], marshLocJobs=false, daemon=false, p2pEnabled=true, netTimeout=5000, netCompressionLevel=1, sndRetryDelay=1000, sndRetryCnt=3, metricsHistSize=10000, metricsUpdateFreq=2000, metricsExpTime=9223372036854775807, discoSpi=TcpDiscoverySpi [addrRslvr=null, sockTimeout=0, ackTimeout=0, marsh=null, reconCnt=10, reconDelay=2000, maxAckTimeout=600000, soLinger=5, forceSrvMode=false, clientReconnectDisabled=false, internalLsnr=null, skipAddrsRandomization=false], segPlc=STOP, segResolveAttempts=2, waitForSegOnStart=true, allResolversPassReq=true, segChkFreq=10000, commSpi=TcpCommunicationSpi [connectGate=null, connPlc=org.apache.ignite.spi.communication.tcp.TcpCommunicationSpi$FirstConnectionPolicy@7817fd62, chConnPlc=null, enableForcibleNodeKill=false, enableTroubleshootingLog=false, locAddr=null, locHost=null, locPort=47100, locPortRange=100, shmemPort=-1, directBuf=true, directSndBuf=false, idleConnTimeout=600000, connTimeout=5000, maxConnTimeout=600000, reconCnt=10, sockSndBuf=32768, sockRcvBuf=32768, msgQueueLimit=0, slowClientQueueLimit=0, nioSrvr=null, shmemSrv=null, usePairedConnections=false, connectionsPerNode=1, tcpNoDelay=true, filterReachableAddresses=false, ackSndThreshold=32, unackedMsgsBufSize=0, sockWriteTimeout=2000, boundTcpPort=-1, boundTcpShmemPort=-1, selectorsCnt=4, selectorSpins=0, addrRslvr=null, ctxInitLatch=java.util.concurrent.CountDownLatch@8297b3a[Count = 1], stopping=false, metricsLsnr=null], evtSpi=org.apache.ignite.spi.eventstorage.NoopEventStorageSpi@2362f559, colSpi=NoopCollisionSpi [], deploySpi=LocalDeploymentSpi [], indexingSpi=org.apache.ignite.spi.indexing.noop.NoopIndexingSpi@d35dea7, addrRslvr=null, encryptionSpi=org.apache.ignite.spi.encryption.noop.NoopEncryptionSpi@7770f470, clientMode=false, rebalanceThreadPoolSize=4, rebalanceTimeout=10000, rebalanceBatchesPrefetchCnt=3, rebalanceThrottle=0, rebalanceBatchSize=524288, txCfg=TransactionConfiguration [txSerEnabled=false, dfltIsolation=REPEATABLE_READ, dfltConcurrency=PESSIMISTIC, dfltTxTimeout=0, txTimeoutOnPartitionMapExchange=0, deadlockTimeout=10000, pessimisticTxLogSize=0, pessimisticTxLogLinger=10000, tmLookupClsName=null, txManagerFactory=null, useJtaSync=false], cacheSanityCheckEnabled=true, discoStartupDelay=60000, deployMode=SHARED, p2pMissedCacheSize=100, locHost=null, timeSrvPortBase=31100, timeSrvPortRange=100, failureDetectionTimeout=10000, sysWorkerBlockedTimeout=null, clientFailureDetectionTimeout=30000, metricsLogFreq=60000, hadoopCfg=null, connectorCfg=ConnectorConfiguration [jettyPath=null, host=null, port=11211, noDelay=true, directBuf=false, sndBufSize=32768, rcvBufSize=32768, idleQryCurTimeout=600000, idleQryCurCheckFreq=60000, sndQueueLimit=0, selectorCnt=4, idleTimeout=7000, sslEnabled=false, sslClientAuth=false, sslCtxFactory=null, sslFactory=null, portRange=100, threadPoolSize=8, msgInterceptor=null], odbcCfg=null, warmupClos=null, atomicCfg=AtomicConfiguration [seqReserveSize=1000, cacheMode=PARTITIONED, backups=1, aff=null, grpName=null], classLdr=null, sslCtxFactory=null, platformCfg=null, binaryCfg=null, memCfg=null, pstCfg=null, dsCfg=DataStorageConfiguration [sysRegionInitSize=41943040, sysRegionMaxSize=104857600, pageSize=0, concLvl=0, dfltDataRegConf=DataRegionConfiguration [name=default, maxSize=1685635891, initSize=268435456, swapPath=null, pageEvictionMode=DISABLED, evictionThreshold=0.9, emptyPagesPoolSize=100, metricsEnabled=false, metricsSubIntervalCount=5, metricsRateTimeInterval=60000, persistenceEnabled=true, checkpointPageBufSize=0, lazyMemoryAllocation=true], dataRegions=null, storagePath=null, checkpointFreq=180000, lockWaitTime=10000, checkpointThreads=4, checkpointWriteOrder=SEQUENTIAL, walHistSize=20, maxWalArchiveSize=1073741824, walSegments=10, walSegmentSize=67108864, walPath=db/wal, walArchivePath=db/wal/archive, metricsEnabled=false, walMode=LOG_ONLY, walTlbSize=131072, walBuffSize=0, walFlushFreq=2000, walFsyncDelay=1000, walRecordIterBuffSize=67108864, alwaysWriteFullPages=false, fileIOFactory=org.apache.ignite.internal.processors.cache.persistence.file.AsyncFileIOFactory@22fcf7ab, metricsSubIntervalCnt=5, metricsRateTimeInterval=60000, walAutoArchiveAfterInactivity=-1, writeThrottlingEnabled=false, walCompactionEnabled=false, walCompactionLevel=1, checkpointReadLockTimeout=null, walPageCompression=DISABLED, walPageCompressionLevel=null], activeOnStart=true, autoActivation=true, longQryWarnTimeout=3000, sqlConnCfg=null, cliConnCfg=ClientConnectorConfiguration [host=null, port=10800, portRange=100, sockSndBufSize=0, sockRcvBufSize=0, tcpNoDelay=true, maxOpenCursorsPerConn=128, threadPoolSize=8, idleTimeout=0, handshakeTimeout=10000, jdbcEnabled=true, odbcEnabled=true, thinCliEnabled=true, sslEnabled=false, useIgniteSslCtxFactory=true, sslClientAuth=false, sslCtxFactory=null, thinCliCfg=ThinClientConfiguration [maxActiveTxPerConn=100]], mvccVacuumThreadCnt=2, mvccVacuumFreq=5000, authEnabled=false, failureHnd=null, commFailureRslvr=null]
[11:47:42,384][INFO][main][IgniteKernal%ignite-2] Daemon mode: off
[11:47:42,384][INFO][main][IgniteKernal%ignite-2] OS: Windows 10 10.0 amd64
[11:47:42,384][INFO][main][IgniteKernal%ignite-2] OS user: 86156
[11:47:42,394][INFO][main][IgniteKernal%ignite-2] PID: 12324
[11:47:42,394][INFO][main][IgniteKernal%ignite-2] Language runtime: Java Platform API Specification ver. 1.8
[11:47:42,394][INFO][main][IgniteKernal%ignite-2] VM information: Java(TM) SE Runtime Environment 1.8.0_251-b08 Oracle Corporation Java HotSpot(TM) 64-Bit Server VM 25.251-b08
[11:47:42,396][INFO][main][IgniteKernal%ignite-2] VM total memory: 1.7GB
[11:47:42,396][INFO][main][IgniteKernal%ignite-2] Remote Management [restart: off, REST: on, JMX (remote: off)]
[11:47:42,396][INFO][main][IgniteKernal%ignite-2] Logger: JavaLogger [quiet=true, config=null]
[11:47:42,397][INFO][main][IgniteKernal%ignite-2] IGNITE_HOME=D:\软件\apache-ignite-2.8.1-bin
[11:47:42,397][INFO][main][IgniteKernal%ignite-2] VM arguments: [-javaagent:C:\Program Files\JetBrains\IntelliJ IDEA 2020.1\lib\idea_rt.jar=65140:C:\Program Files\JetBrains\IntelliJ IDEA 2020.1\bin, -Dfile.encoding=UTF-8]
[11:47:42,397][INFO][main][IgniteKernal%ignite-2] System cache's DataRegion size is configured to 40 MB. Use DataStorageConfiguration.systemRegionInitialSize property to change the setting.
[11:47:42,397][INFO][main][IgniteKernal%ignite-2] Configured caches [in 'sysMemPlc' dataRegion: ['ignite-sys-cache']]
[11:47:42,397][WARNING][main][IgniteKernal%ignite-2] Peer class loading is enabled (disable it in production for performance and deployment consistency reasons)
[11:47:42,398][WARNING][main][IgniteKernal%ignite-2] Please set system property '-Djava.net.preferIPv4Stack=true' to avoid possible problems in mixed environments.
[11:47:42,401][WARNING][pub-#19%ignite-2%][GridDiagnostic] This operating system has been tested less rigorously: Windows 10 10.0 amd64. Our team will appreciate the feedback if you experience any problems running ignite in this environment.
[11:47:42,402][INFO][main][IgniteKernal%ignite-2] 3-rd party licenses can be found at: D:\软件\apache-ignite-2.8.1-bin\libs\licenses
[11:47:42,405][WARNING][pub-#22%ignite-2%][GridDiagnostic] Initial heap size is 126MB (should be no less than 512MB, use -Xms512m -Xmx512m).
[11:47:42,521][INFO][main][IgnitePluginProcessor] Configured plugins:
[11:47:42,521][INFO][main][IgnitePluginProcessor]   ^-- None
[11:47:42,521][INFO][main][IgnitePluginProcessor] 
[11:47:42,527][INFO][main][FailureProcessor] Configured failure handler: [hnd=StopNodeOrHaltFailureHandler [tryStop=false, timeout=0, super=AbstractFailureHandler [ignoredFailureTypes=UnmodifiableSet [SYSTEM_WORKER_BLOCKED, SYSTEM_CRITICAL_OPERATION_TIMEOUT]]]]
[11:47:42,924][INFO][main][TcpCommunicationSpi] Successfully bound communication NIO server to TCP port [port=47101, locHost=0.0.0.0/0.0.0.0, selectorsCnt=4, selectorSpins=0, pairedConn=false]
[11:47:43,203][WARNING][main][TcpCommunicationSpi] Message queue limit is set to 0 which may lead to potential OOMEs when running cache operations in FULL_ASYNC or PRIMARY_SYNC modes due to message queues growth on sender and receiver sides.
[11:47:43,212][WARNING][main][NoopCheckpointSpi] Checkpoints are disabled (to enable configure any GridCheckpointSpi implementation)
[11:47:43,235][WARNING][main][GridCollisionManager] Collision resolution is disabled (all jobs will be activated upon arrival).
[11:47:43,240][INFO][main][IgniteKernal%ignite-2] Security status [authentication=off, tls/ssl=off]
[11:47:43,281][INFO][main][TcpDiscoverySpi] Successfully bound to TCP port [port=47501, localHost=0.0.0.0/0.0.0.0, locNodeId=29464083-413d-4332-97e2-c9aa16c31e6e]
[11:47:44,289][INFO][main][PdsFoldersResolver] Unable to acquire lock to file [D:\work\workspace\demo\demo-ignite\ignite\db\node00-6830b59d-be53-4670-b9b0-ad9c6eaec370], reason: Failed to acquire file lock [holder=[fb9483bd-6e5f-495d-ba17-2f027e4cfc0b][], time=1 sec, path=D:\work\workspace\demo\demo-ignite\ignite\db\node00-6830b59d-be53-4670-b9b0-ad9c6eaec370\lock]
[11:47:44,302][INFO][main][PdsFoldersResolver] Successfully locked persistence storage folder [D:\work\workspace\demo\demo-ignite\ignite\db\node01-35c3f077-8437-41fe-a829-b61d47f639ce]
[11:47:44,303][INFO][main][PdsFoldersResolver] Consistent ID used for local node is [35c3f077-8437-41fe-a829-b61d47f639ce] according to persistence data storage folders
[11:47:44,304][INFO][main][CacheObjectBinaryProcessorImpl] Resolved directory for serialized binary metadata: D:\work\workspace\demo\demo-ignite\ignite\binary_meta\node01-35c3f077-8437-41fe-a829-b61d47f639ce
[11:47:44,521][INFO][main][FilePageStoreManager] Resolved page store work directory: D:\work\workspace\demo\demo-ignite\ignite\db\node01-35c3f077-8437-41fe-a829-b61d47f639ce
[11:47:44,523][INFO][main][FileWriteAheadLogManager] Resolved write ahead log work directory: D:\work\workspace\demo\demo-ignite\ignite\db\wal\node01-35c3f077-8437-41fe-a829-b61d47f639ce
[11:47:44,523][INFO][main][FileWriteAheadLogManager] Resolved write ahead log archive directory: D:\work\workspace\demo\demo-ignite\ignite\db\wal\archive\node01-35c3f077-8437-41fe-a829-b61d47f639ce
[11:47:44,552][INFO][main][FileWriteAheadLogManager] Reached logical end of the segment for file D:\work\workspace\demo\demo-ignite\ignite\db\wal\node01-35c3f077-8437-41fe-a829-b61d47f639ce\0000000000000001.wal
[11:47:44,552][INFO][main][FileWriteAheadLogManager] Reached logical end of the segment for file D:\work\workspace\demo\demo-ignite\ignite\db\wal\node01-35c3f077-8437-41fe-a829-b61d47f639ce\0000000000000002.wal
[11:47:44,552][INFO][main][FileWriteAheadLogManager] Reached logical end of the segment for file D:\work\workspace\demo\demo-ignite\ignite\db\wal\node01-35c3f077-8437-41fe-a829-b61d47f639ce\0000000000000003.wal
[11:47:44,553][INFO][main][FileWriteAheadLogManager] Reached logical end of the segment for file D:\work\workspace\demo\demo-ignite\ignite\db\wal\node01-35c3f077-8437-41fe-a829-b61d47f639ce\0000000000000004.wal
[11:47:44,553][INFO][main][FileWriteAheadLogManager] Reached logical end of the segment for file D:\work\workspace\demo\demo-ignite\ignite\db\wal\node01-35c3f077-8437-41fe-a829-b61d47f639ce\0000000000000005.wal
[11:47:44,553][INFO][main][FileWriteAheadLogManager] Reached logical end of the segment for file D:\work\workspace\demo\demo-ignite\ignite\db\wal\node01-35c3f077-8437-41fe-a829-b61d47f639ce\0000000000000006.wal
[11:47:44,554][INFO][main][FileWriteAheadLogManager] Reached logical end of the segment for file D:\work\workspace\demo\demo-ignite\ignite\db\wal\node01-35c3f077-8437-41fe-a829-b61d47f639ce\0000000000000007.wal
[11:47:44,554][INFO][main][FileWriteAheadLogManager] Reached logical end of the segment for file D:\work\workspace\demo\demo-ignite\ignite\db\wal\node01-35c3f077-8437-41fe-a829-b61d47f639ce\0000000000000008.wal
[11:47:44,554][INFO][main][FileWriteAheadLogManager] Reached logical end of the segment for file D:\work\workspace\demo\demo-ignite\ignite\db\wal\node01-35c3f077-8437-41fe-a829-b61d47f639ce\0000000000000009.wal
[11:47:44,557][INFO][main][FileHandleManagerImpl] Initialized write-ahead log manager [mode=LOG_ONLY]
[11:47:44,567][WARNING][main][GridCacheDatabaseSharedManager] DataRegionConfiguration.maxWalArchiveSize instead DataRegionConfiguration.walHistorySize would be used for removing old archive wal files
[11:47:44,581][INFO][main][GridCacheDatabaseSharedManager] Configured data regions initialized successfully [total=4]
[11:47:44,597][INFO][main][PartitionsEvictManager] Evict partition permits=2
[11:47:44,625][WARNING][main][IgniteH2Indexing] Serialization of Java objects in H2 was enabled.
[11:47:44,793][INFO][main][ClientListenerProcessor] Client connector processor has started on TCP port 10801
[11:47:44,854][INFO][main][GridTcpRestProtocol] Command protocol successfully started [name=TCP binary, host=0.0.0.0/0.0.0.0, port=11212]
[11:47:45,128][INFO][main][GridJettyRestProtocol] Command protocol successfully started [name=Jetty REST, host=/0.0.0.0, port=8081]
[11:47:45,834][INFO][main][IgniteKernal%ignite-2] Non-loopback local IPs: 10.2.141.220, fe80:0:0:0:184b:6931:a7b8:9651%wlan1, fe80:0:0:0:34fd:f4d4:268a:ebf%wlan3, fe80:0:0:0:59a3:a605:f128:4848%eth3, fe80:0:0:0:b534:8a27:2a4e:9fac%wlan2, fe80:0:0:0:e57f:6772:dab4:4453%eth2
[11:47:45,834][INFO][main][IgniteKernal%ignite-2] Enabled local MACs: 00FF6866207C, 00FFAABBCCDD, A0510B888100, A0510B8881FF, A2510B8881FF
[11:47:45,839][INFO][main][GridCacheDatabaseSharedManager] Read checkpoint status [startMarker=D:\work\workspace\demo\demo-ignite\ignite\db\node01-35c3f077-8437-41fe-a829-b61d47f639ce\cp\1592451450661-f34a5b7b-9ea3-40aa-b512-70f19d0349f5-START.bin, endMarker=D:\work\workspace\demo\demo-ignite\ignite\db\node01-35c3f077-8437-41fe-a829-b61d47f639ce\cp\1592451450661-f34a5b7b-9ea3-40aa-b512-70f19d0349f5-END.bin]
[11:47:45,848][INFO][main][PageMemoryImpl] Started page memory [memoryAllocated=100.0 MiB, pages=24808, tableSize=1.9 MiB, checkpointBuffer=100.0 MiB]
[11:47:45,850][INFO][main][GridCacheDatabaseSharedManager] Checking memory state [lastValidPos=FileWALPointer [idx=0, fileOff=108705, len=69], lastMarked=FileWALPointer [idx=0, fileOff=108705, len=69], lastCheckpointId=f34a5b7b-9ea3-40aa-b512-70f19d0349f5]
[11:47:45,934][INFO][main][GridCacheDatabaseSharedManager] Found last checkpoint marker [cpId=f34a5b7b-9ea3-40aa-b512-70f19d0349f5, pos=FileWALPointer [idx=0, fileOff=108705, len=69]]
[11:47:45,985][INFO][main][GridCacheDatabaseSharedManager] Applying lost cache updates since last checkpoint record [lastMarked=FileWALPointer [idx=0, fileOff=108705, len=69], lastCheckpointId=f34a5b7b-9ea3-40aa-b512-70f19d0349f5]
[11:47:46,023][INFO][main][GridCacheDatabaseSharedManager] Finished applying WAL changes [updatesApplied=0, time=44 ms]
[11:47:46,023][INFO][main][GridCacheProcessor] Restoring partition state for local groups.
[11:47:46,023][INFO][main][GridCacheProcessor] Finished restoring partition state for local groups [groupsProcessed=0, partitionsProcessed=0, time=0ms]
[11:47:46,052][INFO][main][GridClusterStateProcessor] Restoring history for BaselineTopology[id=0]
[11:47:46,083][INFO][main][DistributedBaselineConfiguration] Baseline parameter 'baselineAutoAdjustEnabled' was changed from 'null' to 'false'
[11:47:46,084][INFO][main][DistributedBaselineConfiguration] Baseline parameter 'baselineAutoAdjustTimeout' was changed from 'null' to '300000'
[11:47:46,084][INFO][main][IgniteH2Indexing] SQL parameter 'sql.disabledFunctions' was changed from 'null' to '[FILE_WRITE, CANCEL_SESSION, MEMORY_USED, CSVREAD, LINK_SCHEMA, MEMORY_FREE, FILE_READ, CSVWRITE, SESSION_ID, LOCK_MODE]'
[11:47:46,087][INFO][main][FilePageStoreManager] Cleanup cache stores [total=1, left=0, cleanFiles=false]
[11:47:46,094][INFO][main][PageMemoryImpl] Started page memory [memoryAllocated=100.0 MiB, pages=24808, tableSize=1.9 MiB, checkpointBuffer=100.0 MiB]
[11:47:46,095][INFO][main][PageMemoryImpl] Started page memory [memoryAllocated=100.0 MiB, pages=24808, tableSize=1.9 MiB, checkpointBuffer=100.0 MiB]
[11:47:46,096][INFO][main][PageMemoryImpl] Started page memory [memoryAllocated=100.0 MiB, pages=24808, tableSize=1.9 MiB, checkpointBuffer=100.0 MiB]
[11:47:46,097][INFO][main][GridCacheDatabaseSharedManager] Configured data regions started successfully [total=4]
[11:47:46,097][INFO][main][GridCacheDatabaseSharedManager] Starting binary memory restore for: [-2100569601, -1309611973]
[11:47:46,214][INFO][main][GridCacheDatabaseSharedManager] Read checkpoint status [startMarker=D:\work\workspace\demo\demo-ignite\ignite\db\node01-35c3f077-8437-41fe-a829-b61d47f639ce\cp\1592451450661-f34a5b7b-9ea3-40aa-b512-70f19d0349f5-START.bin, endMarker=D:\work\workspace\demo\demo-ignite\ignite\db\node01-35c3f077-8437-41fe-a829-b61d47f639ce\cp\1592451450661-f34a5b7b-9ea3-40aa-b512-70f19d0349f5-END.bin]
[11:47:46,214][INFO][main][GridCacheDatabaseSharedManager] Checking memory state [lastValidPos=FileWALPointer [idx=0, fileOff=108705, len=69], lastMarked=FileWALPointer [idx=0, fileOff=108705, len=69], lastCheckpointId=f34a5b7b-9ea3-40aa-b512-70f19d0349f5]
[11:47:46,286][INFO][main][GridCacheDatabaseSharedManager] Found last checkpoint marker [cpId=f34a5b7b-9ea3-40aa-b512-70f19d0349f5, pos=FileWALPointer [idx=0, fileOff=108705, len=69]]
[11:47:46,295][INFO][main][GridCacheDatabaseSharedManager] Binary memory state restored at node startup [restoredPtr=FileWALPointer [idx=0, fileOff=108774, len=0]]
[11:47:46,296][INFO][main][FileWriteAheadLogManager] Resuming logging to WAL segment [file=D:\work\workspace\demo\demo-ignite\ignite\db\wal\node01-35c3f077-8437-41fe-a829-b61d47f639ce\0000000000000000.wal, offset=108774, ver=2]
[11:47:46,397][INFO][main][GridCacheProcessor] Started cache in recovery mode [name=ignite-sys-cache, id=-2100569601, dataRegionName=sysMemPlc, mode=REPLICATED, atomicity=TRANSACTIONAL, backups=2147483647, mvcc=false]
[11:47:46,412][INFO][main][PageMemoryImpl] Started page memory [memoryAllocated=1.6 GiB, pages=398912, tableSize=31.0 MiB, checkpointBuffer=401.9 MiB]
[11:47:46,460][INFO][main][GridCacheProcessor] Started cache in recovery mode [name=SQL_PUBLIC_T_CITY, id=-1309611973, dataRegionName=default, mode=PARTITIONED, atomicity=ATOMIC, backups=0, mvcc=false]
[11:47:46,462][INFO][main][GridCacheDatabaseSharedManager] Binary recovery performed in 365 ms.
[11:47:46,464][INFO][main][GridCacheDatabaseSharedManager] Read checkpoint status [startMarker=D:\work\workspace\demo\demo-ignite\ignite\db\node01-35c3f077-8437-41fe-a829-b61d47f639ce\cp\1592451450661-f34a5b7b-9ea3-40aa-b512-70f19d0349f5-START.bin, endMarker=D:\work\workspace\demo\demo-ignite\ignite\db\node01-35c3f077-8437-41fe-a829-b61d47f639ce\cp\1592451450661-f34a5b7b-9ea3-40aa-b512-70f19d0349f5-END.bin]
[11:47:46,464][INFO][main][GridCacheDatabaseSharedManager] Applying lost cache updates since last checkpoint record [lastMarked=FileWALPointer [idx=0, fileOff=108705, len=69], lastCheckpointId=f34a5b7b-9ea3-40aa-b512-70f19d0349f5]
[11:47:46,501][INFO][main][GridCacheDatabaseSharedManager] Finished applying WAL changes [updatesApplied=0, time=43 ms]
[11:47:46,501][INFO][main][GridCacheProcessor] Restoring partition state for local groups.
[11:47:46,552][INFO][main][GridCacheProcessor] Finished restoring partition state for local groups [groupsProcessed=2, partitionsProcessed=0, time=53ms]
[11:47:46,620][INFO][main][TcpDiscoverySpi] Connection check threshold is calculated: 10000
[11:47:55,269][INFO][tcp-disco-srvr-[:47501]-#3%ignite-2%][TcpDiscoverySpi] TCP discovery accepted incoming connection [rmtAddr=/10.2.141.220, rmtPort=65203]
[11:47:55,277][INFO][tcp-disco-srvr-[:47501]-#3%ignite-2%][TcpDiscoverySpi] TCP discovery spawning a new thread for connection [rmtAddr=/10.2.141.220, rmtPort=65203]
[11:47:55,278][INFO][tcp-disco-sock-reader-[]-#5%ignite-2%][TcpDiscoverySpi] Started serving remote node connection [rmtAddr=/10.2.141.220:65203, rmtPort=65203]
[11:47:55,279][INFO][tcp-disco-sock-reader-[]-#5%ignite-2%][TcpDiscoverySpi] Received ping request from the remote node [rmtNodeId=fb9483bd-6e5f-495d-ba17-2f027e4cfc0b, rmtAddr=/10.2.141.220:65203, rmtPort=65203]
[11:47:55,279][INFO][tcp-disco-sock-reader-[]-#5%ignite-2%][TcpDiscoverySpi] Finished writing ping response [rmtNodeId=fb9483bd-6e5f-495d-ba17-2f027e4cfc0b, rmtAddr=/10.2.141.220:65203, rmtPort=65203]
[11:47:55,279][INFO][tcp-disco-sock-reader-[]-#5%ignite-2%][TcpDiscoverySpi] Finished serving remote node connection [rmtAddr=/10.2.141.220:65203, rmtPort=65203
[11:47:55,309][INFO][tcp-disco-srvr-[:47501]-#3%ignite-2%][TcpDiscoverySpi] TCP discovery accepted incoming connection [rmtAddr=/0:0:0:0:0:0:0:1, rmtPort=65204]
[11:47:55,309][INFO][tcp-disco-srvr-[:47501]-#3%ignite-2%][TcpDiscoverySpi] TCP discovery spawning a new thread for connection [rmtAddr=/0:0:0:0:0:0:0:1, rmtPort=65204]
[11:47:55,309][INFO][tcp-disco-sock-reader-[]-#6%ignite-2%][TcpDiscoverySpi] Started serving remote node connection [rmtAddr=/0:0:0:0:0:0:0:1:65204, rmtPort=65204]
[11:47:55,310][INFO][tcp-disco-sock-reader-[fb9483bd 0:0:0:0:0:0:0:1:65204]-#6%ignite-2%][TcpDiscoverySpi] Initialized connection with remote server node [nodeId=fb9483bd-6e5f-495d-ba17-2f027e4cfc0b, rmtAddr=/0:0:0:0:0:0:0:1:65204]
[11:47:55,321][INFO][tcp-disco-msg-worker-[]-#2%ignite-2%][TcpDiscoverySpi] New next node [newNext=TcpDiscoveryNode [id=fb9483bd-6e5f-495d-ba17-2f027e4cfc0b, consistentId=6830b59d-be53-4670-b9b0-ad9c6eaec370, addrs=ArrayList [0:0:0:0:0:0:0:1, 10.2.141.220, 127.0.0.1], sockAddrs=HashSet [/0:0:0:0:0:0:0:1:47500, /127.0.0.1:47500, DESKTOP-2JCJ7AL.gome.inc/10.2.141.220:47500], discPort=47500, order=1, intOrder=1, lastExchangeTime=1592452075312, loc=false, ver=2.8.1#20200521-sha1:86422096, isClient=false]]
[11:47:55,386][WARNING][main][IgniteKernal%ignite-2] Nodes started on local machine require more than 80% of physical RAM what can lead to significant slowdown due to swapping (please decrease JVM heap size, data region size or checkpoint buffer size) [required=7792MB, available=8037MB]
[11:47:55,386][INFO][disco-notifier-worker-#44%ignite-2%][MvccProcessorImpl] Assigned mvcc coordinator [crd=MvccCoordinator [topVer=AffinityTopologyVersion [topVer=2, minorTopVer=0], nodeId=fb9483bd-6e5f-495d-ba17-2f027e4cfc0b, ver=1592452028828, local=false, initialized=false]]
[11:47:55,400][INFO][disco-notifier-worker-#44%ignite-2%][GridClusterStateProcessor] Local node is not included in Baseline Topology and will not be used for data storage. Use control.(sh|bat) script or IgniteCluster interface to include the node to Baseline Topology.
[11:47:55,431][INFO][exchange-worker-#46%ignite-2%][time] Started exchange init [topVer=AffinityTopologyVersion [topVer=2, minorTopVer=0], crd=false, evt=NODE_JOINED, evtNode=29464083-413d-4332-97e2-c9aa16c31e6e, customEvt=null, allowMerge=true, exchangeFreeSwitch=false]
[11:47:55,438][INFO][exchange-worker-#46%ignite-2%][GridCacheProcessor] Stopped cache [cacheName=SQL_PUBLIC_T_CITY]
[11:47:55,439][INFO][exchange-worker-#46%ignite-2%][GridCacheProcessor] Stopped cache [cacheName=ignite-sys-cache]
[11:47:55,440][INFO][exchange-worker-#46%ignite-2%][GridCacheDatabaseSharedManager] Page memory sysMemPlc for CacheGroupDescriptor [grpId=-2100569601, grpName=null, startTopVer=null, rcvdFrom=fb9483bd-6e5f-495d-ba17-2f027e4cfc0b, deploymentId=785e885c271-0d4f6726-4945-4fb0-909e-5e6572eba2c7, caches=SingletonMap {ignite-sys-cache=-2100569601}, rcvdFromVer=null, persistenceEnabled=true, walEnabled=true, cacheCfgEnrichment=CacheConfigurationEnrichment{enrichFields={storeFactory=[B@7d297868, storeSesLsnrs=[B@1ea79ca8, evictFilter=[B@11010bf1, evictPlcFactory=[B@1f29894c}}, cacheCfgEnriched=false, cacheName=ignite-sys-cache] has invalidated.
[11:47:55,441][INFO][exchange-worker-#46%ignite-2%][GridCacheDatabaseSharedManager] Page memory default for CacheGroupDescriptor [grpId=-1309611973, grpName=null, startTopVer=null, rcvdFrom=fb9483bd-6e5f-495d-ba17-2f027e4cfc0b, deploymentId=785e885c271-0d4f6726-4945-4fb0-909e-5e6572eba2c7, caches=SingletonMap {SQL_PUBLIC_T_CITY=-1309611973}, rcvdFromVer=null, persistenceEnabled=true, walEnabled=true, cacheCfgEnrichment=CacheConfigurationEnrichment{enrichFields={storeFactory=[B@677ef62b, storeSesLsnrs=[B@65535260, evictFilter=[B@30dee171, evictPlcFactory=[B@6bbe2916}}, cacheCfgEnriched=false, cacheName=SQL_PUBLIC_T_CITY] has invalidated.
[11:47:55,444][INFO][exchange-worker-#46%ignite-2%][FilePageStoreManager] Cache stores cleanup started asynchronously
[11:47:55,445][INFO][exchange-worker-#46%ignite-2%][FilePageStoreManager] Resolved page store work directory: D:\work\workspace\demo\demo-ignite\ignite\db\node01-35c3f077-8437-41fe-a829-b61d47f639ce
[11:47:55,448][INFO][async-file-store-cleanup-task-0-#47%ignite-2%][FilePageStoreManager] Cleanup cache stores [total=3, left=1, cleanFiles=true]
[11:47:55,449][INFO][exchange-worker-#46%ignite-2%][FileWriteAheadLogManager] Resuming logging to WAL segment [file=D:\work\workspace\demo\demo-ignite\ignite\db\wal\node01-35c3f077-8437-41fe-a829-b61d47f639ce\0000000000000000.wal, offset=108803, ver=2]
[11:47:55,449][INFO][exchange-worker-#46%ignite-2%][GridClusterStateProcessor] Writing BaselineTopology[id=0]
[11:47:55,459][INFO][exchange-worker-#46%ignite-2%][GridCacheDatabaseSharedManager] Finish recovery performed in 13 ms.
[11:47:55,459][INFO][exchange-worker-#46%ignite-2%][msg] Components activation performed in 15 ms.
[11:47:55,560][INFO][exchange-worker-#46%ignite-2%][GridCacheProcessor] Started cache [name=ignite-sys-cache, id=-2100569601, dataRegionName=sysMemPlc, mode=REPLICATED, atomicity=TRANSACTIONAL, backups=2147483647, mvcc=false]
[11:47:55,560][INFO][sys-#55%ignite-2%][GridCacheProcessor] Started cache [name=SQL_PUBLIC_T_CITY, id=-1309611973, dataRegionName=default, mode=PARTITIONED, atomicity=ATOMIC, backups=0, mvcc=false]
[11:47:55,561][INFO][exchange-worker-#46%ignite-2%][GridCacheProcessor] Starting caches on local join performed in 97 ms.
[11:47:55,568][INFO][exchange-worker-#46%ignite-2%][GridDhtPartitionsExchangeFuture] Skipped waiting for partitions release future (local node is joining) [topVer=AffinityTopologyVersion [topVer=2, minorTopVer=0]]
[11:47:55,632][INFO][db-checkpoint-thread-#59%ignite-2%][GridCacheDatabaseSharedManager] Checkpoint started [checkpointId=b4b72c9e-0d1a-433c-b52b-de15440b446e, startPtr=FileWALPointer [idx=0, fileOff=200766, len=69], checkpointBeforeLockTime=5ms, checkpointLockWait=0ms, checkpointListenersExecuteTime=2ms, checkpointLockHoldTime=5ms, walCpRecordFsyncDuration=4ms, writeCheckpointEntryDuration=4ms, splitAndSortCpPagesDuration=1ms,  pages=27, reason='node started']
[11:47:55,649][INFO][db-checkpoint-thread-#59%ignite-2%][GridCacheDatabaseSharedManager] Checkpoint finished [cpId=b4b72c9e-0d1a-433c-b52b-de15440b446e, pages=27, markPos=FileWALPointer [idx=0, fileOff=200766, len=69], walSegmentsCleared=0, walSegmentsCovered=[], markDuration=15ms, pagesWrite=7ms, fsync=9ms, total=36ms]
[11:47:55,656][INFO][grid-nio-worker-tcp-comm-0-#24%ignite-2%][TcpCommunicationSpi] Established outgoing communication connection [locAddr=/127.0.0.1:65206, rmtAddr=/127.0.0.1:47100]
[11:47:55,658][INFO][exchange-worker-#46%ignite-2%][time] Finished exchange init [topVer=AffinityTopologyVersion [topVer=2, minorTopVer=0], crd=false]
[11:47:55,720][INFO][sys-#54%ignite-2%][GridDhtPartitionsExchangeFuture] Received full message, will finish exchange [node=fb9483bd-6e5f-495d-ba17-2f027e4cfc0b, resVer=AffinityTopologyVersion [topVer=2, minorTopVer=0]]
[11:47:55,730][INFO][sys-#58%ignite-2%][GridAffinityAssignmentCache] Local node affinity assignment distribution is not ideal [cache=SQL_PUBLIC_T_CITY, expectedPrimary=1024.00, actualPrimary=0, expectedBackups=0.00, actualBackups=0, warningThreshold=50.00%]
[11:47:55,741][INFO][sys-#54%ignite-2%][GridDhtPartitionsExchangeFuture] Finish exchange future [startVer=AffinityTopologyVersion [topVer=2, minorTopVer=0], resVer=AffinityTopologyVersion [topVer=2, minorTopVer=0], err=null, rebalanced=true, wasRebalanced=false]
[11:47:55,755][INFO][sys-#54%ignite-2%][GridCacheProcessor] Finish proxy initialization, cacheName=ignite-sys-cache, localNodeId=29464083-413d-4332-97e2-c9aa16c31e6e
[11:47:55,755][INFO][sys-#54%ignite-2%][GridCacheProcessor] Finish proxy initialization, cacheName=SQL_PUBLIC_T_CITY, localNodeId=29464083-413d-4332-97e2-c9aa16c31e6e
[11:47:55,755][INFO][sys-#54%ignite-2%][GridDhtPartitionsExchangeFuture] Completed partition exchange [localNode=29464083-413d-4332-97e2-c9aa16c31e6e, exchange=GridDhtPartitionsExchangeFuture [topVer=AffinityTopologyVersion [topVer=2, minorTopVer=0], evt=NODE_JOINED, evtNode=TcpDiscoveryNode [id=29464083-413d-4332-97e2-c9aa16c31e6e, consistentId=35c3f077-8437-41fe-a829-b61d47f639ce, addrs=ArrayList [0:0:0:0:0:0:0:1, 10.2.141.220, 127.0.0.1], sockAddrs=HashSet [DESKTOP-2JCJ7AL.gome.inc/10.2.141.220:47501, /0:0:0:0:0:0:0:1:47501, /127.0.0.1:47501], discPort=47501, order=2, intOrder=2, lastExchangeTime=1592452075389, loc=true, ver=2.8.1#20200521-sha1:86422096, isClient=false], done=true, newCrdFut=null], topVer=AffinityTopologyVersion [topVer=2, minorTopVer=0]]
[11:47:55,756][INFO][sys-#54%ignite-2%][GridDhtPartitionsExchangeFuture] Exchange timings [startVer=AffinityTopologyVersion [topVer=2, minorTopVer=0], resVer=AffinityTopologyVersion [topVer=2, minorTopVer=0], stage="Waiting in exchange queue" (32 ms), stage="Exchange parameters initialization" (2 ms), stage="Baseline change callback" (12 ms), stage="Components activation" (14 ms), stage="Determine exchange type" (108 ms), stage="Preloading notification" (0 ms), stage="WAL history reservation" (0 ms), stage="Restore partition states" (44 ms), stage="After states restored callback" (10 ms), stage="Waiting for Full message" (96 ms), stage="Affinity recalculation" (17 ms), stage="Full map updating" (3 ms), stage="Detect lost partitions" (1 ms), stage="Exchange done" (12 ms), stage="Total time" (351 ms)]
[11:47:55,756][INFO][sys-#54%ignite-2%][GridDhtPartitionsExchangeFuture] Exchange longest local stages [startVer=AffinityTopologyVersion [topVer=2, minorTopVer=0], resVer=AffinityTopologyVersion [topVer=2, minorTopVer=0], stage="Affinity fetch" (105 ms) (parent=Determine exchange type), stage="Restore partition states [grp=SQL_PUBLIC_T_CITY]" (44 ms) (parent=Restore partition states), stage="Restore partition states [grp=ignite-sys-cache]" (5 ms) (parent=Restore partition states), stage="Affinity initialization (local join) [grp=SQL_PUBLIC_T_CITY]" (17 ms) (parent=Affinity recalculation), stage="Affinity initialization (local join) [grp=ignite-sys-cache]" (12 ms) (parent=Affinity recalculation)]
[11:47:55,759][INFO][exchange-worker-#46%ignite-2%][GridCachePartitionExchangeManager] Skipping rebalancing (nothing scheduled) [top=AffinityTopologyVersion [topVer=2, minorTopVer=0], force=false, evt=NODE_JOINED, node=29464083-413d-4332-97e2-c9aa16c31e6e]
[11:47:55,806][INFO][main][IgniteKernal%ignite-2] Performance suggestions for grid 'ignite-2' (fix if possible)
[11:47:55,806][INFO][main][IgniteKernal%ignite-2] To disable, set -DIGNITE_PERFORMANCE_SUGGESTIONS_DISABLED=true
[11:47:55,806][INFO][main][IgniteKernal%ignite-2]   ^-- Disable fully synchronous writes (set 'writeSynchronizationMode' to PRIMARY_SYNC or FULL_ASYNC)
[11:47:55,806][INFO][main][IgniteKernal%ignite-2]   ^-- Disable grid events (remove 'includeEventTypes' from configuration)
[11:47:55,806][INFO][main][IgniteKernal%ignite-2]   ^-- Enable G1 Garbage Collector (add '-XX:+UseG1GC' to JVM options)
[11:47:55,806][INFO][main][IgniteKernal%ignite-2]   ^-- Specify JVM heap max size (add '-Xmx<size>[g|G|m|M|k|K]' to JVM options)
[11:47:55,806][INFO][main][IgniteKernal%ignite-2]   ^-- Set max direct memory size if getting 'OOME: Direct buffer memory' (add '-XX:MaxDirectMemorySize=<size>[g|G|m|M|k|K]' to JVM options)
[11:47:55,806][INFO][main][IgniteKernal%ignite-2]   ^-- Disable processing of calls to System.gc() (add '-XX:+DisableExplicitGC' to JVM options)
[11:47:55,806][INFO][main][IgniteKernal%ignite-2] Refer to this page for more performance suggestions: https://apacheignite.readme.io/docs/jvm-and-system-tuning
[11:47:55,807][INFO][main][IgniteKernal%ignite-2] 
[11:47:55,807][INFO][main][IgniteKernal%ignite-2] To start Console Management & Monitoring run ignitevisorcmd.{sh|bat}
[11:47:55,808][INFO][main][IgniteKernal%ignite-2] Data Regions Configured:
[11:47:55,808][INFO][main][IgniteKernal%ignite-2]   ^-- default [initSize=256.0 MiB, maxSize=1.6 GiB, persistence=true, lazyMemoryAllocation=true]
[11:47:55,809][INFO][main][IgniteKernal%ignite-2] 

>>> +----------------------------------------------------------------------+
>>> Ignite ver. 2.8.1#20200521-sha1:864220966caa4157c4fee8a1bc85171623963604
>>> +----------------------------------------------------------------------+
>>> OS name: Windows 10 10.0 amd64
>>> CPU(s): 8
>>> Heap: 1.7GB
>>> VM name: 12324@DESKTOP-2JCJ7AL
>>> Ignite instance name: ignite-2
>>> Local node [ID=29464083-413D-4332-97E2-C9AA16C31E6E, order=2, clientMode=false]
>>> Local node addresses: [DESKTOP-2JCJ7AL.gome.inc/0:0:0:0:0:0:0:1, /10.2.141.220, /127.0.0.1]
>>> Local ports: TCP:8081 TCP:10801 TCP:11212 TCP:47101 UDP:47400 TCP:47501 

[11:47:55,811][INFO][main][GridDiscoveryManager] Topology snapshot [ver=2, locNode=29464083, servers=2, clients=0, state=ACTIVE, CPUs=8, offheap=3.1GB, heap=3.5GB]
[11:47:55,812][INFO][main][GridDiscoveryManager]   ^-- Baseline [id=0, size=1, online=1, offline=0]
[11:47:55,813][INFO][main][G] Node started : [stage="Configure system pool" (43 ms),stage="Start managers" (913 ms),stage="Configure binary metadata" (1119 ms),stage="Start processors" (787 ms),stage="Init metastore" (917 ms),stage="Init and start regions" (9 ms),stage="Restore binary memory" (365 ms),stage="Restore logical state" (89 ms),stage="Finish recovery" (54 ms),stage="Join topology" (8778 ms),stage="Await transition" (20 ms),stage="Await exchange" (406 ms),stage="Total time" (13500 ms)]
[11:48:05,410][INFO][ignite-update-notifier-timer][GridUpdateNotifier] Your version is up to date.
