[11:46:23,657][WARNING][main][G] Consistent ID is not set, it is recommended to set consistent ID for production clusters (use IgniteConfiguration.setConsistentId property)
[11:46:23,804][INFO][main][IgniteKernal%ignite-1] 

>>>    __________  ________________  
>>>   /  _/ ___/ |/ /  _/_  __/ __/  
>>>  _/ // (7 7    // /  / / / _/    
>>> /___/\___/_/|_/___/ /_/ /___/   
>>> 
>>> ver. 2.8.1#20200521-sha1:86422096
>>> 2020 Copyright(C) Apache Software Foundation
>>> 
>>> Ignite documentation: http://ignite.apache.org

[11:46:23,815][INFO][main][IgniteKernal%ignite-1] Config URL: file:/D:/work/workspace/demo/demo-ignite/src/main/resources/example-ignite.xml
[11:46:23,830][INFO][main][IgniteKernal%ignite-1] IgniteConfiguration [igniteInstanceName=ignite-1, pubPoolSize=8, svcPoolSize=8, callbackPoolSize=8, stripedPoolSize=8, sysPoolSize=8, mgmtPoolSize=4, igfsPoolSize=8, dataStreamerPoolSize=8, utilityCachePoolSize=8, utilityCacheKeepAliveTime=60000, p2pPoolSize=2, qryPoolSize=8, sqlQryHistSize=1000, dfltQryTimeout=0, igniteHome=D:\软件\apache-ignite-2.8.1-bin, igniteWorkDir=D:\work\workspace\demo\demo-ignite\ignite, mbeanSrv=com.sun.jmx.mbeanserver.JmxMBeanServer@3d8314f0, nodeId=fb9483bd-6e5f-495d-ba17-2f027e4cfc0b, marsh=BinaryMarshaller [], marshLocJobs=false, daemon=false, p2pEnabled=true, netTimeout=5000, netCompressionLevel=1, sndRetryDelay=1000, sndRetryCnt=3, metricsHistSize=10000, metricsUpdateFreq=2000, metricsExpTime=9223372036854775807, discoSpi=TcpDiscoverySpi [addrRslvr=null, sockTimeout=0, ackTimeout=0, marsh=null, reconCnt=10, reconDelay=2000, maxAckTimeout=600000, soLinger=5, forceSrvMode=false, clientReconnectDisabled=false, internalLsnr=null, skipAddrsRandomization=false], segPlc=STOP, segResolveAttempts=2, waitForSegOnStart=true, allResolversPassReq=true, segChkFreq=10000, commSpi=TcpCommunicationSpi [connectGate=null, connPlc=org.apache.ignite.spi.communication.tcp.TcpCommunicationSpi$FirstConnectionPolicy@7817fd62, chConnPlc=null, enableForcibleNodeKill=false, enableTroubleshootingLog=false, locAddr=null, locHost=null, locPort=47100, locPortRange=100, shmemPort=-1, directBuf=true, directSndBuf=false, idleConnTimeout=600000, connTimeout=5000, maxConnTimeout=600000, reconCnt=10, sockSndBuf=32768, sockRcvBuf=32768, msgQueueLimit=0, slowClientQueueLimit=0, nioSrvr=null, shmemSrv=null, usePairedConnections=false, connectionsPerNode=1, tcpNoDelay=true, filterReachableAddresses=false, ackSndThreshold=32, unackedMsgsBufSize=0, sockWriteTimeout=2000, boundTcpPort=-1, boundTcpShmemPort=-1, selectorsCnt=4, selectorSpins=0, addrRslvr=null, ctxInitLatch=java.util.concurrent.CountDownLatch@8297b3a[Count = 1], stopping=false, metricsLsnr=null], evtSpi=org.apache.ignite.spi.eventstorage.NoopEventStorageSpi@2362f559, colSpi=NoopCollisionSpi [], deploySpi=LocalDeploymentSpi [], indexingSpi=org.apache.ignite.spi.indexing.noop.NoopIndexingSpi@d35dea7, addrRslvr=null, encryptionSpi=org.apache.ignite.spi.encryption.noop.NoopEncryptionSpi@7770f470, clientMode=false, rebalanceThreadPoolSize=4, rebalanceTimeout=10000, rebalanceBatchesPrefetchCnt=3, rebalanceThrottle=0, rebalanceBatchSize=524288, txCfg=TransactionConfiguration [txSerEnabled=false, dfltIsolation=REPEATABLE_READ, dfltConcurrency=PESSIMISTIC, dfltTxTimeout=0, txTimeoutOnPartitionMapExchange=0, deadlockTimeout=10000, pessimisticTxLogSize=0, pessimisticTxLogLinger=10000, tmLookupClsName=null, txManagerFactory=null, useJtaSync=false], cacheSanityCheckEnabled=true, discoStartupDelay=60000, deployMode=SHARED, p2pMissedCacheSize=100, locHost=null, timeSrvPortBase=31100, timeSrvPortRange=100, failureDetectionTimeout=10000, sysWorkerBlockedTimeout=null, clientFailureDetectionTimeout=30000, metricsLogFreq=60000, hadoopCfg=null, connectorCfg=ConnectorConfiguration [jettyPath=null, host=null, port=11211, noDelay=true, directBuf=false, sndBufSize=32768, rcvBufSize=32768, idleQryCurTimeout=600000, idleQryCurCheckFreq=60000, sndQueueLimit=0, selectorCnt=4, idleTimeout=7000, sslEnabled=false, sslClientAuth=false, sslCtxFactory=null, sslFactory=null, portRange=100, threadPoolSize=8, msgInterceptor=null], odbcCfg=null, warmupClos=null, atomicCfg=AtomicConfiguration [seqReserveSize=1000, cacheMode=PARTITIONED, backups=1, aff=null, grpName=null], classLdr=null, sslCtxFactory=null, platformCfg=null, binaryCfg=null, memCfg=null, pstCfg=null, dsCfg=DataStorageConfiguration [sysRegionInitSize=41943040, sysRegionMaxSize=104857600, pageSize=0, concLvl=0, dfltDataRegConf=DataRegionConfiguration [name=default, maxSize=1685635891, initSize=268435456, swapPath=null, pageEvictionMode=DISABLED, evictionThreshold=0.9, emptyPagesPoolSize=100, metricsEnabled=false, metricsSubIntervalCount=5, metricsRateTimeInterval=60000, persistenceEnabled=true, checkpointPageBufSize=0, lazyMemoryAllocation=true], dataRegions=null, storagePath=null, checkpointFreq=180000, lockWaitTime=10000, checkpointThreads=4, checkpointWriteOrder=SEQUENTIAL, walHistSize=20, maxWalArchiveSize=1073741824, walSegments=10, walSegmentSize=67108864, walPath=db/wal, walArchivePath=db/wal/archive, metricsEnabled=false, walMode=LOG_ONLY, walTlbSize=131072, walBuffSize=0, walFlushFreq=2000, walFsyncDelay=1000, walRecordIterBuffSize=67108864, alwaysWriteFullPages=false, fileIOFactory=org.apache.ignite.internal.processors.cache.persistence.file.AsyncFileIOFactory@22fcf7ab, metricsSubIntervalCnt=5, metricsRateTimeInterval=60000, walAutoArchiveAfterInactivity=-1, writeThrottlingEnabled=false, walCompactionEnabled=false, walCompactionLevel=1, checkpointReadLockTimeout=null, walPageCompression=DISABLED, walPageCompressionLevel=null], activeOnStart=true, autoActivation=true, longQryWarnTimeout=3000, sqlConnCfg=null, cliConnCfg=ClientConnectorConfiguration [host=null, port=10800, portRange=100, sockSndBufSize=0, sockRcvBufSize=0, tcpNoDelay=true, maxOpenCursorsPerConn=128, threadPoolSize=8, idleTimeout=0, handshakeTimeout=10000, jdbcEnabled=true, odbcEnabled=true, thinCliEnabled=true, sslEnabled=false, useIgniteSslCtxFactory=true, sslClientAuth=false, sslCtxFactory=null, thinCliCfg=ThinClientConfiguration [maxActiveTxPerConn=100]], mvccVacuumThreadCnt=2, mvccVacuumFreq=5000, authEnabled=false, failureHnd=null, commFailureRslvr=null]
[11:46:23,842][INFO][main][IgniteKernal%ignite-1] Daemon mode: off
[11:46:23,842][INFO][main][IgniteKernal%ignite-1] OS: Windows 10 10.0 amd64
[11:46:23,842][INFO][main][IgniteKernal%ignite-1] OS user: 86156
[11:46:23,850][INFO][main][IgniteKernal%ignite-1] PID: 8368
[11:46:23,850][INFO][main][IgniteKernal%ignite-1] Language runtime: Java Platform API Specification ver. 1.8
[11:46:23,850][INFO][main][IgniteKernal%ignite-1] VM information: Java(TM) SE Runtime Environment 1.8.0_251-b08 Oracle Corporation Java HotSpot(TM) 64-Bit Server VM 25.251-b08
[11:46:23,851][INFO][main][IgniteKernal%ignite-1] VM total memory: 1.7GB
[11:46:23,851][INFO][main][IgniteKernal%ignite-1] Remote Management [restart: off, REST: on, JMX (remote: off)]
[11:46:23,851][INFO][main][IgniteKernal%ignite-1] Logger: JavaLogger [quiet=true, config=null]
[11:46:23,851][INFO][main][IgniteKernal%ignite-1] IGNITE_HOME=D:\软件\apache-ignite-2.8.1-bin
[11:46:23,852][INFO][main][IgniteKernal%ignite-1] VM arguments: [-javaagent:C:\Program Files\JetBrains\IntelliJ IDEA 2020.1\lib\idea_rt.jar=65029:C:\Program Files\JetBrains\IntelliJ IDEA 2020.1\bin, -Dfile.encoding=UTF-8]
[11:46:23,852][INFO][main][IgniteKernal%ignite-1] System cache's DataRegion size is configured to 40 MB. Use DataStorageConfiguration.systemRegionInitialSize property to change the setting.
[11:46:23,852][INFO][main][IgniteKernal%ignite-1] Configured caches [in 'sysMemPlc' dataRegion: ['ignite-sys-cache']]
[11:46:23,852][WARNING][main][IgniteKernal%ignite-1] Peer class loading is enabled (disable it in production for performance and deployment consistency reasons)
[11:46:23,852][WARNING][main][IgniteKernal%ignite-1] Please set system property '-Djava.net.preferIPv4Stack=true' to avoid possible problems in mixed environments.
[11:46:23,855][WARNING][pub-#19%ignite-1%][GridDiagnostic] This operating system has been tested less rigorously: Windows 10 10.0 amd64. Our team will appreciate the feedback if you experience any problems running ignite in this environment.
[11:46:23,856][INFO][main][IgniteKernal%ignite-1] 3-rd party licenses can be found at: D:\软件\apache-ignite-2.8.1-bin\libs\licenses
[11:46:23,859][WARNING][pub-#22%ignite-1%][GridDiagnostic] Initial heap size is 126MB (should be no less than 512MB, use -Xms512m -Xmx512m).
[11:46:23,985][INFO][main][IgnitePluginProcessor] Configured plugins:
[11:46:23,985][INFO][main][IgnitePluginProcessor]   ^-- None
[11:46:23,985][INFO][main][IgnitePluginProcessor] 
[11:46:23,991][INFO][main][FailureProcessor] Configured failure handler: [hnd=StopNodeOrHaltFailureHandler [tryStop=false, timeout=0, super=AbstractFailureHandler [ignoredFailureTypes=UnmodifiableSet [SYSTEM_WORKER_BLOCKED, SYSTEM_CRITICAL_OPERATION_TIMEOUT]]]]
[11:46:24,411][INFO][main][TcpCommunicationSpi] Successfully bound communication NIO server to TCP port [port=47100, locHost=0.0.0.0/0.0.0.0, selectorsCnt=4, selectorSpins=0, pairedConn=false]
[11:46:24,687][WARNING][main][TcpCommunicationSpi] Message queue limit is set to 0 which may lead to potential OOMEs when running cache operations in FULL_ASYNC or PRIMARY_SYNC modes due to message queues growth on sender and receiver sides.
[11:46:24,695][WARNING][main][NoopCheckpointSpi] Checkpoints are disabled (to enable configure any GridCheckpointSpi implementation)
[11:46:24,716][WARNING][main][GridCollisionManager] Collision resolution is disabled (all jobs will be activated upon arrival).
[11:46:24,719][INFO][main][IgniteKernal%ignite-1] Security status [authentication=off, tls/ssl=off]
[11:46:24,763][INFO][main][TcpDiscoverySpi] Successfully bound to TCP port [port=47500, localHost=0.0.0.0/0.0.0.0, locNodeId=fb9483bd-6e5f-495d-ba17-2f027e4cfc0b]
[11:46:24,781][INFO][main][PdsFoldersResolver] Successfully locked persistence storage folder [D:\work\workspace\demo\demo-ignite\ignite\db\node00-6830b59d-be53-4670-b9b0-ad9c6eaec370]
[11:46:24,783][INFO][main][PdsFoldersResolver] Consistent ID used for local node is [6830b59d-be53-4670-b9b0-ad9c6eaec370] according to persistence data storage folders
[11:46:24,784][INFO][main][CacheObjectBinaryProcessorImpl] Resolved directory for serialized binary metadata: D:\work\workspace\demo\demo-ignite\ignite\binary_meta\node00-6830b59d-be53-4670-b9b0-ad9c6eaec370
[11:46:24,999][INFO][main][FilePageStoreManager] Resolved page store work directory: D:\work\workspace\demo\demo-ignite\ignite\db\node00-6830b59d-be53-4670-b9b0-ad9c6eaec370
[11:46:25,001][INFO][main][FileWriteAheadLogManager] Resolved write ahead log work directory: D:\work\workspace\demo\demo-ignite\ignite\db\wal\node00-6830b59d-be53-4670-b9b0-ad9c6eaec370
[11:46:25,001][INFO][main][FileWriteAheadLogManager] Resolved write ahead log archive directory: D:\work\workspace\demo\demo-ignite\ignite\db\wal\archive\node00-6830b59d-be53-4670-b9b0-ad9c6eaec370
[11:46:25,028][INFO][main][FileWriteAheadLogManager] Reached logical end of the segment for file D:\work\workspace\demo\demo-ignite\ignite\db\wal\node00-6830b59d-be53-4670-b9b0-ad9c6eaec370\0000000000000001.wal
[11:46:25,028][INFO][main][FileWriteAheadLogManager] Reached logical end of the segment for file D:\work\workspace\demo\demo-ignite\ignite\db\wal\node00-6830b59d-be53-4670-b9b0-ad9c6eaec370\0000000000000002.wal
[11:46:25,028][INFO][main][FileWriteAheadLogManager] Reached logical end of the segment for file D:\work\workspace\demo\demo-ignite\ignite\db\wal\node00-6830b59d-be53-4670-b9b0-ad9c6eaec370\0000000000000003.wal
[11:46:25,029][INFO][main][FileWriteAheadLogManager] Reached logical end of the segment for file D:\work\workspace\demo\demo-ignite\ignite\db\wal\node00-6830b59d-be53-4670-b9b0-ad9c6eaec370\0000000000000004.wal
[11:46:25,029][INFO][main][FileWriteAheadLogManager] Reached logical end of the segment for file D:\work\workspace\demo\demo-ignite\ignite\db\wal\node00-6830b59d-be53-4670-b9b0-ad9c6eaec370\0000000000000005.wal
[11:46:25,030][INFO][main][FileWriteAheadLogManager] Reached logical end of the segment for file D:\work\workspace\demo\demo-ignite\ignite\db\wal\node00-6830b59d-be53-4670-b9b0-ad9c6eaec370\0000000000000006.wal
[11:46:25,030][INFO][main][FileWriteAheadLogManager] Reached logical end of the segment for file D:\work\workspace\demo\demo-ignite\ignite\db\wal\node00-6830b59d-be53-4670-b9b0-ad9c6eaec370\0000000000000007.wal
[11:46:25,030][INFO][main][FileWriteAheadLogManager] Reached logical end of the segment for file D:\work\workspace\demo\demo-ignite\ignite\db\wal\node00-6830b59d-be53-4670-b9b0-ad9c6eaec370\0000000000000008.wal
[11:46:25,031][INFO][main][FileWriteAheadLogManager] Reached logical end of the segment for file D:\work\workspace\demo\demo-ignite\ignite\db\wal\node00-6830b59d-be53-4670-b9b0-ad9c6eaec370\0000000000000009.wal
[11:46:25,033][INFO][main][FileHandleManagerImpl] Initialized write-ahead log manager [mode=LOG_ONLY]
[11:46:25,043][WARNING][main][GridCacheDatabaseSharedManager] DataRegionConfiguration.maxWalArchiveSize instead DataRegionConfiguration.walHistorySize would be used for removing old archive wal files
[11:46:25,062][INFO][main][GridCacheDatabaseSharedManager] Configured data regions initialized successfully [total=4]
[11:46:25,079][INFO][main][PartitionsEvictManager] Evict partition permits=2
[11:46:25,106][WARNING][main][IgniteH2Indexing] Serialization of Java objects in H2 was enabled.
[11:46:25,278][INFO][main][ClientListenerProcessor] Client connector processor has started on TCP port 10800
[11:46:25,331][INFO][main][GridTcpRestProtocol] Command protocol successfully started [name=TCP binary, host=0.0.0.0/0.0.0.0, port=11211]
[11:46:25,592][INFO][main][GridJettyRestProtocol] Command protocol successfully started [name=Jetty REST, host=/0.0.0.0, port=8080]
[11:46:26,308][INFO][main][IgniteKernal%ignite-1] Non-loopback local IPs: 10.2.141.220, fe80:0:0:0:184b:6931:a7b8:9651%wlan1, fe80:0:0:0:34fd:f4d4:268a:ebf%wlan3, fe80:0:0:0:59a3:a605:f128:4848%eth3, fe80:0:0:0:b534:8a27:2a4e:9fac%wlan2, fe80:0:0:0:e57f:6772:dab4:4453%eth2
[11:46:26,308][INFO][main][IgniteKernal%ignite-1] Enabled local MACs: 00FF6866207C, 00FFAABBCCDD, A0510B888100, A0510B8881FF, A2510B8881FF
[11:46:26,313][INFO][main][GridCacheDatabaseSharedManager] Read checkpoint status [startMarker=D:\work\workspace\demo\demo-ignite\ignite\db\node00-6830b59d-be53-4670-b9b0-ad9c6eaec370\cp\1592451452716-a6fa6b3c-86f2-4c76-9326-869da9f14457-START.bin, endMarker=D:\work\workspace\demo\demo-ignite\ignite\db\node00-6830b59d-be53-4670-b9b0-ad9c6eaec370\cp\1592451452716-a6fa6b3c-86f2-4c76-9326-869da9f14457-END.bin]
[11:46:26,319][INFO][main][PageMemoryImpl] Started page memory [memoryAllocated=100.0 MiB, pages=24808, tableSize=1.9 MiB, checkpointBuffer=100.0 MiB]
[11:46:26,321][INFO][main][GridCacheDatabaseSharedManager] Checking memory state [lastValidPos=FileWALPointer [idx=0, fileOff=7740615, len=21409], lastMarked=FileWALPointer [idx=0, fileOff=7740615, len=21409], lastCheckpointId=a6fa6b3c-86f2-4c76-9326-869da9f14457]
[11:46:26,400][INFO][main][GridCacheDatabaseSharedManager] Found last checkpoint marker [cpId=a6fa6b3c-86f2-4c76-9326-869da9f14457, pos=FileWALPointer [idx=0, fileOff=7740615, len=21409]]
[11:46:26,450][INFO][main][GridCacheDatabaseSharedManager] Applying lost cache updates since last checkpoint record [lastMarked=FileWALPointer [idx=0, fileOff=7740615, len=21409], lastCheckpointId=a6fa6b3c-86f2-4c76-9326-869da9f14457]
[11:46:26,486][INFO][main][GridCacheDatabaseSharedManager] Finished applying WAL changes [updatesApplied=0, time=33 ms]
[11:46:26,487][INFO][main][GridCacheProcessor] Restoring partition state for local groups.
[11:46:26,487][INFO][main][GridCacheProcessor] Finished restoring partition state for local groups [groupsProcessed=0, partitionsProcessed=0, time=0ms]
[11:46:26,510][INFO][main][GridClusterStateProcessor] Restoring history for BaselineTopology[id=0]
[11:46:26,540][INFO][main][DistributedBaselineConfiguration] Baseline parameter 'baselineAutoAdjustEnabled' was changed from 'null' to 'false'
[11:46:26,541][INFO][main][DistributedBaselineConfiguration] Baseline parameter 'baselineAutoAdjustTimeout' was changed from 'null' to '300000'
[11:46:26,541][INFO][main][IgniteH2Indexing] SQL parameter 'sql.disabledFunctions' was changed from 'null' to '[FILE_WRITE, CANCEL_SESSION, MEMORY_USED, CSVREAD, LINK_SCHEMA, MEMORY_FREE, FILE_READ, CSVWRITE, SESSION_ID, LOCK_MODE]'
[11:46:26,557][INFO][main][FilePageStoreManager] Cleanup cache stores [total=1, left=0, cleanFiles=false]
[11:46:26,564][INFO][main][PageMemoryImpl] Started page memory [memoryAllocated=100.0 MiB, pages=24808, tableSize=1.9 MiB, checkpointBuffer=100.0 MiB]
[11:46:26,564][INFO][main][PageMemoryImpl] Started page memory [memoryAllocated=100.0 MiB, pages=24808, tableSize=1.9 MiB, checkpointBuffer=100.0 MiB]
[11:46:26,565][INFO][main][PageMemoryImpl] Started page memory [memoryAllocated=100.0 MiB, pages=24808, tableSize=1.9 MiB, checkpointBuffer=100.0 MiB]
[11:46:26,566][INFO][main][GridCacheDatabaseSharedManager] Configured data regions started successfully [total=4]
[11:46:26,567][INFO][main][GridCacheDatabaseSharedManager] Starting binary memory restore for: [-2100569601, -1309611973]
[11:46:26,950][INFO][main][GridCacheDatabaseSharedManager] Read checkpoint status [startMarker=D:\work\workspace\demo\demo-ignite\ignite\db\node00-6830b59d-be53-4670-b9b0-ad9c6eaec370\cp\1592451452716-a6fa6b3c-86f2-4c76-9326-869da9f14457-START.bin, endMarker=D:\work\workspace\demo\demo-ignite\ignite\db\node00-6830b59d-be53-4670-b9b0-ad9c6eaec370\cp\1592451452716-a6fa6b3c-86f2-4c76-9326-869da9f14457-END.bin]
[11:46:26,951][INFO][main][GridCacheDatabaseSharedManager] Checking memory state [lastValidPos=FileWALPointer [idx=0, fileOff=7740615, len=21409], lastMarked=FileWALPointer [idx=0, fileOff=7740615, len=21409], lastCheckpointId=a6fa6b3c-86f2-4c76-9326-869da9f14457]
[11:46:27,016][INFO][main][GridCacheDatabaseSharedManager] Found last checkpoint marker [cpId=a6fa6b3c-86f2-4c76-9326-869da9f14457, pos=FileWALPointer [idx=0, fileOff=7740615, len=21409]]
[11:46:27,025][INFO][main][GridCacheDatabaseSharedManager] Binary memory state restored at node startup [restoredPtr=FileWALPointer [idx=0, fileOff=7762024, len=0]]
[11:46:27,026][INFO][main][FileWriteAheadLogManager] Resuming logging to WAL segment [file=D:\work\workspace\demo\demo-ignite\ignite\db\wal\node00-6830b59d-be53-4670-b9b0-ad9c6eaec370\0000000000000000.wal, offset=7762024, ver=2]
[11:46:27,126][INFO][main][GridCacheProcessor] Started cache in recovery mode [name=ignite-sys-cache, id=-2100569601, dataRegionName=sysMemPlc, mode=REPLICATED, atomicity=TRANSACTIONAL, backups=2147483647, mvcc=false]
[11:46:27,161][INFO][main][PageMemoryImpl] Started page memory [memoryAllocated=1.6 GiB, pages=398912, tableSize=31.0 MiB, checkpointBuffer=401.9 MiB]
[11:46:27,207][INFO][main][GridCacheProcessor] Started cache in recovery mode [name=SQL_PUBLIC_T_CITY, id=-1309611973, dataRegionName=default, mode=PARTITIONED, atomicity=ATOMIC, backups=0, mvcc=false]
[11:46:27,209][INFO][main][GridCacheDatabaseSharedManager] Binary recovery performed in 642 ms.
[11:46:27,210][INFO][main][GridCacheDatabaseSharedManager] Read checkpoint status [startMarker=D:\work\workspace\demo\demo-ignite\ignite\db\node00-6830b59d-be53-4670-b9b0-ad9c6eaec370\cp\1592451452716-a6fa6b3c-86f2-4c76-9326-869da9f14457-START.bin, endMarker=D:\work\workspace\demo\demo-ignite\ignite\db\node00-6830b59d-be53-4670-b9b0-ad9c6eaec370\cp\1592451452716-a6fa6b3c-86f2-4c76-9326-869da9f14457-END.bin]
[11:46:27,210][INFO][main][GridCacheDatabaseSharedManager] Applying lost cache updates since last checkpoint record [lastMarked=FileWALPointer [idx=0, fileOff=7740615, len=21409], lastCheckpointId=a6fa6b3c-86f2-4c76-9326-869da9f14457]
[11:46:27,248][INFO][main][GridCacheDatabaseSharedManager] Finished applying WAL changes [updatesApplied=0, time=44 ms]
[11:46:27,249][INFO][main][GridCacheProcessor] Restoring partition state for local groups.
[11:46:27,953][INFO][main][GridCacheProcessor] Finished restoring partition state for local groups [groupsProcessed=2, partitionsProcessed=1124, time=702ms]
[11:46:28,014][INFO][main][TcpDiscoverySpi] Connection check threshold is calculated: 10000
[11:47:08,845][INFO][disco-notifier-worker-#44%ignite-1%][MvccProcessorImpl] Assigned mvcc coordinator [crd=MvccCoordinator [topVer=AffinityTopologyVersion [topVer=1, minorTopVer=0], nodeId=fb9483bd-6e5f-495d-ba17-2f027e4cfc0b, ver=1592452028828, local=true, initialized=false]]
[11:47:08,864][INFO][disco-notifier-worker-#44%ignite-1%][GridClusterStateProcessor] Sending activate request with BaselineTopology BaselineTopology [id=0, branchingHash=25009409, branchingType='Cluster activation', baselineNodes=[6830b59d-be53-4670-b9b0-ad9c6eaec370]]
[11:47:08,877][INFO][disco-notifier-worker-#44%ignite-1%][GridClusterStateProcessor] Received activate request with BaselineTopology[id=0]
[11:47:08,880][INFO][disco-notifier-worker-#44%ignite-1%][GridClusterStateProcessor] Started state transition: true
[11:47:08,911][INFO][exchange-worker-#46%ignite-1%][time] Started exchange init [topVer=AffinityTopologyVersion [topVer=1, minorTopVer=1], crd=true, evt=DISCOVERY_CUSTOM_EVT, evtNode=fb9483bd-6e5f-495d-ba17-2f027e4cfc0b, customEvt=ChangeGlobalStateMessage [id=395e885c271-0d4f6726-4945-4fb0-909e-5e6572eba2c7, reqId=450a2908-d090-497e-bbc0-8d5989f62b2b, initiatingNodeId=fb9483bd-6e5f-495d-ba17-2f027e4cfc0b, activate=true, baselineTopology=BaselineTopology [id=0, branchingHash=25009409, branchingType='Cluster activation', baselineNodes=[6830b59d-be53-4670-b9b0-ad9c6eaec370]], forceChangeBaselineTopology=false, timestamp=1592452028864], allowMerge=false, exchangeFreeSwitch=false]
[11:47:08,912][INFO][exchange-worker-#46%ignite-1%][GridDhtPartitionsExchangeFuture] Start activation process [nodeId=fb9483bd-6e5f-495d-ba17-2f027e4cfc0b, client=false, topVer=AffinityTopologyVersion [topVer=1, minorTopVer=1]]
[11:47:08,912][INFO][exchange-worker-#46%ignite-1%][FilePageStoreManager] Resolved page store work directory: D:\work\workspace\demo\demo-ignite\ignite\db\node00-6830b59d-be53-4670-b9b0-ad9c6eaec370
[11:47:08,915][INFO][exchange-worker-#46%ignite-1%][FileWriteAheadLogManager] Resuming logging to WAL segment [file=D:\work\workspace\demo\demo-ignite\ignite\db\wal\node00-6830b59d-be53-4670-b9b0-ad9c6eaec370\0000000000000000.wal, offset=10937254, ver=2]
[11:47:08,916][INFO][exchange-worker-#46%ignite-1%][GridClusterStateProcessor] Writing BaselineTopology[id=0]
[11:47:08,927][INFO][exchange-worker-#46%ignite-1%][GridCacheDatabaseSharedManager] Finish recovery performed in 13 ms.
[11:47:08,927][INFO][exchange-worker-#46%ignite-1%][msg] Components activation performed in 15 ms.
[11:47:08,960][INFO][sys-#55%ignite-1%][GridCacheProcessor] Finished recovery for cache [cache=SQL_PUBLIC_T_CITY, grp=SQL_PUBLIC_T_CITY, startVer=AffinityTopologyVersion [topVer=1, minorTopVer=1]]
[11:47:08,960][INFO][exchange-worker-#46%ignite-1%][GridCacheProcessor] Finished recovery for cache [cache=ignite-sys-cache, grp=ignite-sys-cache, startVer=AffinityTopologyVersion [topVer=1, minorTopVer=1]]
[11:47:08,961][INFO][main][IgniteKernal%ignite-1] Performance suggestions for grid 'ignite-1' (fix if possible)
[11:47:08,961][INFO][main][IgniteKernal%ignite-1] To disable, set -DIGNITE_PERFORMANCE_SUGGESTIONS_DISABLED=true
[11:47:08,961][INFO][main][IgniteKernal%ignite-1]   ^-- Disable fully synchronous writes (set 'writeSynchronizationMode' to PRIMARY_SYNC or FULL_ASYNC)
[11:47:08,961][INFO][main][IgniteKernal%ignite-1]   ^-- Disable grid events (remove 'includeEventTypes' from configuration)
[11:47:08,961][INFO][main][IgniteKernal%ignite-1]   ^-- Enable G1 Garbage Collector (add '-XX:+UseG1GC' to JVM options)
[11:47:08,961][INFO][main][IgniteKernal%ignite-1]   ^-- Specify JVM heap max size (add '-Xmx<size>[g|G|m|M|k|K]' to JVM options)
[11:47:08,961][INFO][main][IgniteKernal%ignite-1]   ^-- Set max direct memory size if getting 'OOME: Direct buffer memory' (add '-XX:MaxDirectMemorySize=<size>[g|G|m|M|k|K]' to JVM options)
[11:47:08,961][INFO][main][IgniteKernal%ignite-1]   ^-- Disable processing of calls to System.gc() (add '-XX:+DisableExplicitGC' to JVM options)
[11:47:08,962][INFO][main][IgniteKernal%ignite-1] Refer to this page for more performance suggestions: https://apacheignite.readme.io/docs/jvm-and-system-tuning
[11:47:08,962][INFO][main][IgniteKernal%ignite-1] 
[11:47:08,962][INFO][main][IgniteKernal%ignite-1] To start Console Management & Monitoring run ignitevisorcmd.{sh|bat}
[11:47:08,963][INFO][main][IgniteKernal%ignite-1] Data Regions Configured:
[11:47:08,963][INFO][main][IgniteKernal%ignite-1]   ^-- default [initSize=256.0 MiB, maxSize=1.6 GiB, persistence=true, lazyMemoryAllocation=true]
[11:47:08,964][INFO][main][IgniteKernal%ignite-1] 

>>> +----------------------------------------------------------------------+
>>> Ignite ver. 2.8.1#20200521-sha1:864220966caa4157c4fee8a1bc85171623963604
>>> +----------------------------------------------------------------------+
>>> OS name: Windows 10 10.0 amd64
>>> CPU(s): 8
>>> Heap: 1.7GB
>>> VM name: 8368@DESKTOP-2JCJ7AL
>>> Ignite instance name: ignite-1
>>> Local node [ID=FB9483BD-6E5F-495D-BA17-2F027E4CFC0B, order=1, clientMode=false]
>>> Local node addresses: [DESKTOP-2JCJ7AL.gome.inc/0:0:0:0:0:0:0:1, /10.2.141.220, /127.0.0.1]
>>> Local ports: TCP:8080 TCP:10800 TCP:11211 TCP:47100 UDP:47400 TCP:47500 

[11:47:08,968][INFO][main][GridDiscoveryManager] Topology snapshot [ver=1, locNode=fb9483bd, servers=1, clients=0, state=INACTIVE, CPUs=8, offheap=1.6GB, heap=1.7GB]
[11:47:08,968][INFO][main][GridDiscoveryManager]   ^-- Baseline [id=0, size=1, online=1, offline=0]
[11:47:08,968][INFO][main][GridDiscoveryManager]   ^-- All baseline nodes are online, will start auto-activation
[11:47:08,969][INFO][main][G] Node started : [stage="Configure system pool" (55 ms),stage="Start managers" (946 ms),stage="Configure binary metadata" (125 ms),stage="Start processors" (756 ms),stage="Init metastore" (931 ms),stage="Init and start regions" (8 ms),stage="Restore binary memory" (643 ms),stage="Restore logical state" (743 ms),stage="Finish recovery" (47 ms),stage="Join topology" (40842 ms),stage="Await transition" (35 ms),stage="Await exchange" (90 ms),stage="Total time" (45221 ms)]
[11:47:08,974][INFO][exchange-worker-#46%ignite-1%][GridDhtPartitionsExchangeFuture] Successfully activated caches [nodeId=fb9483bd-6e5f-495d-ba17-2f027e4cfc0b, client=false, topVer=AffinityTopologyVersion [topVer=1, minorTopVer=1]]
[11:47:08,980][INFO][exchange-worker-#46%ignite-1%][GridDhtPartitionsExchangeFuture] Finished waiting for partition release future [topVer=AffinityTopologyVersion [topVer=1, minorTopVer=1], waitTime=0ms, futInfo=NA, mode=LOCAL]
[11:47:09,023][INFO][exchange-worker-#46%ignite-1%][GridDhtPartitionsExchangeFuture] finishExchangeOnCoordinator [topVer=AffinityTopologyVersion [topVer=1, minorTopVer=1], resVer=AffinityTopologyVersion [topVer=1, minorTopVer=1]]
[11:47:09,036][INFO][db-checkpoint-thread-#60%ignite-1%][GridCacheDatabaseSharedManager] Checkpoint started [checkpointId=c552f9e9-2d21-49a0-bbfa-7cd9b72d5bb1, startPtr=FileWALPointer [idx=0, fileOff=11098962, len=21425], checkpointBeforeLockTime=18ms, checkpointLockWait=1ms, checkpointListenersExecuteTime=6ms, checkpointLockHoldTime=10ms, walCpRecordFsyncDuration=4ms, writeCheckpointEntryDuration=5ms, splitAndSortCpPagesDuration=4ms,  pages=784, reason='node started']
[11:47:09,073][INFO][exchange-worker-#46%ignite-1%][GridDhtPartitionsExchangeFuture] Finish exchange future [startVer=AffinityTopologyVersion [topVer=1, minorTopVer=1], resVer=AffinityTopologyVersion [topVer=1, minorTopVer=1], err=null, rebalanced=true, wasRebalanced=false]
[11:47:09,073][INFO][disco-notifier-worker-#44%ignite-1%][GridClusterStateProcessor] Received state change finish message: true
[11:47:09,095][INFO][exchange-worker-#46%ignite-1%][GridCacheProcessor] Finish proxy initialization, cacheName=ignite-sys-cache, localNodeId=fb9483bd-6e5f-495d-ba17-2f027e4cfc0b
[11:47:09,096][INFO][exchange-worker-#46%ignite-1%][GridCacheProcessor] Finish proxy initialization, cacheName=SQL_PUBLIC_T_CITY, localNodeId=fb9483bd-6e5f-495d-ba17-2f027e4cfc0b
[11:47:09,100][INFO][sys-#53%ignite-1%][DistributedBaselineConfiguration] Baseline auto-adjust is 'disabled' with timeout='300000' ms
[11:47:09,101][INFO][sys-#53%ignite-1%][GridClusterStateProcessor] Successfully performed final activation steps [nodeId=fb9483bd-6e5f-495d-ba17-2f027e4cfc0b, client=false, topVer=AffinityTopologyVersion [topVer=1, minorTopVer=1]]
[11:47:09,101][INFO][exchange-worker-#46%ignite-1%][GridDhtPartitionsExchangeFuture] Completed partition exchange [localNode=fb9483bd-6e5f-495d-ba17-2f027e4cfc0b, exchange=GridDhtPartitionsExchangeFuture [topVer=AffinityTopologyVersion [topVer=1, minorTopVer=1], evt=DISCOVERY_CUSTOM_EVT, evtNode=TcpDiscoveryNode [id=fb9483bd-6e5f-495d-ba17-2f027e4cfc0b, consistentId=6830b59d-be53-4670-b9b0-ad9c6eaec370, addrs=ArrayList [0:0:0:0:0:0:0:1, 10.2.141.220, 127.0.0.1], sockAddrs=HashSet [/0:0:0:0:0:0:0:1:47500, /127.0.0.1:47500, DESKTOP-2JCJ7AL.gome.inc/10.2.141.220:47500], discPort=47500, order=1, intOrder=1, lastExchangeTime=1592451988014, loc=true, ver=2.8.1#20200521-sha1:86422096, isClient=false], done=true, newCrdFut=null], topVer=AffinityTopologyVersion [topVer=1, minorTopVer=1]]
[11:47:09,101][INFO][exchange-worker-#46%ignite-1%][GridDhtPartitionsExchangeFuture] Exchange timings [startVer=AffinityTopologyVersion [topVer=1, minorTopVer=1], resVer=AffinityTopologyVersion [topVer=1, minorTopVer=1], stage="Waiting in exchange queue" (20 ms), stage="Exchange parameters initialization" (3 ms), stage="Update caches registry" (21 ms), stage="Start caches" (28 ms), stage="Affinity initialization on cache group start" (12 ms), stage="Determine exchange type" (2 ms), stage="Preloading notification" (0 ms), stage="WAL history reservation" (1 ms), stage="Wait partitions release" (2 ms), stage="Restore partition states" (7 ms), stage="After states restored callback" (33 ms), stage="Waiting for all single messages" (0 ms), stage="Affinity recalculation (crd)" (0 ms), stage="Collect update counters and create affinity messages" (0 ms), stage="Validate partitions states" (2 ms), stage="Assign partitions states" (6 ms), stage="Ideal affinity diff calculation (enforced)" (10 ms), stage="Apply update counters" (2 ms), stage="Full message preparing" (23 ms), stage="Full message sending" (1 ms), stage="State finish message sending" (1 ms), stage="Exchange done" (28 ms), stage="Total time" (202 ms)]
[11:47:09,102][INFO][exchange-worker-#46%ignite-1%][GridDhtPartitionsExchangeFuture] Exchange longest local stages [startVer=AffinityTopologyVersion [topVer=1, minorTopVer=1], resVer=AffinityTopologyVersion [topVer=1, minorTopVer=1], stage="Affinity initialization on cache group start [grp=SQL_PUBLIC_T_CITY]" (12 ms) (parent=Affinity initialization on cache group start), stage="Affinity initialization on cache group start [grp=ignite-sys-cache]" (8 ms) (parent=Affinity initialization on cache group start), stage="Affinity centralized initialization (crd) [grp=SQL_PUBLIC_T_CITY, crd=true]" (1 ms) (parent=Determine exchange type), stage="Affinity centralized initialization (crd) [grp=ignite-sys-cache, crd=true]" (0 ms) (parent=Determine exchange type), stage="Restore partition states [grp=SQL_PUBLIC_T_CITY]" (7 ms) (parent=Restore partition states), stage="Restore partition states [grp=ignite-sys-cache]" (3 ms) (parent=Restore partition states), stage="Affinity recalculation (partitions availability) [grp=SQL_PUBLIC_T_CITY]" (10 ms) (parent=Ideal affinity diff calculation (enforced)), stage="Affinity recalculation (partitions availability) [grp=ignite-sys-cache]" (3 ms) (parent=Ideal affinity diff calculation (enforced))]
[11:47:09,103][INFO][exchange-worker-#46%ignite-1%][time] Finished exchange init [topVer=AffinityTopologyVersion [topVer=1, minorTopVer=1], crd=true]
[11:47:09,110][INFO][exchange-worker-#46%ignite-1%][GridCachePartitionExchangeManager] Skipping rebalancing (nothing scheduled) [top=AffinityTopologyVersion [topVer=1, minorTopVer=1], force=false, evt=DISCOVERY_CUSTOM_EVT, node=fb9483bd-6e5f-495d-ba17-2f027e4cfc0b]
[11:47:09,421][INFO][db-checkpoint-thread-#60%ignite-1%][GridCacheDatabaseSharedManager] Checkpoint finished [cpId=c552f9e9-2d21-49a0-bbfa-7cd9b72d5bb1, pages=784, markPos=FileWALPointer [idx=0, fileOff=11098962, len=21425], walSegmentsCleared=0, walSegmentsCovered=[], markDuration=26ms, pagesWrite=41ms, fsync=342ms, total=428ms]
[11:47:18,888][INFO][ignite-update-notifier-timer][GridUpdateNotifier] Your version is up to date.
[11:47:55,244][INFO][tcp-disco-srvr-[:47500]-#3%ignite-1%][TcpDiscoverySpi] TCP discovery accepted incoming connection [rmtAddr=/10.2.141.220, rmtPort=65202]
[11:47:55,256][INFO][tcp-disco-srvr-[:47500]-#3%ignite-1%][TcpDiscoverySpi] TCP discovery spawning a new thread for connection [rmtAddr=/10.2.141.220, rmtPort=65202]
[11:47:55,257][INFO][tcp-disco-sock-reader-[]-#6%ignite-1%][TcpDiscoverySpi] Started serving remote node connection [rmtAddr=/10.2.141.220:65202, rmtPort=65202]
[11:47:55,260][INFO][tcp-disco-sock-reader-[29464083 10.2.141.220:65202]-#6%ignite-1%][TcpDiscoverySpi] Initialized connection with remote server node [nodeId=29464083-413d-4332-97e2-c9aa16c31e6e, rmtAddr=/10.2.141.220:65202]
[11:47:55,281][INFO][tcp-disco-sock-reader-[29464083 10.2.141.220:65202]-#6%ignite-1%][TcpDiscoverySpi] Finished serving remote node connection [rmtAddr=/10.2.141.220:65202, rmtPort=65202
[11:47:55,287][INFO][tcp-disco-msg-worker-[crd]-#2%ignite-1%][GridEncryptionManager] Joining node doesn't have encryption data [node=29464083-413d-4332-97e2-c9aa16c31e6e]
[11:47:55,308][INFO][tcp-disco-msg-worker-[crd]-#2%ignite-1%][TcpDiscoverySpi] New next node [newNext=TcpDiscoveryNode [id=29464083-413d-4332-97e2-c9aa16c31e6e, consistentId=35c3f077-8437-41fe-a829-b61d47f639ce, addrs=ArrayList [0:0:0:0:0:0:0:1, 10.2.141.220, 127.0.0.1], sockAddrs=HashSet [DESKTOP-2JCJ7AL.gome.inc/10.2.141.220:47501, /0:0:0:0:0:0:0:1:47501, /127.0.0.1:47501], discPort=47501, order=0, intOrder=2, lastExchangeTime=1592452075259, loc=false, ver=2.8.1#20200521-sha1:86422096, isClient=false]]
[11:47:55,322][INFO][tcp-disco-srvr-[:47500]-#3%ignite-1%][TcpDiscoverySpi] TCP discovery accepted incoming connection [rmtAddr=/0:0:0:0:0:0:0:1, rmtPort=65205]
[11:47:55,322][INFO][tcp-disco-srvr-[:47500]-#3%ignite-1%][TcpDiscoverySpi] TCP discovery spawning a new thread for connection [rmtAddr=/0:0:0:0:0:0:0:1, rmtPort=65205]
[11:47:55,322][INFO][tcp-disco-sock-reader-[]-#7%ignite-1%][TcpDiscoverySpi] Started serving remote node connection [rmtAddr=/0:0:0:0:0:0:0:1:65205, rmtPort=65205]
[11:47:55,323][INFO][tcp-disco-sock-reader-[29464083 0:0:0:0:0:0:0:1:65205]-#7%ignite-1%][TcpDiscoverySpi] Initialized connection with remote server node [nodeId=29464083-413d-4332-97e2-c9aa16c31e6e, rmtAddr=/0:0:0:0:0:0:0:1:65205]
[11:47:55,327][INFO][disco-event-worker-#45%ignite-1%][GridDiscoveryManager] Added new node to topology: TcpDiscoveryNode [id=29464083-413d-4332-97e2-c9aa16c31e6e, consistentId=35c3f077-8437-41fe-a829-b61d47f639ce, addrs=ArrayList [0:0:0:0:0:0:0:1, 10.2.141.220, 127.0.0.1], sockAddrs=HashSet [DESKTOP-2JCJ7AL.gome.inc/10.2.141.220:47501, /0:0:0:0:0:0:0:1:47501, /127.0.0.1:47501], discPort=47501, order=2, intOrder=2, lastExchangeTime=1592452075259, loc=false, ver=2.8.1#20200521-sha1:86422096, isClient=false]
[11:47:55,327][INFO][disco-event-worker-#45%ignite-1%][GridDiscoveryManager] Topology snapshot [ver=2, locNode=fb9483bd, servers=2, clients=0, state=ACTIVE, CPUs=8, offheap=3.1GB, heap=3.5GB]
[11:47:55,327][INFO][disco-event-worker-#45%ignite-1%][GridDiscoveryManager]   ^-- Baseline [id=0, size=1, online=1, offline=0]
[11:47:55,331][INFO][exchange-worker-#46%ignite-1%][time] Started exchange init [topVer=AffinityTopologyVersion [topVer=2, minorTopVer=0], crd=true, evt=NODE_JOINED, evtNode=29464083-413d-4332-97e2-c9aa16c31e6e, customEvt=null, allowMerge=true, exchangeFreeSwitch=false]
[11:47:55,343][INFO][exchange-worker-#46%ignite-1%][GridDhtPartitionsExchangeFuture] Finished waiting for partition release future [topVer=AffinityTopologyVersion [topVer=2, minorTopVer=0], waitTime=0ms, futInfo=NA, mode=DISTRIBUTED]
[11:47:55,345][INFO][exchange-worker-#46%ignite-1%][GridDhtPartitionsExchangeFuture] Finished waiting for partitions release latch: ServerLatch [permits=0, pendingAcks=HashSet [], super=CompletableLatch [id=CompletableLatchUid [id=exchange, topVer=AffinityTopologyVersion [topVer=2, minorTopVer=0]]]]
[11:47:55,346][INFO][exchange-worker-#46%ignite-1%][GridDhtPartitionsExchangeFuture] Finished waiting for partition release future [topVer=AffinityTopologyVersion [topVer=2, minorTopVer=0], waitTime=0ms, futInfo=NA, mode=LOCAL]
[11:47:55,346][INFO][exchange-worker-#46%ignite-1%][time] Finished exchange init [topVer=AffinityTopologyVersion [topVer=2, minorTopVer=0], crd=true]
[11:47:55,639][INFO][grid-nio-worker-tcp-comm-0-#24%ignite-1%][TcpCommunicationSpi] Accepted incoming communication connection [locAddr=/127.0.0.1:47100, rmtAddr=/127.0.0.1:65206]
[11:47:55,670][INFO][sys-#52%ignite-1%][GridDhtPartitionsExchangeFuture] Coordinator received single message [ver=AffinityTopologyVersion [topVer=2, minorTopVer=0], node=29464083-413d-4332-97e2-c9aa16c31e6e, allReceived=true]
[11:47:55,670][INFO][sys-#52%ignite-1%][GridDhtPartitionsExchangeFuture] Coordinator received all messages, try merge [ver=AffinityTopologyVersion [topVer=2, minorTopVer=0]]
[11:47:55,670][INFO][sys-#52%ignite-1%][GridDhtPartitionsExchangeFuture] finishExchangeOnCoordinator [topVer=AffinityTopologyVersion [topVer=2, minorTopVer=0], resVer=AffinityTopologyVersion [topVer=2, minorTopVer=0]]
[11:47:55,695][INFO][sys-#52%ignite-1%][GridDhtPartitionsExchangeFuture] Finish exchange future [startVer=AffinityTopologyVersion [topVer=2, minorTopVer=0], resVer=AffinityTopologyVersion [topVer=2, minorTopVer=0], err=null, rebalanced=true, wasRebalanced=true]
[11:47:55,697][INFO][sys-#52%ignite-1%][GridDhtPartitionsExchangeFuture] Completed partition exchange [localNode=fb9483bd-6e5f-495d-ba17-2f027e4cfc0b, exchange=GridDhtPartitionsExchangeFuture [topVer=AffinityTopologyVersion [topVer=2, minorTopVer=0], evt=NODE_JOINED, evtNode=TcpDiscoveryNode [id=29464083-413d-4332-97e2-c9aa16c31e6e, consistentId=35c3f077-8437-41fe-a829-b61d47f639ce, addrs=ArrayList [0:0:0:0:0:0:0:1, 10.2.141.220, 127.0.0.1], sockAddrs=HashSet [DESKTOP-2JCJ7AL.gome.inc/10.2.141.220:47501, /0:0:0:0:0:0:0:1:47501, /127.0.0.1:47501], discPort=47501, order=2, intOrder=2, lastExchangeTime=1592452075259, loc=false, ver=2.8.1#20200521-sha1:86422096, isClient=false], done=true, newCrdFut=null], topVer=AffinityTopologyVersion [topVer=2, minorTopVer=0]]
[11:47:55,698][INFO][sys-#52%ignite-1%][GridDhtPartitionsExchangeFuture] Exchange timings [startVer=AffinityTopologyVersion [topVer=2, minorTopVer=0], resVer=AffinityTopologyVersion [topVer=2, minorTopVer=0], stage="Waiting in exchange queue" (0 ms), stage="Exchange parameters initialization" (0 ms), stage="Determine exchange type" (6 ms), stage="Preloading notification" (0 ms), stage="WAL history reservation" (0 ms), stage="Wait partitions release" (4 ms), stage="Wait partitions release latch" (2 ms), stage="Wait partitions release" (0 ms), stage="After states restored callback" (0 ms), stage="Waiting for all single messages" (324 ms), stage="Exchanges merge" (0 ms), stage="Affinity recalculation (crd)" (8 ms), stage="Collect update counters and create affinity messages" (1 ms), stage="Validate partitions states" (1 ms), stage="Assign partitions states" (3 ms), stage="Apply update counters" (0 ms), stage="Full message preparing" (4 ms), stage="Full message sending" (4 ms), stage="Exchange done" (2 ms), stage="Total time" (359 ms), Discovery lag=64 ms, Latest started node id=29464083-413d-4332-97e2-c9aa16c31e6e]
[11:47:55,698][INFO][sys-#52%ignite-1%][GridDhtPartitionsExchangeFuture] Exchange longest local stages [startVer=AffinityTopologyVersion [topVer=2, minorTopVer=0], resVer=AffinityTopologyVersion [topVer=2, minorTopVer=0], stage="Affinity initialization (node join) [grp=SQL_PUBLIC_T_CITY, crd=true]" (4 ms) (parent=Affinity recalculation (crd)), stage="Affinity initialization (node join) [grp=ignite-sys-cache, crd=true]" (1 ms) (parent=Affinity recalculation (crd))]
[11:47:55,699][INFO][exchange-worker-#46%ignite-1%][GridCachePartitionExchangeManager] Skipping rebalancing (nothing scheduled) [top=AffinityTopologyVersion [topVer=2, minorTopVer=0], force=false, evt=NODE_JOINED, node=29464083-413d-4332-97e2-c9aa16c31e6e]
[11:48:08,962][INFO][grid-timeout-worker-#23%ignite-1%][IgniteKernal%ignite-1] 
Metrics for local node (to disable set 'metricsLogFrequency' to 0)
    ^-- Node [id=fb9483bd, name=ignite-1, uptime=00:01:00.001]
    ^-- H/N/C [hosts=1, nodes=2, CPUs=8]
    ^-- CPU [cur=0.27%, avg=0.23%, GC=0%]
    ^-- PageMemory [pages=4650]
    ^-- Heap [used=91MB, free=94.86%, comm=294MB]
    ^-- Off-heap [used=18MB, free=99.04%, comm=1807MB]
    ^--   sysMemPlc region [used=0MB, free=99.99%, comm=100MB]
    ^--   default region [used=18MB, free=98.86%, comm=1607MB]
    ^--   metastoreMemPlc region [used=0MB, free=99.92%, comm=0MB]
    ^--   TxLog region [used=0MB, free=100%, comm=100MB]
    ^-- Ignite persistence [used=30MB]
    ^--   sysMemPlc region [used=0MB]
    ^--   default region [used=30MB]
    ^--   metastoreMemPlc region [used=0MB]
    ^--   TxLog region [used=0MB]
    ^-- Outbound messages queue [size=0]
    ^-- Public thread pool [active=0, idle=0, qSize=0]
    ^-- System thread pool [active=0, idle=8, qSize=0]
