[11:34:08,882][WARNING][main][G] Consistent ID is not set, it is recommended to set consistent ID for production clusters (use IgniteConfiguration.setConsistentId property)
[11:34:09,037][INFO][main][IgniteKernal%ignite-1] 

>>>    __________  ________________  
>>>   /  _/ ___/ |/ /  _/_  __/ __/  
>>>  _/ // (7 7    // /  / / / _/    
>>> /___/\___/_/|_/___/ /_/ /___/   
>>> 
>>> ver. 2.8.1#20200521-sha1:86422096
>>> 2020 Copyright(C) Apache Software Foundation
>>> 
>>> Ignite documentation: http://ignite.apache.org

[11:34:09,046][INFO][main][IgniteKernal%ignite-1] Config URL: file:/D:/work/workspace/demo/demo-ignite/src/main/resources/example-ignite.xml
[11:34:09,058][INFO][main][IgniteKernal%ignite-1] IgniteConfiguration [igniteInstanceName=ignite-1, pubPoolSize=8, svcPoolSize=8, callbackPoolSize=8, stripedPoolSize=8, sysPoolSize=8, mgmtPoolSize=4, igfsPoolSize=8, dataStreamerPoolSize=8, utilityCachePoolSize=8, utilityCacheKeepAliveTime=60000, p2pPoolSize=2, qryPoolSize=8, sqlQryHistSize=1000, dfltQryTimeout=0, igniteHome=D:\软件\apache-ignite-2.8.1-bin, igniteWorkDir=D:\work\workspace\demo\demo-ignite\ignite, mbeanSrv=com.sun.jmx.mbeanserver.JmxMBeanServer@3d8314f0, nodeId=8aaf9995-48cf-4941-870e-277461404a17, marsh=BinaryMarshaller [], marshLocJobs=false, daemon=false, p2pEnabled=true, netTimeout=5000, netCompressionLevel=1, sndRetryDelay=1000, sndRetryCnt=3, metricsHistSize=10000, metricsUpdateFreq=2000, metricsExpTime=9223372036854775807, discoSpi=TcpDiscoverySpi [addrRslvr=null, sockTimeout=0, ackTimeout=0, marsh=null, reconCnt=10, reconDelay=2000, maxAckTimeout=600000, soLinger=5, forceSrvMode=false, clientReconnectDisabled=false, internalLsnr=null, skipAddrsRandomization=false], segPlc=STOP, segResolveAttempts=2, waitForSegOnStart=true, allResolversPassReq=true, segChkFreq=10000, commSpi=TcpCommunicationSpi [connectGate=null, connPlc=org.apache.ignite.spi.communication.tcp.TcpCommunicationSpi$FirstConnectionPolicy@7817fd62, chConnPlc=null, enableForcibleNodeKill=false, enableTroubleshootingLog=false, locAddr=null, locHost=null, locPort=47100, locPortRange=100, shmemPort=-1, directBuf=true, directSndBuf=false, idleConnTimeout=600000, connTimeout=5000, maxConnTimeout=600000, reconCnt=10, sockSndBuf=32768, sockRcvBuf=32768, msgQueueLimit=0, slowClientQueueLimit=0, nioSrvr=null, shmemSrv=null, usePairedConnections=false, connectionsPerNode=1, tcpNoDelay=true, filterReachableAddresses=false, ackSndThreshold=32, unackedMsgsBufSize=0, sockWriteTimeout=2000, boundTcpPort=-1, boundTcpShmemPort=-1, selectorsCnt=4, selectorSpins=0, addrRslvr=null, ctxInitLatch=java.util.concurrent.CountDownLatch@8297b3a[Count = 1], stopping=false, metricsLsnr=null], evtSpi=org.apache.ignite.spi.eventstorage.NoopEventStorageSpi@2362f559, colSpi=NoopCollisionSpi [], deploySpi=LocalDeploymentSpi [], indexingSpi=org.apache.ignite.spi.indexing.noop.NoopIndexingSpi@d35dea7, addrRslvr=null, encryptionSpi=org.apache.ignite.spi.encryption.noop.NoopEncryptionSpi@7770f470, clientMode=false, rebalanceThreadPoolSize=4, rebalanceTimeout=10000, rebalanceBatchesPrefetchCnt=3, rebalanceThrottle=0, rebalanceBatchSize=524288, txCfg=TransactionConfiguration [txSerEnabled=false, dfltIsolation=REPEATABLE_READ, dfltConcurrency=PESSIMISTIC, dfltTxTimeout=0, txTimeoutOnPartitionMapExchange=0, deadlockTimeout=10000, pessimisticTxLogSize=0, pessimisticTxLogLinger=10000, tmLookupClsName=null, txManagerFactory=null, useJtaSync=false], cacheSanityCheckEnabled=true, discoStartupDelay=60000, deployMode=SHARED, p2pMissedCacheSize=100, locHost=null, timeSrvPortBase=31100, timeSrvPortRange=100, failureDetectionTimeout=10000, sysWorkerBlockedTimeout=null, clientFailureDetectionTimeout=30000, metricsLogFreq=60000, hadoopCfg=null, connectorCfg=ConnectorConfiguration [jettyPath=null, host=null, port=11211, noDelay=true, directBuf=false, sndBufSize=32768, rcvBufSize=32768, idleQryCurTimeout=600000, idleQryCurCheckFreq=60000, sndQueueLimit=0, selectorCnt=4, idleTimeout=7000, sslEnabled=false, sslClientAuth=false, sslCtxFactory=null, sslFactory=null, portRange=100, threadPoolSize=8, msgInterceptor=null], odbcCfg=null, warmupClos=null, atomicCfg=AtomicConfiguration [seqReserveSize=1000, cacheMode=PARTITIONED, backups=1, aff=null, grpName=null], classLdr=null, sslCtxFactory=null, platformCfg=null, binaryCfg=null, memCfg=null, pstCfg=null, dsCfg=DataStorageConfiguration [sysRegionInitSize=41943040, sysRegionMaxSize=104857600, pageSize=0, concLvl=0, dfltDataRegConf=DataRegionConfiguration [name=default, maxSize=1685635891, initSize=268435456, swapPath=null, pageEvictionMode=DISABLED, evictionThreshold=0.9, emptyPagesPoolSize=100, metricsEnabled=false, metricsSubIntervalCount=5, metricsRateTimeInterval=60000, persistenceEnabled=true, checkpointPageBufSize=0, lazyMemoryAllocation=true], dataRegions=null, storagePath=null, checkpointFreq=180000, lockWaitTime=10000, checkpointThreads=4, checkpointWriteOrder=SEQUENTIAL, walHistSize=20, maxWalArchiveSize=1073741824, walSegments=10, walSegmentSize=67108864, walPath=db/wal, walArchivePath=db/wal/archive, metricsEnabled=false, walMode=LOG_ONLY, walTlbSize=131072, walBuffSize=0, walFlushFreq=2000, walFsyncDelay=1000, walRecordIterBuffSize=67108864, alwaysWriteFullPages=false, fileIOFactory=org.apache.ignite.internal.processors.cache.persistence.file.AsyncFileIOFactory@22fcf7ab, metricsSubIntervalCnt=5, metricsRateTimeInterval=60000, walAutoArchiveAfterInactivity=-1, writeThrottlingEnabled=false, walCompactionEnabled=false, walCompactionLevel=1, checkpointReadLockTimeout=null, walPageCompression=DISABLED, walPageCompressionLevel=null], activeOnStart=true, autoActivation=true, longQryWarnTimeout=3000, sqlConnCfg=null, cliConnCfg=ClientConnectorConfiguration [host=null, port=10800, portRange=100, sockSndBufSize=0, sockRcvBufSize=0, tcpNoDelay=true, maxOpenCursorsPerConn=128, threadPoolSize=8, idleTimeout=0, handshakeTimeout=10000, jdbcEnabled=true, odbcEnabled=true, thinCliEnabled=true, sslEnabled=false, useIgniteSslCtxFactory=true, sslClientAuth=false, sslCtxFactory=null, thinCliCfg=ThinClientConfiguration [maxActiveTxPerConn=100]], mvccVacuumThreadCnt=2, mvccVacuumFreq=5000, authEnabled=false, failureHnd=null, commFailureRslvr=null]
[11:34:09,068][INFO][main][IgniteKernal%ignite-1] Daemon mode: off
[11:34:09,068][INFO][main][IgniteKernal%ignite-1] OS: Windows 10 10.0 amd64
[11:34:09,068][INFO][main][IgniteKernal%ignite-1] OS user: 86156
[11:34:09,075][INFO][main][IgniteKernal%ignite-1] PID: 19296
[11:34:09,075][INFO][main][IgniteKernal%ignite-1] Language runtime: Java Platform API Specification ver. 1.8
[11:34:09,075][INFO][main][IgniteKernal%ignite-1] VM information: Java(TM) SE Runtime Environment 1.8.0_251-b08 Oracle Corporation Java HotSpot(TM) 64-Bit Server VM 25.251-b08
[11:34:09,077][INFO][main][IgniteKernal%ignite-1] VM total memory: 1.7GB
[11:34:09,077][INFO][main][IgniteKernal%ignite-1] Remote Management [restart: off, REST: on, JMX (remote: off)]
[11:34:09,077][INFO][main][IgniteKernal%ignite-1] Logger: JavaLogger [quiet=true, config=null]
[11:34:09,077][INFO][main][IgniteKernal%ignite-1] IGNITE_HOME=D:\软件\apache-ignite-2.8.1-bin
[11:34:09,077][INFO][main][IgniteKernal%ignite-1] VM arguments: [-javaagent:C:\Program Files\JetBrains\IntelliJ IDEA 2020.1\lib\idea_rt.jar=64364:C:\Program Files\JetBrains\IntelliJ IDEA 2020.1\bin, -Dfile.encoding=UTF-8]
[11:34:09,078][INFO][main][IgniteKernal%ignite-1] System cache's DataRegion size is configured to 40 MB. Use DataStorageConfiguration.systemRegionInitialSize property to change the setting.
[11:34:09,078][INFO][main][IgniteKernal%ignite-1] Configured caches [in 'sysMemPlc' dataRegion: ['ignite-sys-cache']]
[11:34:09,078][WARNING][main][IgniteKernal%ignite-1] Peer class loading is enabled (disable it in production for performance and deployment consistency reasons)
[11:34:09,078][WARNING][main][IgniteKernal%ignite-1] Please set system property '-Djava.net.preferIPv4Stack=true' to avoid possible problems in mixed environments.
[11:34:09,081][WARNING][pub-#19%ignite-1%][GridDiagnostic] This operating system has been tested less rigorously: Windows 10 10.0 amd64. Our team will appreciate the feedback if you experience any problems running ignite in this environment.
[11:34:09,082][INFO][main][IgniteKernal%ignite-1] 3-rd party licenses can be found at: D:\软件\apache-ignite-2.8.1-bin\libs\licenses
[11:34:09,083][WARNING][pub-#22%ignite-1%][GridDiagnostic] Initial heap size is 126MB (should be no less than 512MB, use -Xms512m -Xmx512m).
[11:34:09,187][INFO][main][IgnitePluginProcessor] Configured plugins:
[11:34:09,187][INFO][main][IgnitePluginProcessor]   ^-- None
[11:34:09,187][INFO][main][IgnitePluginProcessor] 
[11:34:09,192][INFO][main][FailureProcessor] Configured failure handler: [hnd=StopNodeOrHaltFailureHandler [tryStop=false, timeout=0, super=AbstractFailureHandler [ignoredFailureTypes=UnmodifiableSet [SYSTEM_WORKER_BLOCKED, SYSTEM_CRITICAL_OPERATION_TIMEOUT]]]]
[11:34:09,509][INFO][main][TcpCommunicationSpi] Successfully bound communication NIO server to TCP port [port=47100, locHost=0.0.0.0/0.0.0.0, selectorsCnt=4, selectorSpins=0, pairedConn=false]
[11:34:09,799][WARNING][main][TcpCommunicationSpi] Message queue limit is set to 0 which may lead to potential OOMEs when running cache operations in FULL_ASYNC or PRIMARY_SYNC modes due to message queues growth on sender and receiver sides.
[11:34:09,810][WARNING][main][NoopCheckpointSpi] Checkpoints are disabled (to enable configure any GridCheckpointSpi implementation)
[11:34:09,833][WARNING][main][GridCollisionManager] Collision resolution is disabled (all jobs will be activated upon arrival).
[11:34:09,837][INFO][main][IgniteKernal%ignite-1] Security status [authentication=off, tls/ssl=off]
[11:34:09,877][INFO][main][TcpDiscoverySpi] Successfully bound to TCP port [port=47500, localHost=0.0.0.0/0.0.0.0, locNodeId=8aaf9995-48cf-4941-870e-277461404a17]
[11:34:09,894][INFO][main][PdsFoldersResolver] Successfully locked persistence storage folder [D:\work\workspace\demo\demo-ignite\ignite\db\node00-6830b59d-be53-4670-b9b0-ad9c6eaec370]
[11:34:09,895][INFO][main][PdsFoldersResolver] Consistent ID used for local node is [6830b59d-be53-4670-b9b0-ad9c6eaec370] according to persistence data storage folders
[11:34:09,896][INFO][main][CacheObjectBinaryProcessorImpl] Resolved directory for serialized binary metadata: D:\work\workspace\demo\demo-ignite\ignite\binary_meta\node00-6830b59d-be53-4670-b9b0-ad9c6eaec370
[11:34:10,093][INFO][main][FilePageStoreManager] Resolved page store work directory: D:\work\workspace\demo\demo-ignite\ignite\db\node00-6830b59d-be53-4670-b9b0-ad9c6eaec370
[11:34:10,095][INFO][main][FileWriteAheadLogManager] Resolved write ahead log work directory: D:\work\workspace\demo\demo-ignite\ignite\db\wal\node00-6830b59d-be53-4670-b9b0-ad9c6eaec370
[11:34:10,095][INFO][main][FileWriteAheadLogManager] Resolved write ahead log archive directory: D:\work\workspace\demo\demo-ignite\ignite\db\wal\archive\node00-6830b59d-be53-4670-b9b0-ad9c6eaec370
[11:34:10,123][INFO][main][FileWriteAheadLogManager] Reached logical end of the segment for file D:\work\workspace\demo\demo-ignite\ignite\db\wal\node00-6830b59d-be53-4670-b9b0-ad9c6eaec370\0000000000000001.wal
[11:34:10,123][INFO][main][FileWriteAheadLogManager] Reached logical end of the segment for file D:\work\workspace\demo\demo-ignite\ignite\db\wal\node00-6830b59d-be53-4670-b9b0-ad9c6eaec370\0000000000000002.wal
[11:34:10,123][INFO][main][FileWriteAheadLogManager] Reached logical end of the segment for file D:\work\workspace\demo\demo-ignite\ignite\db\wal\node00-6830b59d-be53-4670-b9b0-ad9c6eaec370\0000000000000003.wal
[11:34:10,123][INFO][main][FileWriteAheadLogManager] Reached logical end of the segment for file D:\work\workspace\demo\demo-ignite\ignite\db\wal\node00-6830b59d-be53-4670-b9b0-ad9c6eaec370\0000000000000004.wal
[11:34:10,123][INFO][main][FileWriteAheadLogManager] Reached logical end of the segment for file D:\work\workspace\demo\demo-ignite\ignite\db\wal\node00-6830b59d-be53-4670-b9b0-ad9c6eaec370\0000000000000005.wal
[11:34:10,123][INFO][main][FileWriteAheadLogManager] Reached logical end of the segment for file D:\work\workspace\demo\demo-ignite\ignite\db\wal\node00-6830b59d-be53-4670-b9b0-ad9c6eaec370\0000000000000006.wal
[11:34:10,124][INFO][main][FileWriteAheadLogManager] Reached logical end of the segment for file D:\work\workspace\demo\demo-ignite\ignite\db\wal\node00-6830b59d-be53-4670-b9b0-ad9c6eaec370\0000000000000007.wal
[11:34:10,124][INFO][main][FileWriteAheadLogManager] Reached logical end of the segment for file D:\work\workspace\demo\demo-ignite\ignite\db\wal\node00-6830b59d-be53-4670-b9b0-ad9c6eaec370\0000000000000008.wal
[11:34:10,126][INFO][main][FileWriteAheadLogManager] Reached logical end of the segment for file D:\work\workspace\demo\demo-ignite\ignite\db\wal\node00-6830b59d-be53-4670-b9b0-ad9c6eaec370\0000000000000009.wal
[11:34:10,128][INFO][main][FileHandleManagerImpl] Initialized write-ahead log manager [mode=LOG_ONLY]
[11:34:10,137][WARNING][main][GridCacheDatabaseSharedManager] DataRegionConfiguration.maxWalArchiveSize instead DataRegionConfiguration.walHistorySize would be used for removing old archive wal files
[11:34:10,151][INFO][main][GridCacheDatabaseSharedManager] Configured data regions initialized successfully [total=4]
[11:34:10,169][INFO][main][PartitionsEvictManager] Evict partition permits=2
[11:34:10,196][WARNING][main][IgniteH2Indexing] Serialization of Java objects in H2 was enabled.
[11:34:10,354][INFO][main][ClientListenerProcessor] Client connector processor has started on TCP port 10800
[11:34:10,408][INFO][main][GridTcpRestProtocol] Command protocol successfully started [name=TCP binary, host=0.0.0.0/0.0.0.0, port=11211]
[11:34:10,649][INFO][main][GridJettyRestProtocol] Command protocol successfully started [name=Jetty REST, host=/0.0.0.0, port=8080]
[11:34:11,374][INFO][main][IgniteKernal%ignite-1] Non-loopback local IPs: 10.2.141.220, fe80:0:0:0:184b:6931:a7b8:9651%wlan1, fe80:0:0:0:34fd:f4d4:268a:ebf%wlan3, fe80:0:0:0:59a3:a605:f128:4848%eth3, fe80:0:0:0:b534:8a27:2a4e:9fac%wlan2, fe80:0:0:0:e57f:6772:dab4:4453%eth2
[11:34:11,374][INFO][main][IgniteKernal%ignite-1] Enabled local MACs: 00FF6866207C, 00FFAABBCCDD, A0510B888100, A0510B8881FF, A2510B8881FF
[11:34:11,379][INFO][main][GridCacheDatabaseSharedManager] Read checkpoint status [startMarker=D:\work\workspace\demo\demo-ignite\ignite\db\node00-6830b59d-be53-4670-b9b0-ad9c6eaec370\cp\1592451210652-9e09d32d-f477-40bf-8d2e-23bfa90d16e8-START.bin, endMarker=D:\work\workspace\demo\demo-ignite\ignite\db\node00-6830b59d-be53-4670-b9b0-ad9c6eaec370\cp\1592451210652-9e09d32d-f477-40bf-8d2e-23bfa90d16e8-END.bin]
[11:34:11,385][INFO][main][PageMemoryImpl] Started page memory [memoryAllocated=100.0 MiB, pages=24808, tableSize=1.9 MiB, checkpointBuffer=100.0 MiB]
[11:34:11,387][INFO][main][GridCacheDatabaseSharedManager] Checking memory state [lastValidPos=FileWALPointer [idx=0, fileOff=302866, len=1963], lastMarked=FileWALPointer [idx=0, fileOff=302866, len=1963], lastCheckpointId=9e09d32d-f477-40bf-8d2e-23bfa90d16e8]
[11:34:11,466][INFO][main][GridCacheDatabaseSharedManager] Found last checkpoint marker [cpId=9e09d32d-f477-40bf-8d2e-23bfa90d16e8, pos=FileWALPointer [idx=0, fileOff=302866, len=1963]]
[11:34:11,516][INFO][main][GridCacheDatabaseSharedManager] Applying lost cache updates since last checkpoint record [lastMarked=FileWALPointer [idx=0, fileOff=302866, len=1963], lastCheckpointId=9e09d32d-f477-40bf-8d2e-23bfa90d16e8]
[11:34:11,555][INFO][main][GridCacheDatabaseSharedManager] Finished applying WAL changes [updatesApplied=0, time=44 ms]
[11:34:11,555][INFO][main][GridCacheProcessor] Restoring partition state for local groups.
[11:34:11,556][INFO][main][GridCacheProcessor] Finished restoring partition state for local groups [groupsProcessed=0, partitionsProcessed=0, time=0ms]
[11:34:11,580][INFO][main][GridClusterStateProcessor] Restoring history for BaselineTopology[id=0]
[11:34:11,603][INFO][main][DistributedBaselineConfiguration] Baseline parameter 'baselineAutoAdjustEnabled' was changed from 'null' to 'false'
[11:34:11,603][INFO][main][DistributedBaselineConfiguration] Baseline parameter 'baselineAutoAdjustTimeout' was changed from 'null' to '300000'
[11:34:11,604][INFO][main][IgniteH2Indexing] SQL parameter 'sql.disabledFunctions' was changed from 'null' to '[FILE_WRITE, CANCEL_SESSION, MEMORY_USED, CSVREAD, LINK_SCHEMA, MEMORY_FREE, FILE_READ, CSVWRITE, SESSION_ID, LOCK_MODE]'
[11:34:11,616][INFO][main][FilePageStoreManager] Cleanup cache stores [total=1, left=0, cleanFiles=false]
[11:34:11,622][INFO][main][PageMemoryImpl] Started page memory [memoryAllocated=100.0 MiB, pages=24808, tableSize=1.9 MiB, checkpointBuffer=100.0 MiB]
[11:34:11,623][INFO][main][PageMemoryImpl] Started page memory [memoryAllocated=100.0 MiB, pages=24808, tableSize=1.9 MiB, checkpointBuffer=100.0 MiB]
[11:34:11,624][INFO][main][PageMemoryImpl] Started page memory [memoryAllocated=100.0 MiB, pages=24808, tableSize=1.9 MiB, checkpointBuffer=100.0 MiB]
[11:34:11,625][INFO][main][GridCacheDatabaseSharedManager] Configured data regions started successfully [total=4]
[11:34:11,625][INFO][main][GridCacheDatabaseSharedManager] Starting binary memory restore for: [-2100569601]
[11:34:11,646][INFO][main][GridCacheDatabaseSharedManager] Read checkpoint status [startMarker=D:\work\workspace\demo\demo-ignite\ignite\db\node00-6830b59d-be53-4670-b9b0-ad9c6eaec370\cp\1592451210652-9e09d32d-f477-40bf-8d2e-23bfa90d16e8-START.bin, endMarker=D:\work\workspace\demo\demo-ignite\ignite\db\node00-6830b59d-be53-4670-b9b0-ad9c6eaec370\cp\1592451210652-9e09d32d-f477-40bf-8d2e-23bfa90d16e8-END.bin]
[11:34:11,646][INFO][main][GridCacheDatabaseSharedManager] Checking memory state [lastValidPos=FileWALPointer [idx=0, fileOff=302866, len=1963], lastMarked=FileWALPointer [idx=0, fileOff=302866, len=1963], lastCheckpointId=9e09d32d-f477-40bf-8d2e-23bfa90d16e8]
[11:34:11,713][INFO][main][GridCacheDatabaseSharedManager] Found last checkpoint marker [cpId=9e09d32d-f477-40bf-8d2e-23bfa90d16e8, pos=FileWALPointer [idx=0, fileOff=302866, len=1963]]
[11:34:11,722][INFO][main][GridCacheDatabaseSharedManager] Binary memory state restored at node startup [restoredPtr=FileWALPointer [idx=0, fileOff=304829, len=0]]
[11:34:11,722][INFO][main][FileWriteAheadLogManager] Resuming logging to WAL segment [file=D:\work\workspace\demo\demo-ignite\ignite\db\wal\node00-6830b59d-be53-4670-b9b0-ad9c6eaec370\0000000000000000.wal, offset=304829, ver=2]
[11:34:11,819][INFO][main][GridCacheProcessor] Started cache in recovery mode [name=ignite-sys-cache, id=-2100569601, dataRegionName=sysMemPlc, mode=REPLICATED, atomicity=TRANSACTIONAL, backups=2147483647, mvcc=false]
[11:34:11,821][INFO][main][GridCacheDatabaseSharedManager] Binary recovery performed in 196 ms.
[11:34:11,822][INFO][main][GridCacheDatabaseSharedManager] Read checkpoint status [startMarker=D:\work\workspace\demo\demo-ignite\ignite\db\node00-6830b59d-be53-4670-b9b0-ad9c6eaec370\cp\1592451210652-9e09d32d-f477-40bf-8d2e-23bfa90d16e8-START.bin, endMarker=D:\work\workspace\demo\demo-ignite\ignite\db\node00-6830b59d-be53-4670-b9b0-ad9c6eaec370\cp\1592451210652-9e09d32d-f477-40bf-8d2e-23bfa90d16e8-END.bin]
[11:34:11,822][INFO][main][GridCacheDatabaseSharedManager] Applying lost cache updates since last checkpoint record [lastMarked=FileWALPointer [idx=0, fileOff=302866, len=1963], lastCheckpointId=9e09d32d-f477-40bf-8d2e-23bfa90d16e8]
[11:34:11,860][INFO][main][GridCacheDatabaseSharedManager] Finished applying WAL changes [updatesApplied=0, time=43 ms]
[11:34:11,860][INFO][main][GridCacheProcessor] Restoring partition state for local groups.
[11:34:11,889][INFO][main][GridCacheProcessor] Finished restoring partition state for local groups [groupsProcessed=1, partitionsProcessed=100, time=33ms]
[11:34:11,966][INFO][main][TcpDiscoverySpi] Connection check threshold is calculated: 10000
[11:34:32,610][INFO][disco-notifier-worker-#43%ignite-1%][MvccProcessorImpl] Assigned mvcc coordinator [crd=MvccCoordinator [topVer=AffinityTopologyVersion [topVer=1, minorTopVer=0], nodeId=8aaf9995-48cf-4941-870e-277461404a17, ver=1592451272592, local=true, initialized=false]]
[11:34:32,620][INFO][disco-notifier-worker-#43%ignite-1%][GridClusterStateProcessor] Sending activate request with BaselineTopology BaselineTopology [id=0, branchingHash=25009409, branchingType='Cluster activation', baselineNodes=[6830b59d-be53-4670-b9b0-ad9c6eaec370]]
[11:34:32,630][INFO][disco-notifier-worker-#43%ignite-1%][GridClusterStateProcessor] Received activate request with BaselineTopology[id=0]
[11:34:32,632][INFO][disco-notifier-worker-#43%ignite-1%][GridClusterStateProcessor] Started state transition: true
[11:34:32,662][INFO][exchange-worker-#45%ignite-1%][time] Started exchange init [topVer=AffinityTopologyVersion [topVer=1, minorTopVer=1], crd=true, evt=DISCOVERY_CUSTOM_EVT, evtNode=8aaf9995-48cf-4941-870e-277461404a17, customEvt=ChangeGlobalStateMessage [id=e8fad75c271-bf32ac98-79d8-4b17-b59b-d7f8a2c392ac, reqId=0518ac41-9a0b-4436-8e19-58f247cd8fdd, initiatingNodeId=8aaf9995-48cf-4941-870e-277461404a17, activate=true, baselineTopology=BaselineTopology [id=0, branchingHash=25009409, branchingType='Cluster activation', baselineNodes=[6830b59d-be53-4670-b9b0-ad9c6eaec370]], forceChangeBaselineTopology=false, timestamp=1592451272620], allowMerge=false, exchangeFreeSwitch=false]
[11:34:32,662][INFO][exchange-worker-#45%ignite-1%][GridDhtPartitionsExchangeFuture] Start activation process [nodeId=8aaf9995-48cf-4941-870e-277461404a17, client=false, topVer=AffinityTopologyVersion [topVer=1, minorTopVer=1]]
[11:34:32,663][INFO][exchange-worker-#45%ignite-1%][FilePageStoreManager] Resolved page store work directory: D:\work\workspace\demo\demo-ignite\ignite\db\node00-6830b59d-be53-4670-b9b0-ad9c6eaec370
[11:34:32,664][INFO][exchange-worker-#45%ignite-1%][FileWriteAheadLogManager] Resuming logging to WAL segment [file=D:\work\workspace\demo\demo-ignite\ignite\db\wal\node00-6830b59d-be53-4670-b9b0-ad9c6eaec370\0000000000000000.wal, offset=304858, ver=2]
[11:34:32,665][INFO][exchange-worker-#45%ignite-1%][GridClusterStateProcessor] Writing BaselineTopology[id=0]
[11:34:32,675][INFO][exchange-worker-#45%ignite-1%][GridCacheDatabaseSharedManager] Finish recovery performed in 11 ms.
[11:34:32,675][INFO][exchange-worker-#45%ignite-1%][msg] Components activation performed in 12 ms.
[11:34:32,693][INFO][exchange-worker-#45%ignite-1%][GridCacheProcessor] Finished recovery for cache [cache=ignite-sys-cache, grp=ignite-sys-cache, startVer=AffinityTopologyVersion [topVer=1, minorTopVer=1]]
[11:34:32,703][INFO][exchange-worker-#45%ignite-1%][GridDhtPartitionsExchangeFuture] Successfully activated caches [nodeId=8aaf9995-48cf-4941-870e-277461404a17, client=false, topVer=AffinityTopologyVersion [topVer=1, minorTopVer=1]]
[11:34:32,705][INFO][main][IgniteKernal%ignite-1] Performance suggestions for grid 'ignite-1' (fix if possible)
[11:34:32,705][INFO][main][IgniteKernal%ignite-1] To disable, set -DIGNITE_PERFORMANCE_SUGGESTIONS_DISABLED=true
[11:34:32,705][INFO][main][IgniteKernal%ignite-1]   ^-- Disable grid events (remove 'includeEventTypes' from configuration)
[11:34:32,706][INFO][main][IgniteKernal%ignite-1]   ^-- Enable G1 Garbage Collector (add '-XX:+UseG1GC' to JVM options)
[11:34:32,706][INFO][main][IgniteKernal%ignite-1]   ^-- Specify JVM heap max size (add '-Xmx<size>[g|G|m|M|k|K]' to JVM options)
[11:34:32,706][INFO][main][IgniteKernal%ignite-1]   ^-- Set max direct memory size if getting 'OOME: Direct buffer memory' (add '-XX:MaxDirectMemorySize=<size>[g|G|m|M|k|K]' to JVM options)
[11:34:32,706][INFO][main][IgniteKernal%ignite-1]   ^-- Disable processing of calls to System.gc() (add '-XX:+DisableExplicitGC' to JVM options)
[11:34:32,706][INFO][main][IgniteKernal%ignite-1] Refer to this page for more performance suggestions: https://apacheignite.readme.io/docs/jvm-and-system-tuning
[11:34:32,706][INFO][main][IgniteKernal%ignite-1] 
[11:34:32,706][INFO][main][IgniteKernal%ignite-1] To start Console Management & Monitoring run ignitevisorcmd.{sh|bat}
[11:34:32,707][INFO][main][IgniteKernal%ignite-1] Data Regions Configured:
[11:34:32,707][INFO][main][IgniteKernal%ignite-1]   ^-- default [initSize=256.0 MiB, maxSize=1.6 GiB, persistence=true, lazyMemoryAllocation=true]
[11:34:32,708][INFO][exchange-worker-#45%ignite-1%][GridDhtPartitionsExchangeFuture] Finished waiting for partition release future [topVer=AffinityTopologyVersion [topVer=1, minorTopVer=1], waitTime=0ms, futInfo=NA, mode=LOCAL]
[11:34:32,708][INFO][main][IgniteKernal%ignite-1] 

>>> +----------------------------------------------------------------------+
>>> Ignite ver. 2.8.1#20200521-sha1:864220966caa4157c4fee8a1bc85171623963604
>>> +----------------------------------------------------------------------+
>>> OS name: Windows 10 10.0 amd64
>>> CPU(s): 8
>>> Heap: 1.7GB
>>> VM name: 19296@DESKTOP-2JCJ7AL
>>> Ignite instance name: ignite-1
>>> Local node [ID=8AAF9995-48CF-4941-870E-277461404A17, order=1, clientMode=false]
>>> Local node addresses: [DESKTOP-2JCJ7AL.gome.inc/0:0:0:0:0:0:0:1, /10.2.141.220, /127.0.0.1]
>>> Local ports: TCP:8080 TCP:10800 TCP:11211 TCP:47100 UDP:47400 TCP:47500 

[11:34:32,710][INFO][main][GridDiscoveryManager] Topology snapshot [ver=1, locNode=8aaf9995, servers=1, clients=0, state=INACTIVE, CPUs=8, offheap=1.6GB, heap=1.7GB]
[11:34:32,710][INFO][main][GridDiscoveryManager]   ^-- Baseline [id=0, size=1, online=1, offline=0]
[11:34:32,710][INFO][main][GridDiscoveryManager]   ^-- All baseline nodes are online, will start auto-activation
[11:34:32,711][INFO][main][G] Node started : [stage="Configure system pool" (42 ms),stage="Start managers" (827 ms),stage="Configure binary metadata" (108 ms),stage="Start processors" (724 ms),stage="Init metastore" (926 ms),stage="Init and start regions" (8 ms),stage="Restore binary memory" (196 ms),stage="Restore logical state" (67 ms),stage="Finish recovery" (63 ms),stage="Join topology" (20657 ms),stage="Await transition" (22 ms),stage="Await exchange" (77 ms),stage="Total time" (23717 ms)]
[11:34:32,721][INFO][exchange-worker-#45%ignite-1%][GridDhtPartitionsExchangeFuture] finishExchangeOnCoordinator [topVer=AffinityTopologyVersion [topVer=1, minorTopVer=1], resVer=AffinityTopologyVersion [topVer=1, minorTopVer=1]]
[11:34:32,730][INFO][db-checkpoint-thread-#56%ignite-1%][GridCacheDatabaseSharedManager] Checkpoint started [checkpointId=35624edc-29cc-4783-8bb0-3a8c507f9f50, startPtr=FileWALPointer [idx=0, fileOff=405535, len=1963], checkpointBeforeLockTime=4ms, checkpointLockWait=0ms, checkpointListenersExecuteTime=1ms, checkpointLockHoldTime=3ms, walCpRecordFsyncDuration=4ms, writeCheckpointEntryDuration=4ms, splitAndSortCpPagesDuration=0ms,  pages=15, reason='node started']
[11:34:32,739][INFO][exchange-worker-#45%ignite-1%][GridDhtPartitionsExchangeFuture] Finish exchange future [startVer=AffinityTopologyVersion [topVer=1, minorTopVer=1], resVer=AffinityTopologyVersion [topVer=1, minorTopVer=1], err=null, rebalanced=true, wasRebalanced=false]
[11:34:32,739][INFO][disco-notifier-worker-#43%ignite-1%][GridClusterStateProcessor] Received state change finish message: true
[11:34:32,741][INFO][db-checkpoint-thread-#56%ignite-1%][GridCacheDatabaseSharedManager] Checkpoint finished [cpId=35624edc-29cc-4783-8bb0-3a8c507f9f50, pages=15, markPos=FileWALPointer [idx=0, fileOff=405535, len=1963], walSegmentsCleared=0, walSegmentsCovered=[], markDuration=13ms, pagesWrite=4ms, fsync=7ms, total=28ms]
[11:34:32,751][INFO][exchange-worker-#45%ignite-1%][GridCacheProcessor] Finish proxy initialization, cacheName=ignite-sys-cache, localNodeId=8aaf9995-48cf-4941-870e-277461404a17
[11:34:32,753][INFO][sys-#62%ignite-1%][DistributedBaselineConfiguration] Baseline auto-adjust is 'disabled' with timeout='300000' ms
[11:34:32,754][INFO][sys-#62%ignite-1%][GridClusterStateProcessor] Successfully performed final activation steps [nodeId=8aaf9995-48cf-4941-870e-277461404a17, client=false, topVer=AffinityTopologyVersion [topVer=1, minorTopVer=1]]
[11:34:32,754][INFO][exchange-worker-#45%ignite-1%][GridDhtPartitionsExchangeFuture] Completed partition exchange [localNode=8aaf9995-48cf-4941-870e-277461404a17, exchange=GridDhtPartitionsExchangeFuture [topVer=AffinityTopologyVersion [topVer=1, minorTopVer=1], evt=DISCOVERY_CUSTOM_EVT, evtNode=TcpDiscoveryNode [id=8aaf9995-48cf-4941-870e-277461404a17, consistentId=6830b59d-be53-4670-b9b0-ad9c6eaec370, addrs=ArrayList [0:0:0:0:0:0:0:1, 10.2.141.220, 127.0.0.1], sockAddrs=HashSet [/0:0:0:0:0:0:0:1:47500, /127.0.0.1:47500, DESKTOP-2JCJ7AL.gome.inc/10.2.141.220:47500], discPort=47500, order=1, intOrder=1, lastExchangeTime=1592451251966, loc=true, ver=2.8.1#20200521-sha1:86422096, isClient=false], done=true, newCrdFut=null], topVer=AffinityTopologyVersion [topVer=1, minorTopVer=1]]
[11:34:32,754][INFO][exchange-worker-#45%ignite-1%][GridDhtPartitionsExchangeFuture] Exchange timings [startVer=AffinityTopologyVersion [topVer=1, minorTopVer=1], resVer=AffinityTopologyVersion [topVer=1, minorTopVer=1], stage="Waiting in exchange queue" (18 ms), stage="Exchange parameters initialization" (3 ms), stage="Update caches registry" (17 ms), stage="Start caches" (14 ms), stage="Affinity initialization on cache group start" (8 ms), stage="Determine exchange type" (2 ms), stage="Preloading notification" (0 ms), stage="WAL history reservation" (0 ms), stage="Wait partitions release" (2 ms), stage="Restore partition states" (2 ms), stage="After states restored callback" (8 ms), stage="Waiting for all single messages" (0 ms), stage="Affinity recalculation (crd)" (0 ms), stage="Collect update counters and create affinity messages" (0 ms), stage="Validate partitions states" (1 ms), stage="Assign partitions states" (1 ms), stage="Ideal affinity diff calculation (enforced)" (2 ms), stage="Apply update counters" (0 ms), stage="Full message preparing" (10 ms), stage="Full message sending" (0 ms), stage="State finish message sending" (0 ms), stage="Exchange done" (15 ms), stage="Total time" (103 ms)]
[11:34:32,754][INFO][exchange-worker-#45%ignite-1%][GridDhtPartitionsExchangeFuture] Exchange longest local stages [startVer=AffinityTopologyVersion [topVer=1, minorTopVer=1], resVer=AffinityTopologyVersion [topVer=1, minorTopVer=1], stage="Affinity initialization on cache group start [grp=ignite-sys-cache]" (8 ms) (parent=Affinity initialization on cache group start), stage="Affinity centralized initialization (crd) [grp=ignite-sys-cache, crd=true]" (1 ms) (parent=Determine exchange type), stage="Restore partition states [grp=ignite-sys-cache]" (2 ms) (parent=Restore partition states), stage="Affinity recalculation (partitions availability) [grp=ignite-sys-cache]" (2 ms) (parent=Ideal affinity diff calculation (enforced))]
[11:34:32,755][INFO][exchange-worker-#45%ignite-1%][time] Finished exchange init [topVer=AffinityTopologyVersion [topVer=1, minorTopVer=1], crd=true]
[11:34:32,757][INFO][exchange-worker-#45%ignite-1%][GridCachePartitionExchangeManager] Skipping rebalancing (nothing scheduled) [top=AffinityTopologyVersion [topVer=1, minorTopVer=1], force=false, evt=DISCOVERY_CUSTOM_EVT, node=8aaf9995-48cf-4941-870e-277461404a17]
[11:34:42,640][INFO][ignite-update-notifier-timer][GridUpdateNotifier] Your version is up to date.
[11:35:32,711][INFO][grid-timeout-worker-#23%ignite-1%][IgniteKernal%ignite-1] 
Metrics for local node (to disable set 'metricsLogFrequency' to 0)
    ^-- Node [id=8aaf9995, name=ignite-1, uptime=00:01:00.001]
    ^-- H/N/C [hosts=1, nodes=1, CPUs=8]
    ^-- CPU [cur=0.1%, avg=0.18%, GC=0%]
    ^-- PageMemory [pages=23]
    ^-- Heap [used=126MB, free=92.94%, comm=223MB]
    ^-- Off-heap [used=0MB, free=100%, comm=200MB]
    ^--   sysMemPlc region [used=0MB, free=99.99%, comm=100MB]
    ^--   default region [used=0MB, free=100%, comm=0MB]
    ^--   metastoreMemPlc region [used=0MB, free=99.92%, comm=0MB]
    ^--   TxLog region [used=0MB, free=100%, comm=100MB]
    ^-- Ignite persistence [used=0MB]
    ^--   sysMemPlc region [used=0MB]
    ^--   default region [used=0MB]
    ^--   metastoreMemPlc region [used=0MB]
    ^--   TxLog region [used=0MB]
    ^-- Outbound messages queue [size=0]
    ^-- Public thread pool [active=0, idle=0, qSize=0]
    ^-- System thread pool [active=0, idle=8, qSize=0]
[11:36:09,066][INFO][exchange-worker-#45%ignite-1%][time] Started exchange init [topVer=AffinityTopologyVersion [topVer=1, minorTopVer=2], crd=true, evt=DISCOVERY_CUSTOM_EVT, evtNode=8aaf9995-48cf-4941-870e-277461404a17, customEvt=DynamicCacheChangeBatch [id=110bd75c271-bf32ac98-79d8-4b17-b59b-d7f8a2c392ac, reqs=ArrayList [DynamicCacheChangeRequest [cacheName=SQL_PUBLIC_T_CITY, hasCfg=true, nodeId=8aaf9995-48cf-4941-870e-277461404a17, clientStartOnly=false, stop=false, destroy=false, disabledAfterStartfalse]], exchangeActions=ExchangeActions [startCaches=[SQL_PUBLIC_T_CITY], stopCaches=null, startGrps=[SQL_PUBLIC_T_CITY], stopGrps=[], resetParts=null, stateChangeRequest=null], startCaches=false], allowMerge=false, exchangeFreeSwitch=false]
[11:36:09,095][INFO][exchange-worker-#45%ignite-1%][PageMemoryImpl] Started page memory [memoryAllocated=1.6 GiB, pages=398912, tableSize=31.0 MiB, checkpointBuffer=401.9 MiB]
[11:36:09,263][INFO][exchange-worker-#45%ignite-1%][GridCacheProcessor] Started cache [name=SQL_PUBLIC_T_CITY, id=-1309611973, dataRegionName=default, mode=PARTITIONED, atomicity=ATOMIC, backups=0, mvcc=false]
[11:36:09,273][INFO][exchange-worker-#45%ignite-1%][GridDhtPartitionsExchangeFuture] Finished waiting for partition release future [topVer=AffinityTopologyVersion [topVer=1, minorTopVer=2], waitTime=0ms, futInfo=NA, mode=DISTRIBUTED]
[11:36:09,275][INFO][exchange-worker-#45%ignite-1%][GridDhtPartitionsExchangeFuture] Finished waiting for partitions release latch: ServerLatch [permits=0, pendingAcks=HashSet [], super=CompletableLatch [id=CompletableLatchUid [id=exchange, topVer=AffinityTopologyVersion [topVer=1, minorTopVer=2]]]]
[11:36:09,275][INFO][exchange-worker-#45%ignite-1%][GridDhtPartitionsExchangeFuture] Finished waiting for partition release future [topVer=AffinityTopologyVersion [topVer=1, minorTopVer=2], waitTime=0ms, futInfo=NA, mode=LOCAL]
[11:36:09,350][INFO][exchange-worker-#45%ignite-1%][GridDhtPartitionsExchangeFuture] finishExchangeOnCoordinator [topVer=AffinityTopologyVersion [topVer=1, minorTopVer=2], resVer=AffinityTopologyVersion [topVer=1, minorTopVer=2]]
[11:36:09,363][INFO][exchange-worker-#45%ignite-1%][GridDhtPartitionsExchangeFuture] Finish exchange future [startVer=AffinityTopologyVersion [topVer=1, minorTopVer=2], resVer=AffinityTopologyVersion [topVer=1, minorTopVer=2], err=null, rebalanced=true, wasRebalanced=true]
[11:36:09,366][INFO][exchange-worker-#45%ignite-1%][GridCacheProcessor] Finish proxy initialization, cacheName=SQL_PUBLIC_T_CITY, localNodeId=8aaf9995-48cf-4941-870e-277461404a17
[11:36:09,366][INFO][exchange-worker-#45%ignite-1%][GridDhtPartitionsExchangeFuture] Completed partition exchange [localNode=8aaf9995-48cf-4941-870e-277461404a17, exchange=GridDhtPartitionsExchangeFuture [topVer=AffinityTopologyVersion [topVer=1, minorTopVer=2], evt=DISCOVERY_CUSTOM_EVT, evtNode=TcpDiscoveryNode [id=8aaf9995-48cf-4941-870e-277461404a17, consistentId=6830b59d-be53-4670-b9b0-ad9c6eaec370, addrs=ArrayList [0:0:0:0:0:0:0:1, 10.2.141.220, 127.0.0.1], sockAddrs=HashSet [/0:0:0:0:0:0:0:1:47500, /127.0.0.1:47500, DESKTOP-2JCJ7AL.gome.inc/10.2.141.220:47500], discPort=47500, order=1, intOrder=1, lastExchangeTime=1592451251966, loc=true, ver=2.8.1#20200521-sha1:86422096, isClient=false], done=true, newCrdFut=null], topVer=AffinityTopologyVersion [topVer=1, minorTopVer=2]]
[11:36:09,366][INFO][exchange-worker-#45%ignite-1%][GridDhtPartitionsExchangeFuture] Exchange timings [startVer=AffinityTopologyVersion [topVer=1, minorTopVer=2], resVer=AffinityTopologyVersion [topVer=1, minorTopVer=2], stage="Waiting in exchange queue" (0 ms), stage="Exchange parameters initialization" (1 ms), stage="Update caches registry" (12 ms), stage="Start caches" (185 ms), stage="Affinity initialization on cache group start" (6 ms), stage="Determine exchange type" (0 ms), stage="Preloading notification" (0 ms), stage="WAL history reservation" (0 ms), stage="Wait partitions release" (3 ms), stage="Wait partitions release latch" (1 ms), stage="Wait partitions release" (0 ms), stage="Restore partition states" (41 ms), stage="After states restored callback" (32 ms), stage="Waiting for all single messages" (0 ms), stage="Affinity recalculation (crd)" (0 ms), stage="Collect update counters and create affinity messages" (0 ms), stage="Validate partitions states" (0 ms), stage="Assign partitions states" (4 ms), stage="Apply update counters" (1 ms), stage="Full message preparing" (5 ms), stage="Full message sending" (0 ms), stage="Exchange done" (3 ms), stage="Total time" (294 ms)]
[11:36:09,367][INFO][exchange-worker-#45%ignite-1%][GridDhtPartitionsExchangeFuture] Exchange longest local stages [startVer=AffinityTopologyVersion [topVer=1, minorTopVer=2], resVer=AffinityTopologyVersion [topVer=1, minorTopVer=2], stage="Affinity initialization on cache group start [grp=SQL_PUBLIC_T_CITY]" (6 ms) (parent=Affinity initialization on cache group start), stage="Restore partition states [grp=SQL_PUBLIC_T_CITY]" (41 ms) (parent=Restore partition states), stage="Restore partition states [grp=ignite-sys-cache]" (0 ms) (parent=Restore partition states)]
[11:36:09,367][INFO][exchange-worker-#45%ignite-1%][time] Finished exchange init [topVer=AffinityTopologyVersion [topVer=1, minorTopVer=2], crd=true]
[11:36:09,370][INFO][exchange-worker-#45%ignite-1%][GridCachePartitionExchangeManager] Skipping rebalancing (nothing scheduled) [top=AffinityTopologyVersion [topVer=1, minorTopVer=2], force=false, evt=DISCOVERY_CUSTOM_EVT, node=8aaf9995-48cf-4941-870e-277461404a17]
[11:36:32,714][INFO][grid-timeout-worker-#23%ignite-1%][IgniteKernal%ignite-1] 
Metrics for local node (to disable set 'metricsLogFrequency' to 0)
    ^-- Node [id=8aaf9995, name=ignite-1, uptime=00:02:00.011]
    ^-- H/N/C [hosts=1, nodes=1, CPUs=8]
    ^-- CPU [cur=0.53%, avg=0.62%, GC=0%]
    ^-- PageMemory [pages=6959]
    ^-- Heap [used=115MB, free=93.54%, comm=295MB]
    ^-- Off-heap [used=27MB, free=98.56%, comm=1807MB]
    ^--   sysMemPlc region [used=0MB, free=99.99%, comm=100MB]
    ^--   default region [used=27MB, free=98.29%, comm=1607MB]
    ^--   metastoreMemPlc region [used=0MB, free=99.92%, comm=0MB]
    ^--   TxLog region [used=0MB, free=100%, comm=100MB]
    ^-- Ignite persistence [used=27MB]
    ^--   sysMemPlc region [used=0MB]
    ^--   default region [used=27MB]
    ^--   metastoreMemPlc region [used=0MB]
    ^--   TxLog region [used=0MB]
    ^-- Outbound messages queue [size=0]
    ^-- Public thread pool [active=0, idle=0, qSize=0]
    ^-- System thread pool [active=0, idle=8, qSize=0]
[11:37:09,828][SEVERE][grid-nio-worker-client-listener-2-#32%ignite-1%][ClientListenerProcessor] Failed to process selector key [ses=GridSelectorNioSessionImpl [worker=ByteBufferNioClientWorker [readBuf=java.nio.HeapByteBuffer[pos=0 lim=8192 cap=8192], super=AbstractNioClientWorker [idx=2, bytesRcvd=0, bytesSent=0, bytesRcvd0=0, bytesSent0=0, select=true, super=GridWorker [name=grid-nio-worker-client-listener-2, igniteInstanceName=ignite-1, finished=false, heartbeatTs=1592451428768, hashCode=1040753470, interrupted=false, runner=grid-nio-worker-client-listener-2-#32%ignite-1%]]], writeBuf=null, readBuf=null, inRecovery=null, outRecovery=null, closeSocket=true, outboundMessagesQueueSizeMetric=null, super=GridNioSessionImpl [locAddr=/127.0.0.1:10800, rmtAddr=/127.0.0.1:64493, createTime=1592451358737, closeTime=0, bytesSent=63, bytesRcvd=31, bytesSent0=0, bytesRcvd0=0, sndSchedTime=1592451358737, lastSndTime=1592451358737, lastRcvTime=1592451358737, readsPaused=false, filterChain=FilterChain[filters=[GridNioAsyncNotifyFilter, GridNioCodecFilter [parser=ClientListenerBufferedParser, directMode=false]], accepted=true, markedForClose=false]]]
java.io.IOException: 远程主机强迫关闭了一个现有的连接。
	at sun.nio.ch.SocketDispatcher.read0(Native Method)
	at sun.nio.ch.SocketDispatcher.read(SocketDispatcher.java:43)
	at sun.nio.ch.IOUtil.readIntoNativeBuffer(IOUtil.java:223)
	at sun.nio.ch.IOUtil.read(IOUtil.java:197)
	at sun.nio.ch.SocketChannelImpl.read(SocketChannelImpl.java:380)
	at org.apache.ignite.internal.util.nio.GridNioServer$ByteBufferNioClientWorker.processRead(GridNioServer.java:1162)
	at org.apache.ignite.internal.util.nio.GridNioServer$AbstractNioClientWorker.processSelectedKeysOptimized(GridNioServer.java:2449)
	at org.apache.ignite.internal.util.nio.GridNioServer$AbstractNioClientWorker.bodyInternal(GridNioServer.java:2216)
	at org.apache.ignite.internal.util.nio.GridNioServer$AbstractNioClientWorker.body(GridNioServer.java:1857)
	at org.apache.ignite.internal.util.worker.GridWorker.run(GridWorker.java:120)
	at java.lang.Thread.run(Thread.java:748)
[11:37:09,828][SEVERE][grid-nio-worker-client-listener-1-#31%ignite-1%][ClientListenerProcessor] Failed to process selector key [ses=GridSelectorNioSessionImpl [worker=ByteBufferNioClientWorker [readBuf=java.nio.HeapByteBuffer[pos=0 lim=8192 cap=8192], super=AbstractNioClientWorker [idx=1, bytesRcvd=0, bytesSent=0, bytesRcvd0=0, bytesSent0=0, select=true, super=GridWorker [name=grid-nio-worker-client-listener-1, igniteInstanceName=ignite-1, finished=false, heartbeatTs=1592451428768, hashCode=1902573177, interrupted=false, runner=grid-nio-worker-client-listener-1-#31%ignite-1%]]], writeBuf=null, readBuf=null, inRecovery=null, outRecovery=null, closeSocket=true, outboundMessagesQueueSizeMetric=null, super=GridNioSessionImpl [locAddr=/127.0.0.1:10800, rmtAddr=/127.0.0.1:64492, createTime=1592451358726, closeTime=0, bytesSent=63, bytesRcvd=31, bytesSent0=0, bytesRcvd0=0, sndSchedTime=1592451358726, lastSndTime=1592451358737, lastRcvTime=1592451358726, readsPaused=false, filterChain=FilterChain[filters=[GridNioAsyncNotifyFilter, GridNioCodecFilter [parser=ClientListenerBufferedParser, directMode=false]], accepted=true, markedForClose=false]]]
java.io.IOException: 远程主机强迫关闭了一个现有的连接。
	at sun.nio.ch.SocketDispatcher.read0(Native Method)
	at sun.nio.ch.SocketDispatcher.read(SocketDispatcher.java:43)
	at sun.nio.ch.IOUtil.readIntoNativeBuffer(IOUtil.java:223)
	at sun.nio.ch.IOUtil.read(IOUtil.java:197)
	at sun.nio.ch.SocketChannelImpl.read(SocketChannelImpl.java:380)
	at org.apache.ignite.internal.util.nio.GridNioServer$ByteBufferNioClientWorker.processRead(GridNioServer.java:1162)
	at org.apache.ignite.internal.util.nio.GridNioServer$AbstractNioClientWorker.processSelectedKeysOptimized(GridNioServer.java:2449)
	at org.apache.ignite.internal.util.nio.GridNioServer$AbstractNioClientWorker.bodyInternal(GridNioServer.java:2216)
	at org.apache.ignite.internal.util.nio.GridNioServer$AbstractNioClientWorker.body(GridNioServer.java:1857)
	at org.apache.ignite.internal.util.worker.GridWorker.run(GridWorker.java:120)
	at java.lang.Thread.run(Thread.java:748)
[11:37:09,828][SEVERE][grid-nio-worker-client-listener-0-#30%ignite-1%][ClientListenerProcessor] Failed to process selector key [ses=GridSelectorNioSessionImpl [worker=ByteBufferNioClientWorker [readBuf=java.nio.HeapByteBuffer[pos=0 lim=8192 cap=8192], super=AbstractNioClientWorker [idx=0, bytesRcvd=0, bytesSent=0, bytesRcvd0=0, bytesSent0=0, select=true, super=GridWorker [name=grid-nio-worker-client-listener-0, igniteInstanceName=ignite-1, finished=false, heartbeatTs=1592451427690, hashCode=2096893883, interrupted=false, runner=grid-nio-worker-client-listener-0-#30%ignite-1%]]], writeBuf=null, readBuf=null, inRecovery=null, outRecovery=null, closeSocket=true, outboundMessagesQueueSizeMetric=null, super=GridNioSessionImpl [locAddr=/127.0.0.1:10800, rmtAddr=/127.0.0.1:64491, createTime=1592451358596, closeTime=0, bytesSent=56180, bytesRcvd=108208, bytesSent0=0, bytesRcvd0=0, sndSchedTime=1592451389674, lastSndTime=1592451389674, lastRcvTime=1592451389674, readsPaused=false, filterChain=FilterChain[filters=[GridNioAsyncNotifyFilter, GridNioCodecFilter [parser=ClientListenerBufferedParser, directMode=false]], accepted=true, markedForClose=false]]]
java.io.IOException: 远程主机强迫关闭了一个现有的连接。
	at sun.nio.ch.SocketDispatcher.read0(Native Method)
	at sun.nio.ch.SocketDispatcher.read(SocketDispatcher.java:43)
	at sun.nio.ch.IOUtil.readIntoNativeBuffer(IOUtil.java:223)
	at sun.nio.ch.IOUtil.read(IOUtil.java:197)
	at sun.nio.ch.SocketChannelImpl.read(SocketChannelImpl.java:380)
	at org.apache.ignite.internal.util.nio.GridNioServer$ByteBufferNioClientWorker.processRead(GridNioServer.java:1162)
	at org.apache.ignite.internal.util.nio.GridNioServer$AbstractNioClientWorker.processSelectedKeysOptimized(GridNioServer.java:2449)
	at org.apache.ignite.internal.util.nio.GridNioServer$AbstractNioClientWorker.bodyInternal(GridNioServer.java:2216)
	at org.apache.ignite.internal.util.nio.GridNioServer$AbstractNioClientWorker.body(GridNioServer.java:1857)
	at org.apache.ignite.internal.util.worker.GridWorker.run(GridWorker.java:120)
	at java.lang.Thread.run(Thread.java:748)
[11:37:09,828][SEVERE][grid-nio-worker-client-listener-3-#33%ignite-1%][ClientListenerProcessor] Failed to process selector key [ses=GridSelectorNioSessionImpl [worker=ByteBufferNioClientWorker [readBuf=java.nio.HeapByteBuffer[pos=0 lim=8192 cap=8192], super=AbstractNioClientWorker [idx=3, bytesRcvd=0, bytesSent=0, bytesRcvd0=0, bytesSent0=0, select=true, super=GridWorker [name=grid-nio-worker-client-listener-3, igniteInstanceName=ignite-1, finished=false, heartbeatTs=1592451428768, hashCode=1776907402, interrupted=false, runner=grid-nio-worker-client-listener-3-#33%ignite-1%]]], writeBuf=null, readBuf=null, inRecovery=null, outRecovery=null, closeSocket=true, outboundMessagesQueueSizeMetric=null, super=GridNioSessionImpl [locAddr=/127.0.0.1:10800, rmtAddr=/127.0.0.1:64494, createTime=1592451358737, closeTime=0, bytesSent=63, bytesRcvd=31, bytesSent0=0, bytesRcvd0=0, sndSchedTime=1592451358737, lastSndTime=1592451358737, lastRcvTime=1592451358737, readsPaused=false, filterChain=FilterChain[filters=[GridNioAsyncNotifyFilter, GridNioCodecFilter [parser=ClientListenerBufferedParser, directMode=false]], accepted=true, markedForClose=false]]]
java.io.IOException: 远程主机强迫关闭了一个现有的连接。
	at sun.nio.ch.SocketDispatcher.read0(Native Method)
	at sun.nio.ch.SocketDispatcher.read(SocketDispatcher.java:43)
	at sun.nio.ch.IOUtil.readIntoNativeBuffer(IOUtil.java:223)
	at sun.nio.ch.IOUtil.read(IOUtil.java:197)
	at sun.nio.ch.SocketChannelImpl.read(SocketChannelImpl.java:380)
	at org.apache.ignite.internal.util.nio.GridNioServer$ByteBufferNioClientWorker.processRead(GridNioServer.java:1162)
	at org.apache.ignite.internal.util.nio.GridNioServer$AbstractNioClientWorker.processSelectedKeysOptimized(GridNioServer.java:2449)
	at org.apache.ignite.internal.util.nio.GridNioServer$AbstractNioClientWorker.bodyInternal(GridNioServer.java:2216)
	at org.apache.ignite.internal.util.nio.GridNioServer$AbstractNioClientWorker.body(GridNioServer.java:1857)
	at org.apache.ignite.internal.util.worker.GridWorker.run(GridWorker.java:120)
	at java.lang.Thread.run(Thread.java:748)
[11:37:09,828][WARNING][grid-nio-worker-client-listener-2-#32%ignite-1%][ClientListenerProcessor] Client disconnected abruptly due to network connection loss or because the connection was left open on application shutdown. [cls=class o.a.i.i.util.nio.GridNioException, msg=远程主机强迫关闭了一个现有的连接。]
[11:37:09,829][WARNING][grid-nio-worker-client-listener-3-#33%ignite-1%][ClientListenerProcessor] Client disconnected abruptly due to network connection loss or because the connection was left open on application shutdown. [cls=class o.a.i.i.util.nio.GridNioException, msg=远程主机强迫关闭了一个现有的连接。]
[11:37:09,829][WARNING][grid-nio-worker-client-listener-1-#31%ignite-1%][ClientListenerProcessor] Client disconnected abruptly due to network connection loss or because the connection was left open on application shutdown. [cls=class o.a.i.i.util.nio.GridNioException, msg=远程主机强迫关闭了一个现有的连接。]
[11:37:09,829][WARNING][grid-nio-worker-client-listener-0-#30%ignite-1%][ClientListenerProcessor] Client disconnected abruptly due to network connection loss or because the connection was left open on application shutdown. [cls=class o.a.i.i.util.nio.GridNioException, msg=远程主机强迫关闭了一个现有的连接。]
[11:37:10,830][SEVERE][grid-nio-worker-client-listener-0-#30%ignite-1%][ClientListenerProcessor] Failed to process selector key [ses=GridSelectorNioSessionImpl [worker=ByteBufferNioClientWorker [readBuf=java.nio.HeapByteBuffer[pos=0 lim=8192 cap=8192], super=AbstractNioClientWorker [idx=0, bytesRcvd=0, bytesSent=0, bytesRcvd0=0, bytesSent0=0, select=true, super=GridWorker [name=grid-nio-worker-client-listener-0, igniteInstanceName=ignite-1, finished=false, heartbeatTs=1592451429823, hashCode=2096893883, interrupted=false, runner=grid-nio-worker-client-listener-0-#30%ignite-1%]]], writeBuf=null, readBuf=null, inRecovery=null, outRecovery=null, closeSocket=true, outboundMessagesQueueSizeMetric=null, super=GridNioSessionImpl [locAddr=/127.0.0.1:10800, rmtAddr=/127.0.0.1:64499, createTime=1592451358748, closeTime=0, bytesSent=63, bytesRcvd=31, bytesSent0=0, bytesRcvd0=0, sndSchedTime=1592451358748, lastSndTime=1592451358748, lastRcvTime=1592451358748, readsPaused=false, filterChain=FilterChain[filters=[GridNioAsyncNotifyFilter, GridNioCodecFilter [parser=ClientListenerBufferedParser, directMode=false]], accepted=true, markedForClose=false]]]
java.io.IOException: 远程主机强迫关闭了一个现有的连接。
	at sun.nio.ch.SocketDispatcher.read0(Native Method)
	at sun.nio.ch.SocketDispatcher.read(SocketDispatcher.java:43)
	at sun.nio.ch.IOUtil.readIntoNativeBuffer(IOUtil.java:223)
	at sun.nio.ch.IOUtil.read(IOUtil.java:197)
	at sun.nio.ch.SocketChannelImpl.read(SocketChannelImpl.java:380)
	at org.apache.ignite.internal.util.nio.GridNioServer$ByteBufferNioClientWorker.processRead(GridNioServer.java:1162)
	at org.apache.ignite.internal.util.nio.GridNioServer$AbstractNioClientWorker.processSelectedKeysOptimized(GridNioServer.java:2449)
	at org.apache.ignite.internal.util.nio.GridNioServer$AbstractNioClientWorker.bodyInternal(GridNioServer.java:2216)
	at org.apache.ignite.internal.util.nio.GridNioServer$AbstractNioClientWorker.body(GridNioServer.java:1857)
	at org.apache.ignite.internal.util.worker.GridWorker.run(GridWorker.java:120)
	at java.lang.Thread.run(Thread.java:748)
[11:37:10,830][SEVERE][grid-nio-worker-client-listener-2-#32%ignite-1%][ClientListenerProcessor] Failed to process selector key [ses=GridSelectorNioSessionImpl [worker=ByteBufferNioClientWorker [readBuf=java.nio.HeapByteBuffer[pos=0 lim=8192 cap=8192], super=AbstractNioClientWorker [idx=2, bytesRcvd=0, bytesSent=0, bytesRcvd0=0, bytesSent0=0, select=true, super=GridWorker [name=grid-nio-worker-client-listener-2, igniteInstanceName=ignite-1, finished=false, heartbeatTs=1592451429823, hashCode=1040753470, interrupted=false, runner=grid-nio-worker-client-listener-2-#32%ignite-1%]]], writeBuf=null, readBuf=null, inRecovery=null, outRecovery=null, closeSocket=true, outboundMessagesQueueSizeMetric=null, super=GridNioSessionImpl [locAddr=/127.0.0.1:10800, rmtAddr=/127.0.0.1:64497, createTime=1592451358737, closeTime=0, bytesSent=63, bytesRcvd=31, bytesSent0=0, bytesRcvd0=0, sndSchedTime=1592451358737, lastSndTime=1592451358737, lastRcvTime=1592451358737, readsPaused=false, filterChain=FilterChain[filters=[GridNioAsyncNotifyFilter, GridNioCodecFilter [parser=ClientListenerBufferedParser, directMode=false]], accepted=true, markedForClose=false]]]
java.io.IOException: 远程主机强迫关闭了一个现有的连接。
	at sun.nio.ch.SocketDispatcher.read0(Native Method)
	at sun.nio.ch.SocketDispatcher.read(SocketDispatcher.java:43)
	at sun.nio.ch.IOUtil.readIntoNativeBuffer(IOUtil.java:223)
	at sun.nio.ch.IOUtil.read(IOUtil.java:197)
	at sun.nio.ch.SocketChannelImpl.read(SocketChannelImpl.java:380)
	at org.apache.ignite.internal.util.nio.GridNioServer$ByteBufferNioClientWorker.processRead(GridNioServer.java:1162)
	at org.apache.ignite.internal.util.nio.GridNioServer$AbstractNioClientWorker.processSelectedKeysOptimized(GridNioServer.java:2449)
	at org.apache.ignite.internal.util.nio.GridNioServer$AbstractNioClientWorker.bodyInternal(GridNioServer.java:2216)
	at org.apache.ignite.internal.util.nio.GridNioServer$AbstractNioClientWorker.body(GridNioServer.java:1857)
	at org.apache.ignite.internal.util.worker.GridWorker.run(GridWorker.java:120)
	at java.lang.Thread.run(Thread.java:748)
[11:37:10,830][SEVERE][grid-nio-worker-client-listener-1-#31%ignite-1%][ClientListenerProcessor] Failed to process selector key [ses=GridSelectorNioSessionImpl [worker=ByteBufferNioClientWorker [readBuf=java.nio.HeapByteBuffer[pos=0 lim=8192 cap=8192], super=AbstractNioClientWorker [idx=1, bytesRcvd=0, bytesSent=0, bytesRcvd0=0, bytesSent0=0, select=true, super=GridWorker [name=grid-nio-worker-client-listener-1, igniteInstanceName=ignite-1, finished=false, heartbeatTs=1592451429823, hashCode=1902573177, interrupted=false, runner=grid-nio-worker-client-listener-1-#31%ignite-1%]]], writeBuf=null, readBuf=null, inRecovery=null, outRecovery=null, closeSocket=true, outboundMessagesQueueSizeMetric=null, super=GridNioSessionImpl [locAddr=/127.0.0.1:10800, rmtAddr=/127.0.0.1:64500, createTime=1592451358748, closeTime=0, bytesSent=63, bytesRcvd=31, bytesSent0=0, bytesRcvd0=0, sndSchedTime=1592451358748, lastSndTime=1592451358748, lastRcvTime=1592451358748, readsPaused=false, filterChain=FilterChain[filters=[GridNioAsyncNotifyFilter, GridNioCodecFilter [parser=ClientListenerBufferedParser, directMode=false]], accepted=true, markedForClose=false]]]
java.io.IOException: 远程主机强迫关闭了一个现有的连接。
	at sun.nio.ch.SocketDispatcher.read0(Native Method)
	at sun.nio.ch.SocketDispatcher.read(SocketDispatcher.java:43)
	at sun.nio.ch.IOUtil.readIntoNativeBuffer(IOUtil.java:223)
	at sun.nio.ch.IOUtil.read(IOUtil.java:197)
	at sun.nio.ch.SocketChannelImpl.read(SocketChannelImpl.java:380)
	at org.apache.ignite.internal.util.nio.GridNioServer$ByteBufferNioClientWorker.processRead(GridNioServer.java:1162)
	at org.apache.ignite.internal.util.nio.GridNioServer$AbstractNioClientWorker.processSelectedKeysOptimized(GridNioServer.java:2449)
	at org.apache.ignite.internal.util.nio.GridNioServer$AbstractNioClientWorker.bodyInternal(GridNioServer.java:2216)
	at org.apache.ignite.internal.util.nio.GridNioServer$AbstractNioClientWorker.body(GridNioServer.java:1857)
	at org.apache.ignite.internal.util.worker.GridWorker.run(GridWorker.java:120)
	at java.lang.Thread.run(Thread.java:748)
[11:37:10,830][SEVERE][grid-nio-worker-client-listener-3-#33%ignite-1%][ClientListenerProcessor] Failed to process selector key [ses=GridSelectorNioSessionImpl [worker=ByteBufferNioClientWorker [readBuf=java.nio.HeapByteBuffer[pos=0 lim=8192 cap=8192], super=AbstractNioClientWorker [idx=3, bytesRcvd=0, bytesSent=0, bytesRcvd0=0, bytesSent0=0, select=true, super=GridWorker [name=grid-nio-worker-client-listener-3, igniteInstanceName=ignite-1, finished=false, heartbeatTs=1592451429823, hashCode=1776907402, interrupted=false, runner=grid-nio-worker-client-listener-3-#33%ignite-1%]]], writeBuf=null, readBuf=null, inRecovery=null, outRecovery=null, closeSocket=true, outboundMessagesQueueSizeMetric=null, super=GridNioSessionImpl [locAddr=/127.0.0.1:10800, rmtAddr=/127.0.0.1:64498, createTime=1592451358748, closeTime=0, bytesSent=63, bytesRcvd=31, bytesSent0=0, bytesRcvd0=0, sndSchedTime=1592451358748, lastSndTime=1592451358748, lastRcvTime=1592451358748, readsPaused=false, filterChain=FilterChain[filters=[GridNioAsyncNotifyFilter, GridNioCodecFilter [parser=ClientListenerBufferedParser, directMode=false]], accepted=true, markedForClose=false]]]
java.io.IOException: 远程主机强迫关闭了一个现有的连接。
	at sun.nio.ch.SocketDispatcher.read0(Native Method)
	at sun.nio.ch.SocketDispatcher.read(SocketDispatcher.java:43)
	at sun.nio.ch.IOUtil.readIntoNativeBuffer(IOUtil.java:223)
	at sun.nio.ch.IOUtil.read(IOUtil.java:197)
	at sun.nio.ch.SocketChannelImpl.read(SocketChannelImpl.java:380)
	at org.apache.ignite.internal.util.nio.GridNioServer$ByteBufferNioClientWorker.processRead(GridNioServer.java:1162)
	at org.apache.ignite.internal.util.nio.GridNioServer$AbstractNioClientWorker.processSelectedKeysOptimized(GridNioServer.java:2449)
	at org.apache.ignite.internal.util.nio.GridNioServer$AbstractNioClientWorker.bodyInternal(GridNioServer.java:2216)
	at org.apache.ignite.internal.util.nio.GridNioServer$AbstractNioClientWorker.body(GridNioServer.java:1857)
	at org.apache.ignite.internal.util.worker.GridWorker.run(GridWorker.java:120)
	at java.lang.Thread.run(Thread.java:748)
[11:37:10,830][WARNING][grid-nio-worker-client-listener-0-#30%ignite-1%][ClientListenerProcessor] Client disconnected abruptly due to network connection loss or because the connection was left open on application shutdown. [cls=class o.a.i.i.util.nio.GridNioException, msg=远程主机强迫关闭了一个现有的连接。]
[11:37:10,831][WARNING][grid-nio-worker-client-listener-1-#31%ignite-1%][ClientListenerProcessor] Client disconnected abruptly due to network connection loss or because the connection was left open on application shutdown. [cls=class o.a.i.i.util.nio.GridNioException, msg=远程主机强迫关闭了一个现有的连接。]
[11:37:10,830][WARNING][grid-nio-worker-client-listener-2-#32%ignite-1%][ClientListenerProcessor] Client disconnected abruptly due to network connection loss or because the connection was left open on application shutdown. [cls=class o.a.i.i.util.nio.GridNioException, msg=远程主机强迫关闭了一个现有的连接。]
[11:37:10,831][WARNING][grid-nio-worker-client-listener-3-#33%ignite-1%][ClientListenerProcessor] Client disconnected abruptly due to network connection loss or because the connection was left open on application shutdown. [cls=class o.a.i.i.util.nio.GridNioException, msg=远程主机强迫关闭了一个现有的连接。]
[11:37:11,833][SEVERE][grid-nio-worker-client-listener-1-#31%ignite-1%][ClientListenerProcessor] Failed to process selector key [ses=GridSelectorNioSessionImpl [worker=ByteBufferNioClientWorker [readBuf=java.nio.HeapByteBuffer[pos=0 lim=8192 cap=8192], super=AbstractNioClientWorker [idx=1, bytesRcvd=0, bytesSent=0, bytesRcvd0=0, bytesSent0=0, select=true, super=GridWorker [name=grid-nio-worker-client-listener-1, igniteInstanceName=ignite-1, finished=false, heartbeatTs=1592451429823, hashCode=1902573177, interrupted=false, runner=grid-nio-worker-client-listener-1-#31%ignite-1%]]], writeBuf=null, readBuf=null, inRecovery=null, outRecovery=null, closeSocket=true, outboundMessagesQueueSizeMetric=null, super=GridNioSessionImpl [locAddr=/127.0.0.1:10800, rmtAddr=/127.0.0.1:64496, createTime=1592451358737, closeTime=0, bytesSent=63, bytesRcvd=31, bytesSent0=0, bytesRcvd0=0, sndSchedTime=1592451358737, lastSndTime=1592451358737, lastRcvTime=1592451358737, readsPaused=false, filterChain=FilterChain[filters=[GridNioAsyncNotifyFilter, GridNioCodecFilter [parser=ClientListenerBufferedParser, directMode=false]], accepted=true, markedForClose=false]]]
java.io.IOException: 远程主机强迫关闭了一个现有的连接。
	at sun.nio.ch.SocketDispatcher.read0(Native Method)
	at sun.nio.ch.SocketDispatcher.read(SocketDispatcher.java:43)
	at sun.nio.ch.IOUtil.readIntoNativeBuffer(IOUtil.java:223)
	at sun.nio.ch.IOUtil.read(IOUtil.java:197)
	at sun.nio.ch.SocketChannelImpl.read(SocketChannelImpl.java:380)
	at org.apache.ignite.internal.util.nio.GridNioServer$ByteBufferNioClientWorker.processRead(GridNioServer.java:1162)
	at org.apache.ignite.internal.util.nio.GridNioServer$AbstractNioClientWorker.processSelectedKeysOptimized(GridNioServer.java:2449)
	at org.apache.ignite.internal.util.nio.GridNioServer$AbstractNioClientWorker.bodyInternal(GridNioServer.java:2216)
	at org.apache.ignite.internal.util.nio.GridNioServer$AbstractNioClientWorker.body(GridNioServer.java:1857)
	at org.apache.ignite.internal.util.worker.GridWorker.run(GridWorker.java:120)
	at java.lang.Thread.run(Thread.java:748)
[11:37:11,833][SEVERE][grid-nio-worker-client-listener-0-#30%ignite-1%][ClientListenerProcessor] Failed to process selector key [ses=GridSelectorNioSessionImpl [worker=ByteBufferNioClientWorker [readBuf=java.nio.HeapByteBuffer[pos=0 lim=8192 cap=8192], super=AbstractNioClientWorker [idx=0, bytesRcvd=0, bytesSent=0, bytesRcvd0=0, bytesSent0=0, select=true, super=GridWorker [name=grid-nio-worker-client-listener-0, igniteInstanceName=ignite-1, finished=false, heartbeatTs=1592451429823, hashCode=2096893883, interrupted=false, runner=grid-nio-worker-client-listener-0-#30%ignite-1%]]], writeBuf=null, readBuf=null, inRecovery=null, outRecovery=null, closeSocket=true, outboundMessagesQueueSizeMetric=null, super=GridNioSessionImpl [locAddr=/127.0.0.1:10800, rmtAddr=/127.0.0.1:64495, createTime=1592451358737, closeTime=0, bytesSent=63, bytesRcvd=31, bytesSent0=0, bytesRcvd0=0, sndSchedTime=1592451358737, lastSndTime=1592451358737, lastRcvTime=1592451358737, readsPaused=false, filterChain=FilterChain[filters=[GridNioAsyncNotifyFilter, GridNioCodecFilter [parser=ClientListenerBufferedParser, directMode=false]], accepted=true, markedForClose=false]]]
java.io.IOException: 远程主机强迫关闭了一个现有的连接。
	at sun.nio.ch.SocketDispatcher.read0(Native Method)
	at sun.nio.ch.SocketDispatcher.read(SocketDispatcher.java:43)
	at sun.nio.ch.IOUtil.readIntoNativeBuffer(IOUtil.java:223)
	at sun.nio.ch.IOUtil.read(IOUtil.java:197)
	at sun.nio.ch.SocketChannelImpl.read(SocketChannelImpl.java:380)
	at org.apache.ignite.internal.util.nio.GridNioServer$ByteBufferNioClientWorker.processRead(GridNioServer.java:1162)
	at org.apache.ignite.internal.util.nio.GridNioServer$AbstractNioClientWorker.processSelectedKeysOptimized(GridNioServer.java:2449)
	at org.apache.ignite.internal.util.nio.GridNioServer$AbstractNioClientWorker.bodyInternal(GridNioServer.java:2216)
	at org.apache.ignite.internal.util.nio.GridNioServer$AbstractNioClientWorker.body(GridNioServer.java:1857)
	at org.apache.ignite.internal.util.worker.GridWorker.run(GridWorker.java:120)
	at java.lang.Thread.run(Thread.java:748)
[11:37:11,834][WARNING][grid-nio-worker-client-listener-1-#31%ignite-1%][ClientListenerProcessor] Client disconnected abruptly due to network connection loss or because the connection was left open on application shutdown. [cls=class o.a.i.i.util.nio.GridNioException, msg=远程主机强迫关闭了一个现有的连接。]
[11:37:11,834][WARNING][grid-nio-worker-client-listener-0-#30%ignite-1%][ClientListenerProcessor] Client disconnected abruptly due to network connection loss or because the connection was left open on application shutdown. [cls=class o.a.i.i.util.nio.GridNioException, msg=远程主机强迫关闭了一个现有的连接。]
[11:37:30,239][INFO][tcp-disco-srvr-[:47500]-#3%ignite-1%][TcpDiscoverySpi] TCP discovery accepted incoming connection [rmtAddr=/10.2.141.220, rmtPort=64613]
[11:37:30,248][INFO][tcp-disco-srvr-[:47500]-#3%ignite-1%][TcpDiscoverySpi] TCP discovery spawning a new thread for connection [rmtAddr=/10.2.141.220, rmtPort=64613]
[11:37:30,249][INFO][tcp-disco-sock-reader-[]-#6%ignite-1%][TcpDiscoverySpi] Started serving remote node connection [rmtAddr=/10.2.141.220:64613, rmtPort=64613]
[11:37:30,252][INFO][tcp-disco-sock-reader-[1e50fd65 10.2.141.220:64613]-#6%ignite-1%][TcpDiscoverySpi] Initialized connection with remote server node [nodeId=1e50fd65-62e4-426d-bc33-e3c641dfbf4d, rmtAddr=/10.2.141.220:64613]
[11:37:30,276][INFO][tcp-disco-sock-reader-[1e50fd65 10.2.141.220:64613]-#6%ignite-1%][TcpDiscoverySpi] Finished serving remote node connection [rmtAddr=/10.2.141.220:64613, rmtPort=64613
[11:37:30,285][INFO][tcp-disco-msg-worker-[crd]-#2%ignite-1%][GridEncryptionManager] Joining node doesn't have encryption data [node=1e50fd65-62e4-426d-bc33-e3c641dfbf4d]
[11:37:30,304][INFO][tcp-disco-msg-worker-[crd]-#2%ignite-1%][TcpDiscoverySpi] New next node [newNext=TcpDiscoveryNode [id=1e50fd65-62e4-426d-bc33-e3c641dfbf4d, consistentId=35c3f077-8437-41fe-a829-b61d47f639ce, addrs=ArrayList [0:0:0:0:0:0:0:1, 10.2.141.220, 127.0.0.1], sockAddrs=HashSet [DESKTOP-2JCJ7AL.gome.inc/10.2.141.220:47501, /0:0:0:0:0:0:0:1:47501, /127.0.0.1:47501], discPort=47501, order=0, intOrder=2, lastExchangeTime=1592451450262, loc=false, ver=2.8.1#20200521-sha1:86422096, isClient=false]]
[11:37:30,324][INFO][tcp-disco-srvr-[:47500]-#3%ignite-1%][TcpDiscoverySpi] TCP discovery accepted incoming connection [rmtAddr=/0:0:0:0:0:0:0:1, rmtPort=64616]
[11:37:30,324][INFO][tcp-disco-srvr-[:47500]-#3%ignite-1%][TcpDiscoverySpi] TCP discovery spawning a new thread for connection [rmtAddr=/0:0:0:0:0:0:0:1, rmtPort=64616]
[11:37:30,324][INFO][tcp-disco-sock-reader-[]-#7%ignite-1%][TcpDiscoverySpi] Started serving remote node connection [rmtAddr=/0:0:0:0:0:0:0:1:64616, rmtPort=64616]
[11:37:30,325][INFO][tcp-disco-sock-reader-[1e50fd65 0:0:0:0:0:0:0:1:64616]-#7%ignite-1%][TcpDiscoverySpi] Initialized connection with remote server node [nodeId=1e50fd65-62e4-426d-bc33-e3c641dfbf4d, rmtAddr=/0:0:0:0:0:0:0:1:64616]
[11:37:30,329][INFO][disco-event-worker-#44%ignite-1%][GridDiscoveryManager] Added new node to topology: TcpDiscoveryNode [id=1e50fd65-62e4-426d-bc33-e3c641dfbf4d, consistentId=35c3f077-8437-41fe-a829-b61d47f639ce, addrs=ArrayList [0:0:0:0:0:0:0:1, 10.2.141.220, 127.0.0.1], sockAddrs=HashSet [DESKTOP-2JCJ7AL.gome.inc/10.2.141.220:47501, /0:0:0:0:0:0:0:1:47501, /127.0.0.1:47501], discPort=47501, order=2, intOrder=2, lastExchangeTime=1592451450262, loc=false, ver=2.8.1#20200521-sha1:86422096, isClient=false]
[11:37:30,330][INFO][disco-event-worker-#44%ignite-1%][GridDiscoveryManager] Topology snapshot [ver=2, locNode=8aaf9995, servers=2, clients=0, state=ACTIVE, CPUs=8, offheap=3.1GB, heap=3.5GB]
[11:37:30,330][INFO][disco-event-worker-#44%ignite-1%][GridDiscoveryManager]   ^-- Baseline [id=0, size=1, online=1, offline=0]
[11:37:30,334][INFO][exchange-worker-#45%ignite-1%][time] Started exchange init [topVer=AffinityTopologyVersion [topVer=2, minorTopVer=0], crd=true, evt=NODE_JOINED, evtNode=1e50fd65-62e4-426d-bc33-e3c641dfbf4d, customEvt=null, allowMerge=true, exchangeFreeSwitch=false]
[11:37:30,336][INFO][exchange-worker-#45%ignite-1%][GridDhtPartitionsExchangeFuture] Finished waiting for partition release future [topVer=AffinityTopologyVersion [topVer=2, minorTopVer=0], waitTime=0ms, futInfo=NA, mode=DISTRIBUTED]
[11:37:30,336][INFO][exchange-worker-#45%ignite-1%][GridDhtPartitionsExchangeFuture] Finished waiting for partitions release latch: ServerLatch [permits=0, pendingAcks=HashSet [], super=CompletableLatch [id=CompletableLatchUid [id=exchange, topVer=AffinityTopologyVersion [topVer=2, minorTopVer=0]]]]
[11:37:30,336][INFO][exchange-worker-#45%ignite-1%][GridDhtPartitionsExchangeFuture] Finished waiting for partition release future [topVer=AffinityTopologyVersion [topVer=2, minorTopVer=0], waitTime=0ms, futInfo=NA, mode=LOCAL]
[11:37:30,336][INFO][exchange-worker-#45%ignite-1%][time] Finished exchange init [topVer=AffinityTopologyVersion [topVer=2, minorTopVer=0], crd=true]
[11:37:30,678][INFO][grid-nio-worker-tcp-comm-0-#24%ignite-1%][TcpCommunicationSpi] Accepted incoming communication connection [locAddr=/127.0.0.1:47100, rmtAddr=/127.0.0.1:64617]
[11:37:30,706][INFO][sys-#93%ignite-1%][GridDhtPartitionsExchangeFuture] Coordinator received single message [ver=AffinityTopologyVersion [topVer=2, minorTopVer=0], node=1e50fd65-62e4-426d-bc33-e3c641dfbf4d, allReceived=true]
[11:37:30,707][INFO][sys-#93%ignite-1%][GridDhtPartitionsExchangeFuture] Coordinator received all messages, try merge [ver=AffinityTopologyVersion [topVer=2, minorTopVer=0]]
[11:37:30,707][INFO][sys-#93%ignite-1%][GridDhtPartitionsExchangeFuture] finishExchangeOnCoordinator [topVer=AffinityTopologyVersion [topVer=2, minorTopVer=0], resVer=AffinityTopologyVersion [topVer=2, minorTopVer=0]]
[11:37:30,731][INFO][sys-#93%ignite-1%][GridDhtPartitionsExchangeFuture] Finish exchange future [startVer=AffinityTopologyVersion [topVer=2, minorTopVer=0], resVer=AffinityTopologyVersion [topVer=2, minorTopVer=0], err=null, rebalanced=true, wasRebalanced=true]
[11:37:30,733][INFO][sys-#93%ignite-1%][GridDhtPartitionsExchangeFuture] Completed partition exchange [localNode=8aaf9995-48cf-4941-870e-277461404a17, exchange=GridDhtPartitionsExchangeFuture [topVer=AffinityTopologyVersion [topVer=2, minorTopVer=0], evt=NODE_JOINED, evtNode=TcpDiscoveryNode [id=1e50fd65-62e4-426d-bc33-e3c641dfbf4d, consistentId=35c3f077-8437-41fe-a829-b61d47f639ce, addrs=ArrayList [0:0:0:0:0:0:0:1, 10.2.141.220, 127.0.0.1], sockAddrs=HashSet [DESKTOP-2JCJ7AL.gome.inc/10.2.141.220:47501, /0:0:0:0:0:0:0:1:47501, /127.0.0.1:47501], discPort=47501, order=2, intOrder=2, lastExchangeTime=1592451450262, loc=false, ver=2.8.1#20200521-sha1:86422096, isClient=false], done=true, newCrdFut=null], topVer=AffinityTopologyVersion [topVer=2, minorTopVer=0]]
[11:37:30,733][INFO][sys-#93%ignite-1%][GridDhtPartitionsExchangeFuture] Exchange timings [startVer=AffinityTopologyVersion [topVer=2, minorTopVer=0], resVer=AffinityTopologyVersion [topVer=2, minorTopVer=0], stage="Waiting in exchange queue" (0 ms), stage="Exchange parameters initialization" (0 ms), stage="Determine exchange type" (1 ms), stage="Preloading notification" (0 ms), stage="WAL history reservation" (0 ms), stage="Wait partitions release" (0 ms), stage="Wait partitions release latch" (0 ms), stage="Wait partitions release" (0 ms), stage="After states restored callback" (0 ms), stage="Waiting for all single messages" (370 ms), stage="Exchanges merge" (0 ms), stage="Affinity recalculation (crd)" (8 ms), stage="Collect update counters and create affinity messages" (1 ms), stage="Validate partitions states" (1 ms), stage="Assign partitions states" (3 ms), stage="Apply update counters" (1 ms), stage="Full message preparing" (2 ms), stage="Full message sending" (4 ms), stage="Exchange done" (1 ms), stage="Total time" (392 ms), Discovery lag=63 ms, Latest started node id=1e50fd65-62e4-426d-bc33-e3c641dfbf4d]
[11:37:30,733][INFO][sys-#93%ignite-1%][GridDhtPartitionsExchangeFuture] Exchange longest local stages [startVer=AffinityTopologyVersion [topVer=2, minorTopVer=0], resVer=AffinityTopologyVersion [topVer=2, minorTopVer=0], stage="Affinity initialization (node join) [grp=SQL_PUBLIC_T_CITY, crd=true]" (5 ms) (parent=Affinity recalculation (crd)), stage="Affinity initialization (node join) [grp=ignite-sys-cache, crd=true]" (1 ms) (parent=Affinity recalculation (crd))]
[11:37:30,735][INFO][exchange-worker-#45%ignite-1%][GridCachePartitionExchangeManager] Skipping rebalancing (nothing scheduled) [top=AffinityTopologyVersion [topVer=2, minorTopVer=0], force=false, evt=NODE_JOINED, node=1e50fd65-62e4-426d-bc33-e3c641dfbf4d]
[11:37:32,720][INFO][grid-timeout-worker-#23%ignite-1%][IgniteKernal%ignite-1] 
Metrics for local node (to disable set 'metricsLogFrequency' to 0)
    ^-- Node [id=8aaf9995, name=ignite-1, uptime=00:03:00.016]
    ^-- H/N/C [hosts=1, nodes=2, CPUs=8]
    ^-- CPU [cur=0.07%, avg=0.45%, GC=0%]
    ^-- PageMemory [pages=6963]
    ^-- Heap [used=120MB, free=93.27%, comm=295MB]
    ^-- Off-heap [used=27MB, free=98.56%, comm=1807MB]
    ^--   sysMemPlc region [used=0MB, free=99.99%, comm=100MB]
    ^--   default region [used=27MB, free=98.29%, comm=1607MB]
    ^--   metastoreMemPlc region [used=0MB, free=99.92%, comm=0MB]
    ^--   TxLog region [used=0MB, free=100%, comm=100MB]
    ^-- Ignite persistence [used=27MB]
    ^--   sysMemPlc region [used=0MB]
    ^--   default region [used=27MB]
    ^--   metastoreMemPlc region [used=0MB]
    ^--   TxLog region [used=0MB]
    ^-- Outbound messages queue [size=0]
    ^-- Public thread pool [active=0, idle=0, qSize=0]
    ^-- System thread pool [active=0, idle=8, qSize=0]
[11:37:32,792][INFO][db-checkpoint-thread-#56%ignite-1%][GridCacheDatabaseSharedManager] Checkpoint started [checkpointId=a6fa6b3c-86f2-4c76-9326-869da9f14457, startPtr=FileWALPointer [idx=0, fileOff=7740615, len=21409], checkpointBeforeLockTime=35ms, checkpointLockWait=0ms, checkpointListenersExecuteTime=11ms, checkpointLockHoldTime=14ms, walCpRecordFsyncDuration=14ms, writeCheckpointEntryDuration=3ms, splitAndSortCpPagesDuration=10ms,  pages=7705, reason='timeout']
[11:37:33,297][INFO][db-checkpoint-thread-#56%ignite-1%][GridCacheDatabaseSharedManager] Checkpoint finished [cpId=a6fa6b3c-86f2-4c76-9326-869da9f14457, pages=7705, markPos=FileWALPointer [idx=0, fileOff=7740615, len=21409], walSegmentsCleared=0, walSegmentsCovered=[], markDuration=41ms, pagesWrite=90ms, fsync=415ms, total=581ms]
[11:38:32,727][INFO][grid-timeout-worker-#23%ignite-1%][IgniteKernal%ignite-1] 
Metrics for local node (to disable set 'metricsLogFrequency' to 0)
    ^-- Node [id=8aaf9995, name=ignite-1, uptime=00:04:00.017]
    ^-- H/N/C [hosts=1, nodes=2, CPUs=8]
    ^-- CPU [cur=0.3%, avg=0.55%, GC=0%]
    ^-- PageMemory [pages=7728]
    ^-- Heap [used=142MB, free=92%, comm=295MB]
    ^-- Off-heap [used=30MB, free=98.4%, comm=1807MB]
    ^--   sysMemPlc region [used=0MB, free=99.99%, comm=100MB]
    ^--   default region [used=30MB, free=98.11%, comm=1607MB]
    ^--   metastoreMemPlc region [used=0MB, free=99.92%, comm=0MB]
    ^--   TxLog region [used=0MB, free=100%, comm=100MB]
    ^-- Ignite persistence [used=30MB]
    ^--   sysMemPlc region [used=0MB]
    ^--   default region [used=30MB]
    ^--   metastoreMemPlc region [used=0MB]
    ^--   TxLog region [used=0MB]
    ^-- Outbound messages queue [size=0]
    ^-- Public thread pool [active=0, idle=0, qSize=0]
    ^-- System thread pool [active=0, idle=6, qSize=0]
[11:39:32,728][INFO][grid-timeout-worker-#23%ignite-1%][IgniteKernal%ignite-1] 
Metrics for local node (to disable set 'metricsLogFrequency' to 0)
    ^-- Node [id=8aaf9995, name=ignite-1, uptime=00:05:00.025]
    ^-- H/N/C [hosts=1, nodes=2, CPUs=8]
    ^-- CPU [cur=0.07%, avg=0.48%, GC=0%]
    ^-- PageMemory [pages=7728]
    ^-- Heap [used=148MB, free=91.71%, comm=295MB]
    ^-- Off-heap [used=30MB, free=98.4%, comm=1807MB]
    ^--   sysMemPlc region [used=0MB, free=99.99%, comm=100MB]
    ^--   default region [used=30MB, free=98.11%, comm=1607MB]
    ^--   metastoreMemPlc region [used=0MB, free=99.92%, comm=0MB]
    ^--   TxLog region [used=0MB, free=100%, comm=100MB]
    ^-- Ignite persistence [used=30MB]
    ^--   sysMemPlc region [used=0MB]
    ^--   default region [used=30MB]
    ^--   metastoreMemPlc region [used=0MB]
    ^--   TxLog region [used=0MB]
    ^-- Outbound messages queue [size=0]
    ^-- Public thread pool [active=0, idle=0, qSize=0]
    ^-- System thread pool [active=0, idle=6, qSize=0]
[11:40:32,733][INFO][grid-timeout-worker-#23%ignite-1%][IgniteKernal%ignite-1] 
Metrics for local node (to disable set 'metricsLogFrequency' to 0)
    ^-- Node [id=8aaf9995, name=ignite-1, uptime=00:06:00.025]
    ^-- H/N/C [hosts=1, nodes=2, CPUs=8]
    ^-- CPU [cur=0%, avg=0.43%, GC=0%]
    ^-- PageMemory [pages=7728]
    ^-- Heap [used=153MB, free=91.39%, comm=295MB]
    ^-- Off-heap [used=30MB, free=98.4%, comm=1807MB]
    ^--   sysMemPlc region [used=0MB, free=99.99%, comm=100MB]
    ^--   default region [used=30MB, free=98.11%, comm=1607MB]
    ^--   metastoreMemPlc region [used=0MB, free=99.92%, comm=0MB]
    ^--   TxLog region [used=0MB, free=100%, comm=100MB]
    ^-- Ignite persistence [used=30MB]
    ^--   sysMemPlc region [used=0MB]
    ^--   default region [used=30MB]
    ^--   metastoreMemPlc region [used=0MB]
    ^--   TxLog region [used=0MB]
    ^-- Outbound messages queue [size=0]
    ^-- Public thread pool [active=0, idle=0, qSize=0]
    ^-- System thread pool [active=0, idle=6, qSize=0]
[11:40:32,773][INFO][db-checkpoint-thread-#56%ignite-1%][GridCacheDatabaseSharedManager] Skipping checkpoint (no pages were modified) [checkpointBeforeLockTime=10ms, checkpointLockWait=0ms, checkpointListenersExecuteTime=10ms, checkpointLockHoldTime=12ms, reason='timeout']
[11:41:32,738][INFO][grid-timeout-worker-#23%ignite-1%][IgniteKernal%ignite-1] 
Metrics for local node (to disable set 'metricsLogFrequency' to 0)
    ^-- Node [id=8aaf9995, name=ignite-1, uptime=00:07:00.034]
    ^-- H/N/C [hosts=1, nodes=2, CPUs=8]
    ^-- CPU [cur=0.33%, avg=0.4%, GC=0%]
    ^-- PageMemory [pages=7728]
    ^-- Heap [used=159MB, free=91.06%, comm=295MB]
    ^-- Off-heap [used=30MB, free=98.4%, comm=1807MB]
    ^--   sysMemPlc region [used=0MB, free=99.99%, comm=100MB]
    ^--   default region [used=30MB, free=98.11%, comm=1607MB]
    ^--   metastoreMemPlc region [used=0MB, free=99.92%, comm=0MB]
    ^--   TxLog region [used=0MB, free=100%, comm=100MB]
    ^-- Ignite persistence [used=30MB]
    ^--   sysMemPlc region [used=0MB]
    ^--   default region [used=30MB]
    ^--   metastoreMemPlc region [used=0MB]
    ^--   TxLog region [used=0MB]
    ^-- Outbound messages queue [size=0]
    ^-- Public thread pool [active=0, idle=0, qSize=0]
    ^-- System thread pool [active=0, idle=6, qSize=0]
[11:42:32,743][INFO][grid-timeout-worker-#23%ignite-1%][IgniteKernal%ignite-1] 
Metrics for local node (to disable set 'metricsLogFrequency' to 0)
    ^-- Node [id=8aaf9995, name=ignite-1, uptime=00:08:00.040]
    ^-- H/N/C [hosts=1, nodes=2, CPUs=8]
    ^-- CPU [cur=0%, avg=0.37%, GC=0%]
    ^-- PageMemory [pages=7728]
    ^-- Heap [used=165MB, free=90.75%, comm=295MB]
    ^-- Off-heap [used=30MB, free=98.4%, comm=1807MB]
    ^--   sysMemPlc region [used=0MB, free=99.99%, comm=100MB]
    ^--   default region [used=30MB, free=98.11%, comm=1607MB]
    ^--   metastoreMemPlc region [used=0MB, free=99.92%, comm=0MB]
    ^--   TxLog region [used=0MB, free=100%, comm=100MB]
    ^-- Ignite persistence [used=30MB]
    ^--   sysMemPlc region [used=0MB]
    ^--   default region [used=30MB]
    ^--   metastoreMemPlc region [used=0MB]
    ^--   TxLog region [used=0MB]
    ^-- Outbound messages queue [size=0]
    ^-- Public thread pool [active=0, idle=0, qSize=0]
    ^-- System thread pool [active=0, idle=6, qSize=0]
[11:43:32,750][INFO][grid-timeout-worker-#23%ignite-1%][IgniteKernal%ignite-1] 
Metrics for local node (to disable set 'metricsLogFrequency' to 0)
    ^-- Node [id=8aaf9995, name=ignite-1, uptime=00:09:00.045]
    ^-- H/N/C [hosts=1, nodes=2, CPUs=8]
    ^-- CPU [cur=0.07%, avg=0.34%, GC=0%]
    ^-- PageMemory [pages=7728]
    ^-- Heap [used=170MB, free=90.43%, comm=295MB]
    ^-- Off-heap [used=30MB, free=98.4%, comm=1807MB]
    ^--   sysMemPlc region [used=0MB, free=99.99%, comm=100MB]
    ^--   default region [used=30MB, free=98.11%, comm=1607MB]
    ^--   metastoreMemPlc region [used=0MB, free=99.92%, comm=0MB]
    ^--   TxLog region [used=0MB, free=100%, comm=100MB]
    ^-- Ignite persistence [used=30MB]
    ^--   sysMemPlc region [used=0MB]
    ^--   default region [used=30MB]
    ^--   metastoreMemPlc region [used=0MB]
    ^--   TxLog region [used=0MB]
    ^-- Outbound messages queue [size=0]
    ^-- Public thread pool [active=0, idle=0, qSize=0]
    ^-- System thread pool [active=0, idle=6, qSize=0]
[11:43:32,773][INFO][db-checkpoint-thread-#56%ignite-1%][GridCacheDatabaseSharedManager] Skipping checkpoint (no pages were modified) [checkpointBeforeLockTime=5ms, checkpointLockWait=0ms, checkpointListenersExecuteTime=4ms, checkpointLockHoldTime=5ms, reason='timeout']
[11:44:32,756][INFO][grid-timeout-worker-#23%ignite-1%][IgniteKernal%ignite-1] 
Metrics for local node (to disable set 'metricsLogFrequency' to 0)
    ^-- Node [id=8aaf9995, name=ignite-1, uptime=00:10:00.055]
    ^-- H/N/C [hosts=1, nodes=2, CPUs=8]
    ^-- CPU [cur=0%, avg=0.32%, GC=0%]
    ^-- PageMemory [pages=7728]
    ^-- Heap [used=177MB, free=90.07%, comm=295MB]
    ^-- Off-heap [used=30MB, free=98.4%, comm=1807MB]
    ^--   sysMemPlc region [used=0MB, free=99.99%, comm=100MB]
    ^--   default region [used=30MB, free=98.11%, comm=1607MB]
    ^--   metastoreMemPlc region [used=0MB, free=99.92%, comm=0MB]
    ^--   TxLog region [used=0MB, free=100%, comm=100MB]
    ^-- Ignite persistence [used=30MB]
    ^--   sysMemPlc region [used=0MB]
    ^--   default region [used=30MB]
    ^--   metastoreMemPlc region [used=0MB]
    ^--   TxLog region [used=0MB]
    ^-- Outbound messages queue [size=0]
    ^-- Public thread pool [active=0, idle=0, qSize=0]
    ^-- System thread pool [active=0, idle=6, qSize=0]
[11:45:32,760][INFO][grid-timeout-worker-#23%ignite-1%][IgniteKernal%ignite-1] 
Metrics for local node (to disable set 'metricsLogFrequency' to 0)
    ^-- Node [id=8aaf9995, name=ignite-1, uptime=00:11:00.059]
    ^-- H/N/C [hosts=1, nodes=2, CPUs=8]
    ^-- CPU [cur=0%, avg=0.3%, GC=0%]
    ^-- PageMemory [pages=7728]
    ^-- Heap [used=183MB, free=89.76%, comm=295MB]
    ^-- Off-heap [used=30MB, free=98.4%, comm=1807MB]
    ^--   sysMemPlc region [used=0MB, free=99.99%, comm=100MB]
    ^--   default region [used=30MB, free=98.11%, comm=1607MB]
    ^--   metastoreMemPlc region [used=0MB, free=99.92%, comm=0MB]
    ^--   TxLog region [used=0MB, free=100%, comm=100MB]
    ^-- Ignite persistence [used=30MB]
    ^--   sysMemPlc region [used=0MB]
    ^--   default region [used=30MB]
    ^--   metastoreMemPlc region [used=0MB]
    ^--   TxLog region [used=0MB]
    ^-- Outbound messages queue [size=0]
    ^-- Public thread pool [active=0, idle=0, qSize=0]
    ^-- System thread pool [active=0, idle=6, qSize=0]
