[11:27:55,957][WARNING][main][G] Consistent ID is not set, it is recommended to set consistent ID for production clusters (use IgniteConfiguration.setConsistentId property)
[11:27:56,084][INFO][main][IgniteKernal%ignite-1] 

>>>    __________  ________________  
>>>   /  _/ ___/ |/ /  _/_  __/ __/  
>>>  _/ // (7 7    // /  / / / _/    
>>> /___/\___/_/|_/___/ /_/ /___/   
>>> 
>>> ver. 2.8.1#20200521-sha1:86422096
>>> 2020 Copyright(C) Apache Software Foundation
>>> 
>>> Ignite documentation: http://ignite.apache.org

[11:27:56,093][INFO][main][IgniteKernal%ignite-1] Config URL: file:/D:/work/workspace/demo/demo-ignite/src/main/resources/example-ignite.xml
[11:27:56,106][INFO][main][IgniteKernal%ignite-1] IgniteConfiguration [igniteInstanceName=ignite-1, pubPoolSize=8, svcPoolSize=8, callbackPoolSize=8, stripedPoolSize=8, sysPoolSize=8, mgmtPoolSize=4, igfsPoolSize=8, dataStreamerPoolSize=8, utilityCachePoolSize=8, utilityCacheKeepAliveTime=60000, p2pPoolSize=2, qryPoolSize=8, sqlQryHistSize=1000, dfltQryTimeout=0, igniteHome=D:\软件\apache-ignite-2.8.1-bin, igniteWorkDir=D:\work\workspace\demo\demo-ignite\ignite, mbeanSrv=com.sun.jmx.mbeanserver.JmxMBeanServer@3d8314f0, nodeId=d7623ecf-9cd2-4d4b-a0e9-9cb7b1690c9c, marsh=BinaryMarshaller [], marshLocJobs=false, daemon=false, p2pEnabled=true, netTimeout=5000, netCompressionLevel=1, sndRetryDelay=1000, sndRetryCnt=3, metricsHistSize=10000, metricsUpdateFreq=2000, metricsExpTime=9223372036854775807, discoSpi=TcpDiscoverySpi [addrRslvr=null, sockTimeout=0, ackTimeout=0, marsh=null, reconCnt=10, reconDelay=2000, maxAckTimeout=600000, soLinger=5, forceSrvMode=false, clientReconnectDisabled=false, internalLsnr=null, skipAddrsRandomization=false], segPlc=STOP, segResolveAttempts=2, waitForSegOnStart=true, allResolversPassReq=true, segChkFreq=10000, commSpi=TcpCommunicationSpi [connectGate=null, connPlc=org.apache.ignite.spi.communication.tcp.TcpCommunicationSpi$FirstConnectionPolicy@7817fd62, chConnPlc=null, enableForcibleNodeKill=false, enableTroubleshootingLog=false, locAddr=null, locHost=null, locPort=47100, locPortRange=100, shmemPort=-1, directBuf=true, directSndBuf=false, idleConnTimeout=600000, connTimeout=5000, maxConnTimeout=600000, reconCnt=10, sockSndBuf=32768, sockRcvBuf=32768, msgQueueLimit=0, slowClientQueueLimit=0, nioSrvr=null, shmemSrv=null, usePairedConnections=false, connectionsPerNode=1, tcpNoDelay=true, filterReachableAddresses=false, ackSndThreshold=32, unackedMsgsBufSize=0, sockWriteTimeout=2000, boundTcpPort=-1, boundTcpShmemPort=-1, selectorsCnt=4, selectorSpins=0, addrRslvr=null, ctxInitLatch=java.util.concurrent.CountDownLatch@8297b3a[Count = 1], stopping=false, metricsLsnr=null], evtSpi=org.apache.ignite.spi.eventstorage.NoopEventStorageSpi@2362f559, colSpi=NoopCollisionSpi [], deploySpi=LocalDeploymentSpi [], indexingSpi=org.apache.ignite.spi.indexing.noop.NoopIndexingSpi@d35dea7, addrRslvr=null, encryptionSpi=org.apache.ignite.spi.encryption.noop.NoopEncryptionSpi@7770f470, clientMode=false, rebalanceThreadPoolSize=4, rebalanceTimeout=10000, rebalanceBatchesPrefetchCnt=3, rebalanceThrottle=0, rebalanceBatchSize=524288, txCfg=TransactionConfiguration [txSerEnabled=false, dfltIsolation=REPEATABLE_READ, dfltConcurrency=PESSIMISTIC, dfltTxTimeout=0, txTimeoutOnPartitionMapExchange=0, deadlockTimeout=10000, pessimisticTxLogSize=0, pessimisticTxLogLinger=10000, tmLookupClsName=null, txManagerFactory=null, useJtaSync=false], cacheSanityCheckEnabled=true, discoStartupDelay=60000, deployMode=SHARED, p2pMissedCacheSize=100, locHost=null, timeSrvPortBase=31100, timeSrvPortRange=100, failureDetectionTimeout=10000, sysWorkerBlockedTimeout=null, clientFailureDetectionTimeout=30000, metricsLogFreq=60000, hadoopCfg=null, connectorCfg=ConnectorConfiguration [jettyPath=null, host=null, port=11211, noDelay=true, directBuf=false, sndBufSize=32768, rcvBufSize=32768, idleQryCurTimeout=600000, idleQryCurCheckFreq=60000, sndQueueLimit=0, selectorCnt=4, idleTimeout=7000, sslEnabled=false, sslClientAuth=false, sslCtxFactory=null, sslFactory=null, portRange=100, threadPoolSize=8, msgInterceptor=null], odbcCfg=null, warmupClos=null, atomicCfg=AtomicConfiguration [seqReserveSize=1000, cacheMode=PARTITIONED, backups=1, aff=null, grpName=null], classLdr=null, sslCtxFactory=null, platformCfg=null, binaryCfg=null, memCfg=null, pstCfg=null, dsCfg=DataStorageConfiguration [sysRegionInitSize=41943040, sysRegionMaxSize=104857600, pageSize=0, concLvl=0, dfltDataRegConf=DataRegionConfiguration [name=default, maxSize=1685635891, initSize=268435456, swapPath=null, pageEvictionMode=DISABLED, evictionThreshold=0.9, emptyPagesPoolSize=100, metricsEnabled=false, metricsSubIntervalCount=5, metricsRateTimeInterval=60000, persistenceEnabled=true, checkpointPageBufSize=0, lazyMemoryAllocation=true], dataRegions=null, storagePath=null, checkpointFreq=180000, lockWaitTime=10000, checkpointThreads=4, checkpointWriteOrder=SEQUENTIAL, walHistSize=20, maxWalArchiveSize=1073741824, walSegments=10, walSegmentSize=67108864, walPath=db/wal, walArchivePath=db/wal/archive, metricsEnabled=false, walMode=LOG_ONLY, walTlbSize=131072, walBuffSize=0, walFlushFreq=2000, walFsyncDelay=1000, walRecordIterBuffSize=67108864, alwaysWriteFullPages=false, fileIOFactory=org.apache.ignite.internal.processors.cache.persistence.file.AsyncFileIOFactory@22fcf7ab, metricsSubIntervalCnt=5, metricsRateTimeInterval=60000, walAutoArchiveAfterInactivity=-1, writeThrottlingEnabled=false, walCompactionEnabled=false, walCompactionLevel=1, checkpointReadLockTimeout=null, walPageCompression=DISABLED, walPageCompressionLevel=null], activeOnStart=true, autoActivation=true, longQryWarnTimeout=3000, sqlConnCfg=null, cliConnCfg=ClientConnectorConfiguration [host=null, port=10800, portRange=100, sockSndBufSize=0, sockRcvBufSize=0, tcpNoDelay=true, maxOpenCursorsPerConn=128, threadPoolSize=8, idleTimeout=0, handshakeTimeout=10000, jdbcEnabled=true, odbcEnabled=true, thinCliEnabled=true, sslEnabled=false, useIgniteSslCtxFactory=true, sslClientAuth=false, sslCtxFactory=null, thinCliCfg=ThinClientConfiguration [maxActiveTxPerConn=100]], mvccVacuumThreadCnt=2, mvccVacuumFreq=5000, authEnabled=false, failureHnd=null, commFailureRslvr=null]
[11:27:56,112][INFO][main][IgniteKernal%ignite-1] Daemon mode: off
[11:27:56,112][INFO][main][IgniteKernal%ignite-1] OS: Windows 10 10.0 amd64
[11:27:56,112][INFO][main][IgniteKernal%ignite-1] OS user: 86156
[11:27:56,119][INFO][main][IgniteKernal%ignite-1] PID: 12932
[11:27:56,119][INFO][main][IgniteKernal%ignite-1] Language runtime: Java Platform API Specification ver. 1.8
[11:27:56,119][INFO][main][IgniteKernal%ignite-1] VM information: Java(TM) SE Runtime Environment 1.8.0_251-b08 Oracle Corporation Java HotSpot(TM) 64-Bit Server VM 25.251-b08
[11:27:56,121][INFO][main][IgniteKernal%ignite-1] VM total memory: 1.7GB
[11:27:56,121][INFO][main][IgniteKernal%ignite-1] Remote Management [restart: off, REST: on, JMX (remote: off)]
[11:27:56,121][INFO][main][IgniteKernal%ignite-1] Logger: JavaLogger [quiet=true, config=null]
[11:27:56,121][INFO][main][IgniteKernal%ignite-1] IGNITE_HOME=D:\软件\apache-ignite-2.8.1-bin
[11:27:56,121][INFO][main][IgniteKernal%ignite-1] VM arguments: [-javaagent:C:\Program Files\JetBrains\IntelliJ IDEA 2020.1\lib\idea_rt.jar=63939:C:\Program Files\JetBrains\IntelliJ IDEA 2020.1\bin, -Dfile.encoding=UTF-8]
[11:27:56,122][INFO][main][IgniteKernal%ignite-1] System cache's DataRegion size is configured to 40 MB. Use DataStorageConfiguration.systemRegionInitialSize property to change the setting.
[11:27:56,122][INFO][main][IgniteKernal%ignite-1] Configured caches [in 'sysMemPlc' dataRegion: ['ignite-sys-cache']]
[11:27:56,122][WARNING][main][IgniteKernal%ignite-1] Peer class loading is enabled (disable it in production for performance and deployment consistency reasons)
[11:27:56,122][WARNING][main][IgniteKernal%ignite-1] Please set system property '-Djava.net.preferIPv4Stack=true' to avoid possible problems in mixed environments.
[11:27:56,124][WARNING][pub-#19%ignite-1%][GridDiagnostic] This operating system has been tested less rigorously: Windows 10 10.0 amd64. Our team will appreciate the feedback if you experience any problems running ignite in this environment.
[11:27:56,125][INFO][main][IgniteKernal%ignite-1] 3-rd party licenses can be found at: D:\软件\apache-ignite-2.8.1-bin\libs\licenses
[11:27:56,126][WARNING][pub-#22%ignite-1%][GridDiagnostic] Initial heap size is 126MB (should be no less than 512MB, use -Xms512m -Xmx512m).
[11:27:56,218][INFO][main][IgnitePluginProcessor] Configured plugins:
[11:27:56,218][INFO][main][IgnitePluginProcessor]   ^-- None
[11:27:56,218][INFO][main][IgnitePluginProcessor] 
[11:27:56,222][INFO][main][FailureProcessor] Configured failure handler: [hnd=StopNodeOrHaltFailureHandler [tryStop=false, timeout=0, super=AbstractFailureHandler [ignoredFailureTypes=UnmodifiableSet [SYSTEM_WORKER_BLOCKED, SYSTEM_CRITICAL_OPERATION_TIMEOUT]]]]
[11:27:56,518][INFO][main][TcpCommunicationSpi] Successfully bound communication NIO server to TCP port [port=47100, locHost=0.0.0.0/0.0.0.0, selectorsCnt=4, selectorSpins=0, pairedConn=false]
[11:27:56,783][WARNING][main][TcpCommunicationSpi] Message queue limit is set to 0 which may lead to potential OOMEs when running cache operations in FULL_ASYNC or PRIMARY_SYNC modes due to message queues growth on sender and receiver sides.
[11:27:56,795][WARNING][main][NoopCheckpointSpi] Checkpoints are disabled (to enable configure any GridCheckpointSpi implementation)
[11:27:56,816][WARNING][main][GridCollisionManager] Collision resolution is disabled (all jobs will be activated upon arrival).
[11:27:56,819][INFO][main][IgniteKernal%ignite-1] Security status [authentication=off, tls/ssl=off]
[11:27:56,859][INFO][main][TcpDiscoverySpi] Successfully bound to TCP port [port=47500, localHost=0.0.0.0/0.0.0.0, locNodeId=d7623ecf-9cd2-4d4b-a0e9-9cb7b1690c9c]
[11:27:56,876][INFO][main][PdsFoldersResolver] Successfully locked persistence storage folder [D:\work\workspace\demo\demo-ignite\ignite\db\node00-6830b59d-be53-4670-b9b0-ad9c6eaec370]
[11:27:56,877][INFO][main][PdsFoldersResolver] Consistent ID used for local node is [6830b59d-be53-4670-b9b0-ad9c6eaec370] according to persistence data storage folders
[11:27:56,878][INFO][main][CacheObjectBinaryProcessorImpl] Resolved directory for serialized binary metadata: D:\work\workspace\demo\demo-ignite\ignite\binary_meta\node00-6830b59d-be53-4670-b9b0-ad9c6eaec370
[11:27:57,052][INFO][main][FilePageStoreManager] Resolved page store work directory: D:\work\workspace\demo\demo-ignite\ignite\db\node00-6830b59d-be53-4670-b9b0-ad9c6eaec370
[11:27:57,053][INFO][main][FileWriteAheadLogManager] Resolved write ahead log work directory: D:\work\workspace\demo\demo-ignite\ignite\db\wal\node00-6830b59d-be53-4670-b9b0-ad9c6eaec370
[11:27:57,054][INFO][main][FileWriteAheadLogManager] Resolved write ahead log archive directory: D:\work\workspace\demo\demo-ignite\ignite\db\wal\archive\node00-6830b59d-be53-4670-b9b0-ad9c6eaec370
[11:27:57,082][INFO][main][FileWriteAheadLogManager] Reached logical end of the segment for file D:\work\workspace\demo\demo-ignite\ignite\db\wal\node00-6830b59d-be53-4670-b9b0-ad9c6eaec370\0000000000000001.wal
[11:27:57,082][INFO][main][FileWriteAheadLogManager] Reached logical end of the segment for file D:\work\workspace\demo\demo-ignite\ignite\db\wal\node00-6830b59d-be53-4670-b9b0-ad9c6eaec370\0000000000000002.wal
[11:27:57,082][INFO][main][FileWriteAheadLogManager] Reached logical end of the segment for file D:\work\workspace\demo\demo-ignite\ignite\db\wal\node00-6830b59d-be53-4670-b9b0-ad9c6eaec370\0000000000000003.wal
[11:27:57,083][INFO][main][FileWriteAheadLogManager] Reached logical end of the segment for file D:\work\workspace\demo\demo-ignite\ignite\db\wal\node00-6830b59d-be53-4670-b9b0-ad9c6eaec370\0000000000000004.wal
[11:27:57,083][INFO][main][FileWriteAheadLogManager] Reached logical end of the segment for file D:\work\workspace\demo\demo-ignite\ignite\db\wal\node00-6830b59d-be53-4670-b9b0-ad9c6eaec370\0000000000000005.wal
[11:27:57,083][INFO][main][FileWriteAheadLogManager] Reached logical end of the segment for file D:\work\workspace\demo\demo-ignite\ignite\db\wal\node00-6830b59d-be53-4670-b9b0-ad9c6eaec370\0000000000000006.wal
[11:27:57,084][INFO][main][FileWriteAheadLogManager] Reached logical end of the segment for file D:\work\workspace\demo\demo-ignite\ignite\db\wal\node00-6830b59d-be53-4670-b9b0-ad9c6eaec370\0000000000000007.wal
[11:27:57,084][INFO][main][FileWriteAheadLogManager] Reached logical end of the segment for file D:\work\workspace\demo\demo-ignite\ignite\db\wal\node00-6830b59d-be53-4670-b9b0-ad9c6eaec370\0000000000000008.wal
[11:27:57,084][INFO][main][FileWriteAheadLogManager] Reached logical end of the segment for file D:\work\workspace\demo\demo-ignite\ignite\db\wal\node00-6830b59d-be53-4670-b9b0-ad9c6eaec370\0000000000000009.wal
[11:27:57,087][INFO][main][FileHandleManagerImpl] Initialized write-ahead log manager [mode=LOG_ONLY]
[11:27:57,097][WARNING][main][GridCacheDatabaseSharedManager] DataRegionConfiguration.maxWalArchiveSize instead DataRegionConfiguration.walHistorySize would be used for removing old archive wal files
[11:27:57,110][INFO][main][GridCacheDatabaseSharedManager] Configured data regions initialized successfully [total=4]
[11:27:57,126][INFO][main][PartitionsEvictManager] Evict partition permits=2
[11:27:57,153][WARNING][main][IgniteH2Indexing] Serialization of Java objects in H2 was enabled.
[11:27:57,311][INFO][main][ClientListenerProcessor] Client connector processor has started on TCP port 10800
[11:27:57,364][INFO][main][GridTcpRestProtocol] Command protocol successfully started [name=TCP binary, host=0.0.0.0/0.0.0.0, port=11211]
[11:27:57,605][INFO][main][GridJettyRestProtocol] Command protocol successfully started [name=Jetty REST, host=/0.0.0.0, port=8080]
[11:27:58,292][INFO][main][IgniteKernal%ignite-1] Non-loopback local IPs: 10.2.141.220, fe80:0:0:0:184b:6931:a7b8:9651%wlan1, fe80:0:0:0:34fd:f4d4:268a:ebf%wlan3, fe80:0:0:0:59a3:a605:f128:4848%eth3, fe80:0:0:0:b534:8a27:2a4e:9fac%wlan2, fe80:0:0:0:e57f:6772:dab4:4453%eth2
[11:27:58,292][INFO][main][IgniteKernal%ignite-1] Enabled local MACs: 00FF6866207C, 00FFAABBCCDD, A0510B888100, A0510B8881FF, A2510B8881FF
[11:27:58,297][INFO][main][GridCacheDatabaseSharedManager] Read checkpoint status [startMarker=null, endMarker=null]
[11:27:58,302][INFO][main][PageMemoryImpl] Started page memory [memoryAllocated=100.0 MiB, pages=24808, tableSize=1.9 MiB, checkpointBuffer=100.0 MiB]
[11:27:58,304][INFO][main][GridCacheDatabaseSharedManager] Checking memory state [lastValidPos=FileWALPointer [idx=0, fileOff=0, len=0], lastMarked=FileWALPointer [idx=0, fileOff=0, len=0], lastCheckpointId=00000000-0000-0000-0000-000000000000]
[11:27:58,375][INFO][main][GridCacheDatabaseSharedManager] Applying lost cache updates since last checkpoint record [lastMarked=FileWALPointer [idx=0, fileOff=0, len=0], lastCheckpointId=00000000-0000-0000-0000-000000000000]
[11:27:58,413][INFO][main][GridCacheDatabaseSharedManager] Finished applying WAL changes [updatesApplied=0, time=32 ms]
[11:27:58,414][INFO][main][GridCacheProcessor] Restoring partition state for local groups.
[11:27:58,414][INFO][main][GridCacheProcessor] Finished restoring partition state for local groups [groupsProcessed=0, partitionsProcessed=0, time=0ms]
[11:27:58,448][INFO][main][FilePageStoreManager] Cleanup cache stores [total=1, left=0, cleanFiles=false]
[11:27:58,455][INFO][main][PageMemoryImpl] Started page memory [memoryAllocated=100.0 MiB, pages=24808, tableSize=1.9 MiB, checkpointBuffer=100.0 MiB]
[11:27:58,455][INFO][main][PageMemoryImpl] Started page memory [memoryAllocated=100.0 MiB, pages=24808, tableSize=1.9 MiB, checkpointBuffer=100.0 MiB]
[11:27:58,457][INFO][main][PageMemoryImpl] Started page memory [memoryAllocated=100.0 MiB, pages=24808, tableSize=1.9 MiB, checkpointBuffer=100.0 MiB]
[11:27:58,463][INFO][main][GridCacheDatabaseSharedManager] Configured data regions started successfully [total=4]
[11:27:58,464][INFO][main][GridCacheDatabaseSharedManager] Starting binary memory restore for: [-2100569601]
[11:27:58,483][INFO][main][GridCacheDatabaseSharedManager] Read checkpoint status [startMarker=null, endMarker=null]
[11:27:58,483][INFO][main][GridCacheDatabaseSharedManager] Checking memory state [lastValidPos=FileWALPointer [idx=0, fileOff=0, len=0], lastMarked=FileWALPointer [idx=0, fileOff=0, len=0], lastCheckpointId=00000000-0000-0000-0000-000000000000]
[11:27:58,523][INFO][main][GridCacheDatabaseSharedManager] Binary memory state restored at node startup [restoredPtr=FileWALPointer [idx=0, fileOff=43469, len=0]]
[11:27:58,524][INFO][main][FileWriteAheadLogManager] Resuming logging to WAL segment [file=D:\work\workspace\demo\demo-ignite\ignite\db\wal\node00-6830b59d-be53-4670-b9b0-ad9c6eaec370\0000000000000000.wal, offset=43469, ver=2]
[11:27:58,628][INFO][main][GridCacheProcessor] Started cache in recovery mode [name=ignite-sys-cache, id=-2100569601, dataRegionName=sysMemPlc, mode=REPLICATED, atomicity=TRANSACTIONAL, backups=2147483647, mvcc=false]
[11:27:58,632][INFO][main][GridCacheDatabaseSharedManager] Binary recovery performed in 168 ms.
[11:27:58,632][INFO][main][GridCacheDatabaseSharedManager] Read checkpoint status [startMarker=null, endMarker=null]
[11:27:58,632][INFO][main][GridCacheDatabaseSharedManager] Applying lost cache updates since last checkpoint record [lastMarked=FileWALPointer [idx=0, fileOff=0, len=0], lastCheckpointId=00000000-0000-0000-0000-000000000000]
[11:27:58,670][INFO][main][GridCacheDatabaseSharedManager] Finished applying WAL changes [updatesApplied=0, time=44 ms]
[11:27:58,670][INFO][main][GridCacheProcessor] Restoring partition state for local groups.
[11:27:58,678][INFO][main][GridCacheProcessor] Finished restoring partition state for local groups [groupsProcessed=1, partitionsProcessed=0, time=10ms]
[11:27:58,735][INFO][main][TcpDiscoverySpi] Connection check threshold is calculated: 10000
[11:28:19,443][INFO][disco-notifier-worker-#43%ignite-1%][MvccProcessorImpl] Assigned mvcc coordinator [crd=MvccCoordinator [topVer=AffinityTopologyVersion [topVer=1, minorTopVer=0], nodeId=d7623ecf-9cd2-4d4b-a0e9-9cb7b1690c9c, ver=1592450899427, local=true, initialized=false]]
[11:28:19,458][INFO][disco-notifier-worker-#43%ignite-1%][DistributedBaselineConfiguration] Baseline parameter 'baselineAutoAdjustEnabled' was changed from 'null' to 'false'
[11:28:19,461][INFO][disco-notifier-worker-#43%ignite-1%][DistributedBaselineConfiguration] Baseline parameter 'baselineAutoAdjustTimeout' was changed from 'null' to '300000'
[11:28:19,462][INFO][disco-notifier-worker-#43%ignite-1%][IgniteH2Indexing] SQL parameter 'sql.disabledFunctions' was changed from 'null' to '[FILE_WRITE, CANCEL_SESSION, MEMORY_USED, CSVREAD, LINK_SCHEMA, MEMORY_FREE, FILE_READ, CSVWRITE, SESSION_ID, LOCK_MODE]'
[11:28:19,518][INFO][main][IgniteKernal%ignite-1] Performance suggestions for grid 'ignite-1' (fix if possible)
[11:28:19,518][INFO][main][IgniteKernal%ignite-1] To disable, set -DIGNITE_PERFORMANCE_SUGGESTIONS_DISABLED=true
[11:28:19,518][INFO][main][IgniteKernal%ignite-1]   ^-- Disable grid events (remove 'includeEventTypes' from configuration)
[11:28:19,518][INFO][main][IgniteKernal%ignite-1]   ^-- Enable G1 Garbage Collector (add '-XX:+UseG1GC' to JVM options)
[11:28:19,519][INFO][main][IgniteKernal%ignite-1]   ^-- Specify JVM heap max size (add '-Xmx<size>[g|G|m|M|k|K]' to JVM options)
[11:28:19,519][INFO][main][IgniteKernal%ignite-1]   ^-- Set max direct memory size if getting 'OOME: Direct buffer memory' (add '-XX:MaxDirectMemorySize=<size>[g|G|m|M|k|K]' to JVM options)
[11:28:19,519][INFO][main][IgniteKernal%ignite-1]   ^-- Disable processing of calls to System.gc() (add '-XX:+DisableExplicitGC' to JVM options)
[11:28:19,519][INFO][main][IgniteKernal%ignite-1] Refer to this page for more performance suggestions: https://apacheignite.readme.io/docs/jvm-and-system-tuning
[11:28:19,519][INFO][main][IgniteKernal%ignite-1] 
[11:28:19,519][INFO][main][IgniteKernal%ignite-1] To start Console Management & Monitoring run ignitevisorcmd.{sh|bat}
[11:28:19,520][INFO][main][IgniteKernal%ignite-1] Data Regions Configured:
[11:28:19,520][INFO][main][IgniteKernal%ignite-1]   ^-- default [initSize=256.0 MiB, maxSize=1.6 GiB, persistence=true, lazyMemoryAllocation=true]
[11:28:19,521][INFO][main][IgniteKernal%ignite-1] 

>>> +----------------------------------------------------------------------+
>>> Ignite ver. 2.8.1#20200521-sha1:864220966caa4157c4fee8a1bc85171623963604
>>> +----------------------------------------------------------------------+
>>> OS name: Windows 10 10.0 amd64
>>> CPU(s): 8
>>> Heap: 1.7GB
>>> VM name: 12932@DESKTOP-2JCJ7AL
>>> Ignite instance name: ignite-1
>>> Local node [ID=D7623ECF-9CD2-4D4B-A0E9-9CB7B1690C9C, order=1, clientMode=false]
>>> Local node addresses: [DESKTOP-2JCJ7AL.gome.inc/0:0:0:0:0:0:0:1, /10.2.141.220, /127.0.0.1]
>>> Local ports: TCP:8080 TCP:10800 TCP:11211 TCP:47100 UDP:47400 TCP:47500 

[11:28:19,521][INFO][main][IgniteKernal%ignite-1] >>> Ignite cluster is not active (limited functionality available). Use control.(sh|bat) script or IgniteCluster interface to activate.
[11:28:19,523][INFO][main][GridDiscoveryManager] Topology snapshot [ver=1, locNode=d7623ecf, servers=1, clients=0, state=INACTIVE, CPUs=8, offheap=1.6GB, heap=1.7GB]
[11:28:19,524][INFO][main][G] Node started : [stage="Configure system pool" (37 ms),stage="Start managers" (761 ms),stage="Configure binary metadata" (88 ms),stage="Start processors" (716 ms),stage="Init metastore" (803 ms),stage="Init and start regions" (15 ms),stage="Restore binary memory" (168 ms),stage="Restore logical state" (46 ms),stage="Finish recovery" (43 ms),stage="Join topology" (20719 ms),stage="Await transition" (11 ms),stage="Await exchange" (68 ms),stage="Total time" (23475 ms)]
[11:28:29,457][INFO][ignite-update-notifier-timer][GridUpdateNotifier] Your version is up to date.
[11:29:19,523][INFO][grid-timeout-worker-#23%ignite-1%][IgniteKernal%ignite-1] 
Metrics for local node (to disable set 'metricsLogFrequency' to 0)
    ^-- Node [id=d7623ecf, name=ignite-1, uptime=00:01:00.004]
    ^-- H/N/C [hosts=1, nodes=1, CPUs=8]
    ^-- CPU [cur=0%, avg=0.29%, GC=0%]
    ^-- PageMemory [pages=9]
    ^-- Heap [used=114MB, free=93.58%, comm=224MB]
    ^-- Off-heap [used=0MB, free=100%, comm=200MB]
    ^--   sysMemPlc region [used=0MB, free=99.98%, comm=100MB]
    ^--   default region [used=0MB, free=100%, comm=0MB]
    ^--   metastoreMemPlc region [used=0MB, free=99.98%, comm=0MB]
    ^--   TxLog region [used=0MB, free=100%, comm=100MB]
    ^-- Ignite persistence [used=0MB]
    ^--   sysMemPlc region [used=0MB]
    ^--   default region [used=0MB]
    ^--   metastoreMemPlc region [used=0MB]
    ^--   TxLog region [used=0MB]
    ^-- Outbound messages queue [size=0]
    ^-- Public thread pool [active=0, idle=0, qSize=0]
    ^-- System thread pool [active=0, idle=6, qSize=0]
[11:30:19,524][INFO][grid-timeout-worker-#23%ignite-1%][IgniteKernal%ignite-1] 
Metrics for local node (to disable set 'metricsLogFrequency' to 0)
    ^-- Node [id=d7623ecf, name=ignite-1, uptime=00:02:00.007]
    ^-- H/N/C [hosts=1, nodes=1, CPUs=8]
    ^-- CPU [cur=0%, avg=0.19%, GC=0%]
    ^-- PageMemory [pages=9]
    ^-- Heap [used=118MB, free=93.35%, comm=224MB]
    ^-- Off-heap [used=0MB, free=100%, comm=200MB]
    ^--   sysMemPlc region [used=0MB, free=99.98%, comm=100MB]
    ^--   default region [used=0MB, free=100%, comm=0MB]
    ^--   metastoreMemPlc region [used=0MB, free=99.98%, comm=0MB]
    ^--   TxLog region [used=0MB, free=100%, comm=100MB]
    ^-- Ignite persistence [used=0MB]
    ^--   sysMemPlc region [used=0MB]
    ^--   default region [used=0MB]
    ^--   metastoreMemPlc region [used=0MB]
    ^--   TxLog region [used=0MB]
    ^-- Outbound messages queue [size=0]
    ^-- Public thread pool [active=0, idle=0, qSize=0]
    ^-- System thread pool [active=0, idle=5, qSize=0]
