[11:07:21,302][WARNING][main][G] Consistent ID is not set, it is recommended to set consistent ID for production clusters (use IgniteConfiguration.setConsistentId property)
[11:07:21,454][INFO][main][IgniteKernal] 

>>>    __________  ________________  
>>>   /  _/ ___/ |/ /  _/_  __/ __/  
>>>  _/ // (7 7    // /  / / / _/    
>>> /___/\___/_/|_/___/ /_/ /___/   
>>> 
>>> ver. 2.8.1#20200521-sha1:86422096
>>> 2020 Copyright(C) Apache Software Foundation
>>> 
>>> Ignite documentation: http://ignite.apache.org

[11:07:21,463][INFO][main][IgniteKernal] Config URL: file:/D:/work/workspace/demo/demo-ignite/src/main/resources/example-ignite.xml
[11:07:21,477][INFO][main][IgniteKernal] IgniteConfiguration [igniteInstanceName=null, pubPoolSize=8, svcPoolSize=8, callbackPoolSize=8, stripedPoolSize=8, sysPoolSize=8, mgmtPoolSize=4, igfsPoolSize=8, dataStreamerPoolSize=8, utilityCachePoolSize=8, utilityCacheKeepAliveTime=60000, p2pPoolSize=2, qryPoolSize=8, sqlQryHistSize=1000, dfltQryTimeout=0, igniteHome=D:\软件\apache-ignite-2.8.1-bin, igniteWorkDir=D:\work\workspace\demo\demo-ignite\ignite, mbeanSrv=com.sun.jmx.mbeanserver.JmxMBeanServer@3d8314f0, nodeId=b76336df-38c3-4ef7-bfc1-c273deddec61, marsh=BinaryMarshaller [], marshLocJobs=false, daemon=false, p2pEnabled=true, netTimeout=5000, netCompressionLevel=1, sndRetryDelay=1000, sndRetryCnt=3, metricsHistSize=10000, metricsUpdateFreq=2000, metricsExpTime=9223372036854775807, discoSpi=TcpDiscoverySpi [addrRslvr=null, sockTimeout=0, ackTimeout=0, marsh=null, reconCnt=10, reconDelay=2000, maxAckTimeout=600000, soLinger=5, forceSrvMode=false, clientReconnectDisabled=false, internalLsnr=null, skipAddrsRandomization=false], segPlc=STOP, segResolveAttempts=2, waitForSegOnStart=true, allResolversPassReq=true, segChkFreq=10000, commSpi=TcpCommunicationSpi [connectGate=null, connPlc=org.apache.ignite.spi.communication.tcp.TcpCommunicationSpi$FirstConnectionPolicy@69453e37, chConnPlc=null, enableForcibleNodeKill=false, enableTroubleshootingLog=false, locAddr=null, locHost=null, locPort=47100, locPortRange=100, shmemPort=-1, directBuf=true, directSndBuf=false, idleConnTimeout=600000, connTimeout=5000, maxConnTimeout=600000, reconCnt=10, sockSndBuf=32768, sockRcvBuf=32768, msgQueueLimit=0, slowClientQueueLimit=0, nioSrvr=null, shmemSrv=null, usePairedConnections=false, connectionsPerNode=1, tcpNoDelay=true, filterReachableAddresses=false, ackSndThreshold=32, unackedMsgsBufSize=0, sockWriteTimeout=2000, boundTcpPort=-1, boundTcpShmemPort=-1, selectorsCnt=4, selectorSpins=0, addrRslvr=null, ctxInitLatch=java.util.concurrent.CountDownLatch@6f4a47c7[Count = 1], stopping=false, metricsLsnr=null], evtSpi=org.apache.ignite.spi.eventstorage.NoopEventStorageSpi@ae13544, colSpi=NoopCollisionSpi [], deploySpi=LocalDeploymentSpi [], indexingSpi=org.apache.ignite.spi.indexing.noop.NoopIndexingSpi@2de23121, addrRslvr=null, encryptionSpi=org.apache.ignite.spi.encryption.noop.NoopEncryptionSpi@63475ace, clientMode=false, rebalanceThreadPoolSize=4, rebalanceTimeout=10000, rebalanceBatchesPrefetchCnt=3, rebalanceThrottle=0, rebalanceBatchSize=524288, txCfg=TransactionConfiguration [txSerEnabled=false, dfltIsolation=REPEATABLE_READ, dfltConcurrency=PESSIMISTIC, dfltTxTimeout=0, txTimeoutOnPartitionMapExchange=0, deadlockTimeout=10000, pessimisticTxLogSize=0, pessimisticTxLogLinger=10000, tmLookupClsName=null, txManagerFactory=null, useJtaSync=false], cacheSanityCheckEnabled=true, discoStartupDelay=60000, deployMode=SHARED, p2pMissedCacheSize=100, locHost=null, timeSrvPortBase=31100, timeSrvPortRange=100, failureDetectionTimeout=10000, sysWorkerBlockedTimeout=null, clientFailureDetectionTimeout=30000, metricsLogFreq=60000, hadoopCfg=null, connectorCfg=ConnectorConfiguration [jettyPath=null, host=null, port=11211, noDelay=true, directBuf=false, sndBufSize=32768, rcvBufSize=32768, idleQryCurTimeout=600000, idleQryCurCheckFreq=60000, sndQueueLimit=0, selectorCnt=4, idleTimeout=7000, sslEnabled=false, sslClientAuth=false, sslCtxFactory=null, sslFactory=null, portRange=100, threadPoolSize=8, msgInterceptor=null], odbcCfg=null, warmupClos=null, atomicCfg=AtomicConfiguration [seqReserveSize=1000, cacheMode=PARTITIONED, backups=1, aff=null, grpName=null], classLdr=null, sslCtxFactory=null, platformCfg=null, binaryCfg=null, memCfg=null, pstCfg=null, dsCfg=DataStorageConfiguration [sysRegionInitSize=41943040, sysRegionMaxSize=104857600, pageSize=0, concLvl=0, dfltDataRegConf=DataRegionConfiguration [name=default, maxSize=1685635891, initSize=268435456, swapPath=null, pageEvictionMode=DISABLED, evictionThreshold=0.9, emptyPagesPoolSize=100, metricsEnabled=false, metricsSubIntervalCount=5, metricsRateTimeInterval=60000, persistenceEnabled=true, checkpointPageBufSize=0, lazyMemoryAllocation=true], dataRegions=null, storagePath=null, checkpointFreq=180000, lockWaitTime=10000, checkpointThreads=4, checkpointWriteOrder=SEQUENTIAL, walHistSize=20, maxWalArchiveSize=1073741824, walSegments=10, walSegmentSize=67108864, walPath=db/wal, walArchivePath=db/wal/archive, metricsEnabled=false, walMode=LOG_ONLY, walTlbSize=131072, walBuffSize=0, walFlushFreq=2000, walFsyncDelay=1000, walRecordIterBuffSize=67108864, alwaysWriteFullPages=false, fileIOFactory=org.apache.ignite.internal.processors.cache.persistence.file.AsyncFileIOFactory@1190200a, metricsSubIntervalCnt=5, metricsRateTimeInterval=60000, walAutoArchiveAfterInactivity=-1, writeThrottlingEnabled=false, walCompactionEnabled=false, walCompactionLevel=1, checkpointReadLockTimeout=null, walPageCompression=DISABLED, walPageCompressionLevel=null], activeOnStart=true, autoActivation=true, longQryWarnTimeout=3000, sqlConnCfg=null, cliConnCfg=ClientConnectorConfiguration [host=null, port=10800, portRange=100, sockSndBufSize=0, sockRcvBufSize=0, tcpNoDelay=true, maxOpenCursorsPerConn=128, threadPoolSize=8, idleTimeout=0, handshakeTimeout=10000, jdbcEnabled=true, odbcEnabled=true, thinCliEnabled=true, sslEnabled=false, useIgniteSslCtxFactory=true, sslClientAuth=false, sslCtxFactory=null, thinCliCfg=ThinClientConfiguration [maxActiveTxPerConn=100]], mvccVacuumThreadCnt=2, mvccVacuumFreq=5000, authEnabled=false, failureHnd=null, commFailureRslvr=null]
[11:07:21,478][INFO][main][IgniteKernal] Daemon mode: off
[11:07:21,478][INFO][main][IgniteKernal] OS: Windows 10 10.0 amd64
[11:07:21,478][INFO][main][IgniteKernal] OS user: 86156
[11:07:21,485][INFO][main][IgniteKernal] PID: 9260
[11:07:21,486][INFO][main][IgniteKernal] Language runtime: Java Platform API Specification ver. 1.8
[11:07:21,486][INFO][main][IgniteKernal] VM information: Java(TM) SE Runtime Environment 1.8.0_251-b08 Oracle Corporation Java HotSpot(TM) 64-Bit Server VM 25.251-b08
[11:07:21,487][INFO][main][IgniteKernal] VM total memory: 1.7GB
[11:07:21,487][INFO][main][IgniteKernal] Remote Management [restart: off, REST: on, JMX (remote: off)]
[11:07:21,487][INFO][main][IgniteKernal] Logger: JavaLogger [quiet=true, config=null]
[11:07:21,487][INFO][main][IgniteKernal] IGNITE_HOME=D:\软件\apache-ignite-2.8.1-bin
[11:07:21,487][INFO][main][IgniteKernal] VM arguments: [-javaagent:C:\Program Files\JetBrains\IntelliJ IDEA 2020.1\lib\idea_rt.jar=62528:C:\Program Files\JetBrains\IntelliJ IDEA 2020.1\bin, -Dfile.encoding=UTF-8]
[11:07:21,488][INFO][main][IgniteKernal] System cache's DataRegion size is configured to 40 MB. Use DataStorageConfiguration.systemRegionInitialSize property to change the setting.
[11:07:21,488][INFO][main][IgniteKernal] Configured caches [in 'sysMemPlc' dataRegion: ['ignite-sys-cache']]
[11:07:21,488][WARNING][main][IgniteKernal] Peer class loading is enabled (disable it in production for performance and deployment consistency reasons)
[11:07:21,488][WARNING][main][IgniteKernal] Please set system property '-Djava.net.preferIPv4Stack=true' to avoid possible problems in mixed environments.
[11:07:21,491][WARNING][pub-#19][GridDiagnostic] This operating system has been tested less rigorously: Windows 10 10.0 amd64. Our team will appreciate the feedback if you experience any problems running ignite in this environment.
[11:07:21,492][INFO][main][IgniteKernal] 3-rd party licenses can be found at: D:\软件\apache-ignite-2.8.1-bin\libs\licenses
[11:07:21,494][WARNING][pub-#22][GridDiagnostic] Initial heap size is 126MB (should be no less than 512MB, use -Xms512m -Xmx512m).
[11:07:21,593][INFO][main][IgnitePluginProcessor] Configured plugins:
[11:07:21,593][INFO][main][IgnitePluginProcessor]   ^-- None
[11:07:21,593][INFO][main][IgnitePluginProcessor] 
[11:07:21,597][INFO][main][FailureProcessor] Configured failure handler: [hnd=StopNodeOrHaltFailureHandler [tryStop=false, timeout=0, super=AbstractFailureHandler [ignoredFailureTypes=UnmodifiableSet [SYSTEM_WORKER_BLOCKED, SYSTEM_CRITICAL_OPERATION_TIMEOUT]]]]
[11:07:21,884][INFO][main][TcpCommunicationSpi] Successfully bound communication NIO server to TCP port [port=47101, locHost=0.0.0.0/0.0.0.0, selectorsCnt=4, selectorSpins=0, pairedConn=false]
[11:07:22,152][WARNING][main][TcpCommunicationSpi] Message queue limit is set to 0 which may lead to potential OOMEs when running cache operations in FULL_ASYNC or PRIMARY_SYNC modes due to message queues growth on sender and receiver sides.
[11:07:22,162][WARNING][main][NoopCheckpointSpi] Checkpoints are disabled (to enable configure any GridCheckpointSpi implementation)
[11:07:22,187][WARNING][main][GridCollisionManager] Collision resolution is disabled (all jobs will be activated upon arrival).
[11:07:22,190][INFO][main][IgniteKernal] Security status [authentication=off, tls/ssl=off]
[11:07:22,227][INFO][main][TcpDiscoverySpi] Successfully bound to TCP port [port=47501, localHost=0.0.0.0/0.0.0.0, locNodeId=b76336df-38c3-4ef7-bfc1-c273deddec61]
[11:07:23,235][INFO][main][PdsFoldersResolver] Unable to acquire lock to file [D:\work\workspace\demo\demo-ignite\ignite\db\node00-6830b59d-be53-4670-b9b0-ad9c6eaec370], reason: Failed to acquire file lock [holder=[af4a4499-e1f8-42b3-8574-498e3d4d4fe5][], time=1 sec, path=D:\work\workspace\demo\demo-ignite\ignite\db\node00-6830b59d-be53-4670-b9b0-ad9c6eaec370\lock]
[11:07:23,251][INFO][main][PdsFoldersResolver] Successfully created new persistent storage folder [D:\work\workspace\demo\demo-ignite\ignite\db\node01-35c3f077-8437-41fe-a829-b61d47f639ce]
[11:07:23,251][INFO][main][PdsFoldersResolver] Consistent ID used for local node is [35c3f077-8437-41fe-a829-b61d47f639ce] according to persistence data storage folders
[11:07:23,252][INFO][main][CacheObjectBinaryProcessorImpl] Resolved directory for serialized binary metadata: D:\work\workspace\demo\demo-ignite\ignite\binary_meta\node01-35c3f077-8437-41fe-a829-b61d47f639ce
[11:07:23,419][INFO][main][FilePageStoreManager] Resolved page store work directory: D:\work\workspace\demo\demo-ignite\ignite\db\node01-35c3f077-8437-41fe-a829-b61d47f639ce
[11:07:23,420][INFO][main][FileWriteAheadLogManager] Resolved write ahead log work directory: D:\work\workspace\demo\demo-ignite\ignite\db\wal\node01-35c3f077-8437-41fe-a829-b61d47f639ce
[11:07:23,421][INFO][main][FileWriteAheadLogManager] Resolved write ahead log archive directory: D:\work\workspace\demo\demo-ignite\ignite\db\wal\archive\node01-35c3f077-8437-41fe-a829-b61d47f639ce
[11:07:23,512][INFO][main][FileWriteAheadLogManager] Reached logical end of the segment for file D:\work\workspace\demo\demo-ignite\ignite\db\wal\node01-35c3f077-8437-41fe-a829-b61d47f639ce\0000000000000000.wal
[11:07:23,514][INFO][main][FileHandleManagerImpl] Initialized write-ahead log manager [mode=LOG_ONLY]
[11:07:23,518][WARNING][main][GridCacheDatabaseSharedManager] DataRegionConfiguration.maxWalArchiveSize instead DataRegionConfiguration.walHistorySize would be used for removing old archive wal files
[11:07:23,533][INFO][main][GridCacheDatabaseSharedManager] Configured data regions initialized successfully [total=4]
[11:07:23,551][INFO][main][PartitionsEvictManager] Evict partition permits=2
[11:07:23,578][WARNING][main][IgniteH2Indexing] Serialization of Java objects in H2 was enabled.
[11:07:23,735][INFO][main][ClientListenerProcessor] Client connector processor has started on TCP port 10801
[11:07:23,788][INFO][main][GridTcpRestProtocol] Command protocol successfully started [name=TCP binary, host=0.0.0.0/0.0.0.0, port=11212]
[11:07:24,031][INFO][main][GridJettyRestProtocol] Command protocol successfully started [name=Jetty REST, host=/0.0.0.0, port=8081]
[11:07:24,716][INFO][main][IgniteKernal] Non-loopback local IPs: 10.2.141.220, fe80:0:0:0:184b:6931:a7b8:9651%wlan1, fe80:0:0:0:34fd:f4d4:268a:ebf%wlan3, fe80:0:0:0:59a3:a605:f128:4848%eth3, fe80:0:0:0:b534:8a27:2a4e:9fac%wlan2, fe80:0:0:0:e57f:6772:dab4:4453%eth2
[11:07:24,716][INFO][main][IgniteKernal] Enabled local MACs: 00FF6866207C, 00FFAABBCCDD, A0510B888100, A0510B8881FF, A2510B8881FF
[11:07:24,720][INFO][main][GridCacheDatabaseSharedManager] Read checkpoint status [startMarker=null, endMarker=null]
[11:07:24,726][INFO][main][PageMemoryImpl] Started page memory [memoryAllocated=100.0 MiB, pages=24808, tableSize=1.9 MiB, checkpointBuffer=100.0 MiB]
[11:07:24,728][INFO][main][GridCacheDatabaseSharedManager] Checking memory state [lastValidPos=FileWALPointer [idx=0, fileOff=0, len=0], lastMarked=FileWALPointer [idx=0, fileOff=0, len=0], lastCheckpointId=00000000-0000-0000-0000-000000000000]
[11:07:24,759][INFO][main][GridCacheDatabaseSharedManager] Applying lost cache updates since last checkpoint record [lastMarked=FileWALPointer [idx=0, fileOff=0, len=0], lastCheckpointId=00000000-0000-0000-0000-000000000000]
[11:07:24,761][INFO][main][GridCacheDatabaseSharedManager] Finished applying WAL changes [updatesApplied=0, time=0 ms]
[11:07:24,761][INFO][main][GridCacheProcessor] Restoring partition state for local groups.
[11:07:24,761][INFO][main][GridCacheProcessor] Finished restoring partition state for local groups [groupsProcessed=0, partitionsProcessed=0, time=0ms]
[11:07:24,799][INFO][main][FilePageStoreManager] Cleanup cache stores [total=1, left=0, cleanFiles=false]
[11:07:24,807][INFO][main][PageMemoryImpl] Started page memory [memoryAllocated=100.0 MiB, pages=24808, tableSize=1.9 MiB, checkpointBuffer=100.0 MiB]
[11:07:24,807][INFO][main][PageMemoryImpl] Started page memory [memoryAllocated=100.0 MiB, pages=24808, tableSize=1.9 MiB, checkpointBuffer=100.0 MiB]
[11:07:24,808][INFO][main][PageMemoryImpl] Started page memory [memoryAllocated=100.0 MiB, pages=24808, tableSize=1.9 MiB, checkpointBuffer=100.0 MiB]
[11:07:24,815][INFO][main][GridCacheDatabaseSharedManager] Configured data regions started successfully [total=4]
[11:07:24,816][INFO][main][GridCacheDatabaseSharedManager] Starting binary memory restore for: [-2100569601]
[11:07:24,835][INFO][main][GridCacheDatabaseSharedManager] Read checkpoint status [startMarker=null, endMarker=null]
[11:07:24,835][INFO][main][GridCacheDatabaseSharedManager] Checking memory state [lastValidPos=FileWALPointer [idx=0, fileOff=0, len=0], lastMarked=FileWALPointer [idx=0, fileOff=0, len=0], lastCheckpointId=00000000-0000-0000-0000-000000000000]
[11:07:24,838][INFO][main][FileWriteAheadLogManager] Resuming logging to WAL segment [file=D:\work\workspace\demo\demo-ignite\ignite\db\wal\node01-35c3f077-8437-41fe-a829-b61d47f639ce\0000000000000000.wal, offset=0, ver=2]
[11:07:24,960][INFO][main][GridCacheProcessor] Started cache in recovery mode [name=ignite-sys-cache, id=-2100569601, dataRegionName=sysMemPlc, mode=REPLICATED, atomicity=TRANSACTIONAL, backups=2147483647, mvcc=false]
[11:07:24,964][INFO][main][GridCacheDatabaseSharedManager] Binary recovery performed in 148 ms.
[11:07:24,965][INFO][main][GridCacheDatabaseSharedManager] Read checkpoint status [startMarker=null, endMarker=null]
[11:07:24,965][INFO][main][GridCacheDatabaseSharedManager] Applying lost cache updates since last checkpoint record [lastMarked=FileWALPointer [idx=0, fileOff=0, len=0], lastCheckpointId=00000000-0000-0000-0000-000000000000]
[11:07:25,006][INFO][main][GridCacheDatabaseSharedManager] Finished applying WAL changes [updatesApplied=0, time=44 ms]
[11:07:25,006][INFO][main][GridCacheProcessor] Restoring partition state for local groups.
[11:07:25,016][INFO][main][GridCacheProcessor] Finished restoring partition state for local groups [groupsProcessed=1, partitionsProcessed=0, time=11ms]
[11:07:25,077][INFO][main][TcpDiscoverySpi] Connection check threshold is calculated: 10000
[11:07:25,081][INFO][tcp-disco-srvr-[:47501]-#3][TcpDiscoverySpi] TCP discovery accepted incoming connection [rmtAddr=/127.0.0.1, rmtPort=62550]
[11:07:25,089][INFO][tcp-disco-srvr-[:47501]-#3][TcpDiscoverySpi] TCP discovery spawning a new thread for connection [rmtAddr=/127.0.0.1, rmtPort=62550]
[11:07:25,090][INFO][tcp-disco-sock-reader-[]-#5][TcpDiscoverySpi] Started serving remote node connection [rmtAddr=/127.0.0.1:62550, rmtPort=62550]
[11:07:25,092][INFO][tcp-disco-sock-reader-[]-#5][TcpDiscoverySpi] Received ping request from the remote node [rmtNodeId=af4a4499-e1f8-42b3-8574-498e3d4d4fe5, rmtAddr=/127.0.0.1:62550, rmtPort=62550]
[11:07:25,094][INFO][tcp-disco-sock-reader-[]-#5][TcpDiscoverySpi] Finished writing ping response [rmtNodeId=af4a4499-e1f8-42b3-8574-498e3d4d4fe5, rmtAddr=/127.0.0.1:62550, rmtPort=62550]
[11:07:25,094][INFO][tcp-disco-sock-reader-[]-#5][TcpDiscoverySpi] Finished serving remote node connection [rmtAddr=/127.0.0.1:62550, rmtPort=62550
[11:07:27,640][INFO][tcp-disco-srvr-[:47501]-#3][TcpDiscoverySpi] TCP discovery accepted incoming connection [rmtAddr=/10.2.141.220, rmtPort=62588]
[11:07:27,640][INFO][tcp-disco-srvr-[:47501]-#3][TcpDiscoverySpi] TCP discovery spawning a new thread for connection [rmtAddr=/10.2.141.220, rmtPort=62588]
[11:07:27,640][INFO][tcp-disco-sock-reader-[]-#6][TcpDiscoverySpi] Started serving remote node connection [rmtAddr=/10.2.141.220:62588, rmtPort=62588]
[11:07:27,641][INFO][tcp-disco-sock-reader-[]-#6][TcpDiscoverySpi] Received ping request from the remote node [rmtNodeId=af4a4499-e1f8-42b3-8574-498e3d4d4fe5, rmtAddr=/10.2.141.220:62588, rmtPort=62588]
[11:07:27,641][INFO][tcp-disco-sock-reader-[]-#6][TcpDiscoverySpi] Finished writing ping response [rmtNodeId=af4a4499-e1f8-42b3-8574-498e3d4d4fe5, rmtAddr=/10.2.141.220:62588, rmtPort=62588]
[11:07:27,641][INFO][tcp-disco-sock-reader-[]-#6][TcpDiscoverySpi] Finished serving remote node connection [rmtAddr=/10.2.141.220:62588, rmtPort=62588
[11:07:27,683][INFO][tcp-disco-srvr-[:47501]-#3][TcpDiscoverySpi] TCP discovery accepted incoming connection [rmtAddr=/0:0:0:0:0:0:0:1, rmtPort=62589]
[11:07:27,684][INFO][tcp-disco-srvr-[:47501]-#3][TcpDiscoverySpi] TCP discovery spawning a new thread for connection [rmtAddr=/0:0:0:0:0:0:0:1, rmtPort=62589]
[11:07:27,684][INFO][tcp-disco-sock-reader-[]-#7][TcpDiscoverySpi] Started serving remote node connection [rmtAddr=/0:0:0:0:0:0:0:1:62589, rmtPort=62589]
[11:07:27,685][INFO][tcp-disco-sock-reader-[af4a4499 0:0:0:0:0:0:0:1:62589]-#7][TcpDiscoverySpi] Initialized connection with remote server node [nodeId=af4a4499-e1f8-42b3-8574-498e3d4d4fe5, rmtAddr=/0:0:0:0:0:0:0:1:62589]
[11:07:27,702][INFO][tcp-disco-msg-worker-[]-#2][TcpDiscoverySpi] New next node [newNext=TcpDiscoveryNode [id=af4a4499-e1f8-42b3-8574-498e3d4d4fe5, consistentId=6830b59d-be53-4670-b9b0-ad9c6eaec370, addrs=ArrayList [0:0:0:0:0:0:0:1, 10.2.141.220, 127.0.0.1], sockAddrs=HashSet [/0:0:0:0:0:0:0:1:47500, /127.0.0.1:47500, DESKTOP-2JCJ7AL.gome.inc/10.2.141.220:47500], discPort=47500, order=1, intOrder=1, lastExchangeTime=1592449647684, loc=false, ver=2.8.1#20200521-sha1:86422096, isClient=false]]
[11:07:27,725][INFO][tcp-disco-msg-worker-[af4a4499 0:0:0:0:0:0:0:1:47500]-#2][DistributedBaselineConfiguration] Baseline parameter 'baselineAutoAdjustEnabled' was changed from 'null' to 'false'
[11:07:27,726][INFO][tcp-disco-msg-worker-[af4a4499 0:0:0:0:0:0:0:1:47500]-#2][DistributedBaselineConfiguration] Baseline parameter 'baselineAutoAdjustTimeout' was changed from 'null' to '300000'
[11:07:27,726][INFO][tcp-disco-msg-worker-[af4a4499 0:0:0:0:0:0:0:1:47500]-#2][IgniteH2Indexing] SQL parameter 'sql.disabledFunctions' was changed from 'null' to '[FILE_WRITE, CANCEL_SESSION, MEMORY_USED, CSVREAD, LINK_SCHEMA, MEMORY_FREE, FILE_READ, CSVWRITE, SESSION_ID, LOCK_MODE]'
[11:07:27,731][WARNING][main][IgniteKernal] Nodes started on local machine require more than 80% of physical RAM what can lead to significant slowdown due to swapping (please decrease JVM heap size, data region size or checkpoint buffer size) [required=7792MB, available=8037MB]
[11:07:27,731][INFO][disco-notifier-worker-#43][MvccProcessorImpl] Assigned mvcc coordinator [crd=MvccCoordinator [topVer=AffinityTopologyVersion [topVer=2, minorTopVer=0], nodeId=af4a4499-e1f8-42b3-8574-498e3d4d4fe5, ver=1592449580827, local=false, initialized=false]]
[11:07:27,804][INFO][main][IgniteKernal] Performance suggestions for grid  (fix if possible)
[11:07:27,804][INFO][main][IgniteKernal] To disable, set -DIGNITE_PERFORMANCE_SUGGESTIONS_DISABLED=true
[11:07:27,804][INFO][main][IgniteKernal]   ^-- Disable grid events (remove 'includeEventTypes' from configuration)
[11:07:27,804][INFO][main][IgniteKernal]   ^-- Enable G1 Garbage Collector (add '-XX:+UseG1GC' to JVM options)
[11:07:27,804][INFO][main][IgniteKernal]   ^-- Specify JVM heap max size (add '-Xmx<size>[g|G|m|M|k|K]' to JVM options)
[11:07:27,804][INFO][main][IgniteKernal]   ^-- Set max direct memory size if getting 'OOME: Direct buffer memory' (add '-XX:MaxDirectMemorySize=<size>[g|G|m|M|k|K]' to JVM options)
[11:07:27,804][INFO][main][IgniteKernal]   ^-- Disable processing of calls to System.gc() (add '-XX:+DisableExplicitGC' to JVM options)
[11:07:27,804][INFO][main][IgniteKernal] Refer to this page for more performance suggestions: https://apacheignite.readme.io/docs/jvm-and-system-tuning
[11:07:27,806][INFO][main][IgniteKernal] 
[11:07:27,806][INFO][main][IgniteKernal] To start Console Management & Monitoring run ignitevisorcmd.{sh|bat}
[11:07:27,806][INFO][main][IgniteKernal] Data Regions Configured:
[11:07:27,806][INFO][main][IgniteKernal]   ^-- default [initSize=256.0 MiB, maxSize=1.6 GiB, persistence=true, lazyMemoryAllocation=true]
[11:07:27,807][INFO][main][IgniteKernal] 

>>> +----------------------------------------------------------------------+
>>> Ignite ver. 2.8.1#20200521-sha1:864220966caa4157c4fee8a1bc85171623963604
>>> +----------------------------------------------------------------------+
>>> OS name: Windows 10 10.0 amd64
>>> CPU(s): 8
>>> Heap: 1.7GB
>>> VM name: 9260@DESKTOP-2JCJ7AL
>>> Local node [ID=B76336DF-38C3-4EF7-BFC1-C273DEDDEC61, order=2, clientMode=false]
>>> Local node addresses: [DESKTOP-2JCJ7AL.gome.inc/0:0:0:0:0:0:0:1, /10.2.141.220, /127.0.0.1]
>>> Local ports: TCP:8081 TCP:10801 TCP:11212 TCP:47101 UDP:47400 TCP:47501 

[11:07:27,807][INFO][main][IgniteKernal] >>> Ignite cluster is not active (limited functionality available). Use control.(sh|bat) script or IgniteCluster interface to activate.
[11:07:27,808][INFO][main][GridDiscoveryManager] Topology snapshot [ver=2, locNode=b76336df, servers=2, clients=0, state=INACTIVE, CPUs=8, offheap=3.1GB, heap=3.5GB]
[11:07:27,809][INFO][main][G] Node started : [stage="Configure system pool" (57 ms),stage="Start managers" (759 ms),stage="Configure binary metadata" (1087 ms),stage="Start processors" (774 ms),stage="Init metastore" (728 ms),stage="Init and start regions" (15 ms),stage="Restore binary memory" (149 ms),stage="Restore logical state" (51 ms),stage="Finish recovery" (48 ms),stage="Join topology" (2665 ms),stage="Await transition" (7 ms),stage="Await exchange" (71 ms),stage="Total time" (6411 ms)]
[11:07:37,742][INFO][ignite-update-notifier-timer][GridUpdateNotifier] Your version is up to date.
[11:08:08,981][INFO][tcp-disco-msg-worker-[af4a4499 0:0:0:0:0:0:0:1:47500]-#2][TcpDiscoverySpi] New next node [newNext=TcpDiscoveryNode [id=0728b8c8-c4f4-49a6-a8f4-2751c5efd87f, consistentId=62ff049e-8cf8-4ab6-9249-29027b8e3d4a, addrs=ArrayList [0:0:0:0:0:0:0:1, 10.2.141.220, 127.0.0.1], sockAddrs=HashSet [DESKTOP-2JCJ7AL.gome.inc/10.2.141.220:47502, /0:0:0:0:0:0:0:1:47502, /127.0.0.1:47502], discPort=47502, order=0, intOrder=3, lastExchangeTime=1592449688970, loc=false, ver=2.8.1#20200521-sha1:86422096, isClient=false]]
[11:08:09,003][INFO][disco-event-worker-#44][GridDiscoveryManager] Added new node to topology: TcpDiscoveryNode [id=0728b8c8-c4f4-49a6-a8f4-2751c5efd87f, consistentId=62ff049e-8cf8-4ab6-9249-29027b8e3d4a, addrs=ArrayList [0:0:0:0:0:0:0:1, 10.2.141.220, 127.0.0.1], sockAddrs=HashSet [DESKTOP-2JCJ7AL.gome.inc/10.2.141.220:47502, /0:0:0:0:0:0:0:1:47502, /127.0.0.1:47502], discPort=47502, order=3, intOrder=3, lastExchangeTime=1592449688970, loc=false, ver=2.8.1#20200521-sha1:86422096, isClient=false]
[11:08:09,004][INFO][disco-event-worker-#44][GridDiscoveryManager] Topology snapshot [ver=3, locNode=b76336df, servers=3, clients=0, state=INACTIVE, CPUs=8, offheap=4.7GB, heap=5.2GB]
[11:08:27,814][INFO][grid-timeout-worker-#23][IgniteKernal] 
Metrics for local node (to disable set 'metricsLogFrequency' to 0)
    ^-- Node [id=b76336df, uptime=00:01:00.003]
    ^-- H/N/C [hosts=1, nodes=3, CPUs=8]
    ^-- CPU [cur=0.33%, avg=0.36%, GC=0%]
    ^-- PageMemory [pages=9]
    ^-- Heap [used=127MB, free=92.88%, comm=221MB]
    ^-- Off-heap [used=0MB, free=100%, comm=200MB]
    ^--   sysMemPlc region [used=0MB, free=99.98%, comm=100MB]
    ^--   default region [used=0MB, free=100%, comm=0MB]
    ^--   metastoreMemPlc region [used=0MB, free=99.98%, comm=0MB]
    ^--   TxLog region [used=0MB, free=100%, comm=100MB]
    ^-- Ignite persistence [used=0MB]
    ^--   sysMemPlc region [used=0MB]
    ^--   default region [used=0MB]
    ^--   metastoreMemPlc region [used=0MB]
    ^--   TxLog region [used=0MB]
    ^-- Outbound messages queue [size=0]
    ^-- Public thread pool [active=0, idle=0, qSize=0]
    ^-- System thread pool [active=0, idle=6, qSize=0]
[11:09:27,818][INFO][grid-timeout-worker-#23][IgniteKernal] 
Metrics for local node (to disable set 'metricsLogFrequency' to 0)
    ^-- Node [id=b76336df, uptime=00:02:00.012]
    ^-- H/N/C [hosts=1, nodes=3, CPUs=8]
    ^-- CPU [cur=0.4%, avg=0.24%, GC=0%]
    ^-- PageMemory [pages=9]
    ^-- Heap [used=136MB, free=92.36%, comm=221MB]
    ^-- Off-heap [used=0MB, free=100%, comm=200MB]
    ^--   sysMemPlc region [used=0MB, free=99.98%, comm=100MB]
    ^--   default region [used=0MB, free=100%, comm=0MB]
    ^--   metastoreMemPlc region [used=0MB, free=99.98%, comm=0MB]
    ^--   TxLog region [used=0MB, free=100%, comm=100MB]
    ^-- Ignite persistence [used=0MB]
    ^--   sysMemPlc region [used=0MB]
    ^--   default region [used=0MB]
    ^--   metastoreMemPlc region [used=0MB]
    ^--   TxLog region [used=0MB]
    ^-- Outbound messages queue [size=0]
    ^-- Public thread pool [active=0, idle=0, qSize=0]
    ^-- System thread pool [active=0, idle=5, qSize=0]
[11:10:27,829][INFO][grid-timeout-worker-#23][IgniteKernal] 
Metrics for local node (to disable set 'metricsLogFrequency' to 0)
    ^-- Node [id=b76336df, uptime=00:03:00.016]
    ^-- H/N/C [hosts=1, nodes=3, CPUs=8]
    ^-- CPU [cur=0.07%, avg=0.19%, GC=0%]
    ^-- PageMemory [pages=9]
    ^-- Heap [used=144MB, free=91.94%, comm=221MB]
    ^-- Off-heap [used=0MB, free=100%, comm=200MB]
    ^--   sysMemPlc region [used=0MB, free=99.98%, comm=100MB]
    ^--   default region [used=0MB, free=100%, comm=0MB]
    ^--   metastoreMemPlc region [used=0MB, free=99.98%, comm=0MB]
    ^--   TxLog region [used=0MB, free=100%, comm=100MB]
    ^-- Ignite persistence [used=0MB]
    ^--   sysMemPlc region [used=0MB]
    ^--   default region [used=0MB]
    ^--   metastoreMemPlc region [used=0MB]
    ^--   TxLog region [used=0MB]
    ^-- Outbound messages queue [size=0]
    ^-- Public thread pool [active=0, idle=0, qSize=0]
    ^-- System thread pool [active=0, idle=5, qSize=0]
[11:11:27,840][INFO][grid-timeout-worker-#23][IgniteKernal] 
Metrics for local node (to disable set 'metricsLogFrequency' to 0)
    ^-- Node [id=b76336df, uptime=00:04:00.036]
    ^-- H/N/C [hosts=1, nodes=3, CPUs=8]
    ^-- CPU [cur=0%, avg=0.22%, GC=0%]
    ^-- PageMemory [pages=9]
    ^-- Heap [used=50MB, free=97.18%, comm=300MB]
    ^-- Off-heap [used=0MB, free=100%, comm=200MB]
    ^--   sysMemPlc region [used=0MB, free=99.98%, comm=100MB]
    ^--   default region [used=0MB, free=100%, comm=0MB]
    ^--   metastoreMemPlc region [used=0MB, free=99.98%, comm=0MB]
    ^--   TxLog region [used=0MB, free=100%, comm=100MB]
    ^-- Ignite persistence [used=0MB]
    ^--   sysMemPlc region [used=0MB]
    ^--   default region [used=0MB]
    ^--   metastoreMemPlc region [used=0MB]
    ^--   TxLog region [used=0MB]
    ^-- Outbound messages queue [size=0]
    ^-- Public thread pool [active=0, idle=0, qSize=0]
    ^-- System thread pool [active=0, idle=6, qSize=0]
[11:12:27,850][INFO][grid-timeout-worker-#23][IgniteKernal] 
Metrics for local node (to disable set 'metricsLogFrequency' to 0)
    ^-- Node [id=b76336df, uptime=00:05:00.039]
    ^-- H/N/C [hosts=1, nodes=3, CPUs=8]
    ^-- CPU [cur=0.07%, avg=0.18%, GC=0%]
    ^-- PageMemory [pages=9]
    ^-- Heap [used=57MB, free=96.76%, comm=300MB]
    ^-- Off-heap [used=0MB, free=100%, comm=200MB]
    ^--   sysMemPlc region [used=0MB, free=99.98%, comm=100MB]
    ^--   default region [used=0MB, free=100%, comm=0MB]
    ^--   metastoreMemPlc region [used=0MB, free=99.98%, comm=0MB]
    ^--   TxLog region [used=0MB, free=100%, comm=100MB]
    ^-- Ignite persistence [used=0MB]
    ^--   sysMemPlc region [used=0MB]
    ^--   default region [used=0MB]
    ^--   metastoreMemPlc region [used=0MB]
    ^--   TxLog region [used=0MB]
    ^-- Outbound messages queue [size=0]
    ^-- Public thread pool [active=0, idle=0, qSize=0]
    ^-- System thread pool [active=0, idle=6, qSize=0]
